Log file open, 11/09/16 17:28:36
LogInit:Display: Running engine for game: ProjetManoir
LogPlatformFile: Not using cached read wrapper
LogInit:Display: RandInit(-1921359178) SRandInit(-1921359174).
LogTaskGraph: Started task graph with 4 named threads and 9 total threads with 1 sets of task threads.
LogStats: Stats thread started at 0.967284
LogInit: Version: 4.12.5-3039270+++UE4+Release-4.12
LogInit: API Version: 2992821
LogInit: Net Version: 3039270
LogDevObjectVersion: Number of dev versions registered: 13
LogDevObjectVersion:   Dev-Blueprints (B0D832E4-1F89-4F0D-ACCF-7EB736FD4AA2): 3
LogDevObjectVersion:   Dev-Build (E1C64328-A22C-4D53-A36C-8E866417BD8C): 0
LogDevObjectVersion:   Dev-Core (375EC13C-06E4-48FB-B500-84F0262A717E): 1
LogDevObjectVersion:   Dev-Editor (E4B068ED-F494-42E9-A231-DA0B2E46BB41): 2
LogDevObjectVersion:   Dev-Framework (CFFC743F-43B0-4480-9391-14DF171D2073): 6
LogDevObjectVersion:   Dev-Mobile (B02B49B5-BB20-44E9-A304-32B752E40360): 0
LogDevObjectVersion:   Dev-Networking (A4E4105C-59A1-49B5-A7C5-40C4547EDFEE): 0
LogDevObjectVersion:   Dev-Online (39C831C9-5AE6-47DC-9A44-9C173E1C8E7C): 0
LogDevObjectVersion:   Dev-Physics (78F01B33-EBEA-4F98-B9B4-84EACCB95AA2): 0
LogDevObjectVersion:   Dev-Platform (6631380F-2D4D-43E0-8009-CF276956A95A): 0
LogDevObjectVersion:   Dev-Rendering (12F88B9F-8875-4AFC-A67C-D90C383ABD29): 2
LogDevObjectVersion:   Dev-Sequencer (7B5AE74C-D270-4C10-A958-57980B212A5A): 0
LogDevObjectVersion:   Dev-VR (D7296918-1DD6-4BDD-9DE2-64A83CC13884): 0
LogInit: Compiled (64-bit): Jul  6 2016 09:09:46
LogInit: Compiled with Visual C++: 19.00.23026.00
LogInit: Build Configuration: Development
LogInit: Branch Name: ++UE4+Release-4.12
LogInit: Command line:  
LogInit: Base directory: C:/Program Files/Epic Games/4.12/Engine/Binaries/Win64/
LogInit: Installed Engine Build: 1
LogInit: Using libcurl 7.41.0
LogInit:  - built for x86_64-pc-win32
LogInit:  - supports SSL with WinSSL
LogInit:  - other features:
LogInit:      CURL_VERSION_SSL
LogInit:      CURL_VERSION_IPV6
LogInit:      CURL_VERSION_ASYNCHDNS
LogInit:      CURL_VERSION_LARGEFILE
LogInit:      CURL_VERSION_IDN
LogInit:  CurlRequestOptions (configurable via config and command line):
LogInit:  - bVerifyPeer = true  - Libcurl will verify peer certificate
LogInit:  - bUseHttpProxy = false  - Libcurl will NOT use HTTP proxy
LogInit:  - bDontReuseConnections = false  - Libcurl will reuse connections
LogInit:  - CertBundlePath = nullptr  - Libcurl will use whatever was configured at build time.
LogInit: Presizing for max 8388607 objects, including 0 objects not considered by GC, pre-allocating 0 bytes for permanent pool.
LogInit: Object subsystem initialized
[2016.11.09-22.28.37:012][  0]LogInit: Selected Device Profile: [Windows]
[2016.11.09-22.28.37:012][  0]LogInit: Applying CVar settings loaded from the selected device profile: [Windows]
[2016.11.09-22.28.37:137][  0]LogInit: Computer: 326-D5
[2016.11.09-22.28.37:137][  0]LogInit: User: cguertin1
[2016.11.09-22.28.37:137][  0]LogInit: CPU Page size=65536, Cores=6
[2016.11.09-22.28.37:137][  0]LogInit: High frequency timer resolution =3.125166 MHz
[2016.11.09-22.28.37:137][  0]LogMemory: Memory total: Physical=15.9GB (16GB approx)
[2016.11.09-22.28.37:137][  0]LogMemory: Platform Memory Stats for Windows
[2016.11.09-22.28.37:137][  0]LogMemory: Process Physical Memory: 194.54 MB used, 194.54 MB peak
[2016.11.09-22.28.37:137][  0]LogMemory: Process Virtual Memory: 199.62 MB used, 199.62 MB peak
[2016.11.09-22.28.37:137][  0]LogMemory: Physical Memory: 3058.34 MB used, 16308.29 MB total
[2016.11.09-22.28.37:137][  0]LogMemory: Virtual Memory: 523.46 MB used, 8388608.00 MB total
[2016.11.09-22.28.38:306][  0]LogTextLocalizationManager: No translations for ('fr-CA') exist, falling back to 'en' for localization and internationalization data.
[2016.11.09-22.28.39:305][  0]LogD3D11RHI: D3D11 adapters:
[2016.11.09-22.28.39:341][  0]LogD3D11RHI:    0. 'NVIDIA GeForce GTX 560 Ti' (Feature Level 11_0)
[2016.11.09-22.28.39:341][  0]LogD3D11RHI:       978/0/3071 MB DedicatedVideo/DedicatedSystem/SharedSystem, Outputs:1, VendorId:0x10de
[2016.11.09-22.28.39:341][  0]LogD3D11RHI: Chosen D3D11 Adapter: 0
[2016.11.09-22.28.39:345][  0]LogD3D11RHI: Creating new Direct3DDevice
[2016.11.09-22.28.39:345][  0]LogD3D11RHI:     GPU DeviceId: 0x1200 (for the marketing name, search the web for "GPU Device Id")
[2016.11.09-22.28.39:345][  0]LogWindows: EnumDisplayDevices:
[2016.11.09-22.28.39:345][  0]LogWindows:    0. 'NVIDIA GeForce GTX 560 Ti' (P:1 D:1)
[2016.11.09-22.28.39:345][  0]LogWindows:    1. 'NVIDIA GeForce GTX 560 Ti' (P:0 D:0)
[2016.11.09-22.28.39:345][  0]LogWindows:    2. 'RDPDD Chained DD' (P:0 D:0)
[2016.11.09-22.28.39:346][  0]LogWindows:    3. 'RDP Encoder Mirror Driver' (P:0 D:0)
[2016.11.09-22.28.39:346][  0]LogWindows:    4. 'RDP Reflector Display Driver' (P:0 D:0)
[2016.11.09-22.28.39:346][  0]LogWindows: DebugString: GetVideoDriverDetailsInvalid PrimaryIsNotTheChoosenAdapter GetVideoDriverDetailsInvalid PrimaryIsNotTheChoosenAdapter GetVideoDriverDetailsInvalid PrimaryIsNotTheChoosenAdapter FoundDriverCount:2 
[2016.11.09-22.28.39:346][  0]LogD3D11RHI:     Adapter Name: NVIDIA GeForce GTX 560 Ti
[2016.11.09-22.28.39:346][  0]LogD3D11RHI:   Driver Version: 361.91 (internal:10.18.13.6191, unified:361.91)
[2016.11.09-22.28.39:346][  0]LogD3D11RHI:      Driver Date: 2-8-2016
[2016.11.09-22.28.39:346][  0]LogRHI: Texture pool is 684 MB (70% of 978 MB)
[2016.11.09-22.28.39:353][  0]LogD3D11RHI: Async texture creation enabled
[2016.11.09-22.28.39:435][  0]LogD3D11RHI: GPU Timing Frequency: 1000.000000 (Debug: 2 2)
[2016.11.09-22.28.39:464][  0]LogShaderCompilers: Guid format shader working directory is -22 characters bigger than the processId version (Z:/Groupes-cours/NAND180-A16-N11/Partage/Projet_Manoir/ProjetManoir/Intermediate/Shaders/WorkingDirectory/6364/).
[2016.11.09-22.28.39:465][  0]LogShaderCompilers: Cleaned the shader compiler working directory 'C:/Users/TEMP/AppData/Local/Temp/UnrealShaderWorkingDir/93880D1B4F25D5432265F2AE66B1CE54/'.
[2016.11.09-22.28.39:474][  0]LogShaderCompilers:Display: Using Local Shader Compiler.
[2016.11.09-22.28.43:786][  0]LogTemp:Display: Loaded TP AllDesktopTargetPlatform
[2016.11.09-22.28.43:805][  0]LogTemp:Display: Loaded TP WindowsClientTargetPlatform
[2016.11.09-22.28.43:819][  0]LogTemp:Display: Loaded TP WindowsNoEditorTargetPlatform
[2016.11.09-22.28.43:831][  0]LogTemp:Display: Loaded TP WindowsServerTargetPlatform
[2016.11.09-22.28.43:841][  0]LogTemp:Display: Loaded TP WindowsTargetPlatform
[2016.11.09-22.28.43:866][  0]LogTemp:Display: Loaded TP AndroidTargetPlatform
[2016.11.09-22.28.43:877][  0]LogTemp:Display: Loaded TP Android_ASTCTargetPlatform
[2016.11.09-22.28.43:887][  0]LogTemp:Display: Loaded TP Android_ATCTargetPlatform
[2016.11.09-22.28.43:897][  0]LogTemp:Display: Loaded TP Android_DXTTargetPlatform
[2016.11.09-22.28.43:908][  0]LogTemp:Display: Loaded TP Android_ETC1TargetPlatform
[2016.11.09-22.28.43:918][  0]LogTemp:Display: Loaded TP Android_ETC2TargetPlatform
[2016.11.09-22.28.43:939][  0]LogTemp:Display: Loaded TP Android_MultiTargetPlatform
[2016.11.09-22.28.43:939][  0]LogTemp:Display: Loaded TP Android_PVRTCTargetPlatform
[2016.11.09-22.28.43:940][  0]LogTemp:Display: Loaded TP HTML5TargetPlatform
[2016.11.09-22.28.44:005][  0]LogTemp:Display: Loaded TP IOSTargetPlatform
[2016.11.09-22.28.44:015][  0]LogTemp:Display: Loaded TP TVOSTargetPlatform
[2016.11.09-22.28.44:025][  0]LogTemp:Display: Loaded TP LinuxNoEditorTargetPlatform
[2016.11.09-22.28.44:035][  0]LogTemp:Display: Loaded TP LinuxServerTargetPlatform
[2016.11.09-22.28.44:154][  0]LogTemp:Display: Loaded TP LinuxTargetPlatform
[2016.11.09-22.28.44:154][  0]LogTargetPlatformManager:Display: Building Assets For Windows
[2016.11.09-22.28.45:131][  0]LogDerivedDataCache:Display: Max Cache Size: 512 MB
[2016.11.09-22.28.45:132][  0]LogDerivedDataCache:Display: Starting with empty Boot cache
[2016.11.09-22.28.45:132][  0]LogDerivedDataCache: FDerivedDataBackendGraph:  Pak pak cache file Z:/Groupes-cours/NAND180-A16-N11/Partage/Projet_Manoir/ProjetManoir/DerivedDataCache/DDC.ddp not found, will not use a pak cache.
[2016.11.09-22.28.45:132][  0]LogDerivedDataCache: Unable to find inner node Pak for hierarchical cache Hierarchy.
[2016.11.09-22.28.45:133][  0]LogDerivedDataCache: FDerivedDataBackendGraph:  CompressedPak pak cache file Z:/Groupes-cours/NAND180-A16-N11/Partage/Projet_Manoir/ProjetManoir/DerivedDataCache/Compressed.ddp not found, will not use a pak cache.
[2016.11.09-22.28.45:133][  0]LogDerivedDataCache: Unable to find inner node CompressedPak for hierarchical cache Hierarchy.
[2016.11.09-22.28.45:210][  0]LogDerivedDataCache:Display: Pak cache opened for reading ../../../Engine/DerivedDataCache/Compressed.ddp.
[2016.11.09-22.28.45:230][  0]LogDerivedDataCache: Using Local data cache path C:/Users/TEMP/AppData/Local/UnrealEngine/Common/DerivedDataCache: Writable
[2016.11.09-22.28.53:769][  0]LogInit: Selected Device Profile: [Windows]
[2016.11.09-22.28.53:794][  0]LogTexture:Display: Building textures: S_Actor (BGRA8)
[2016.11.09-22.28.53:802][  0]LogContentStreaming: Texture pool size is 0.00 MB
[2016.11.09-22.28.53:834][  0]LogTexture:Display: Building textures: S_LevelSequence (BGRA8)
[2016.11.09-22.28.54:419][  0]LogTexture:Display: Building textures: WhiteSquareTexture (AutoDXT)
[2016.11.09-22.28.54:465][  0]LogTexture:Display: Building textures: T_Default_Material_Grid_M (AutoDXT)
[2016.11.09-22.28.54:631][  0]LogTexture:Display: Building textures: T_Default_Material_Grid_N (BC5)
[2016.11.09-22.28.54:823][  0]LogTexture:Display: Building textures: DefaultDiffuse (AutoDXT)
[2016.11.09-22.28.55:370][  0]LogTexture:Display: Building textures: DefaultTexture (DXT1)
[2016.11.09-22.28.55:556][  0]LogTexture:Display: Building textures: AICON-Red (AutoDXT)
[2016.11.09-22.28.55:573][  0]LogTexture:Display: Building textures: AICON-Green (AutoDXT)
[2016.11.09-22.28.55:708][  0]LogTexture:Display: Building textures: S_Emitter (BGRA8)
[2016.11.09-22.28.55:779][  0]LogTexture:Display: Building textures: Bad (BGRA8)
[2016.11.09-22.28.55:890][  0]LogMeshUtilities: No automatic mesh reduction module available
[2016.11.09-22.28.55:890][  0]LogMeshUtilities: No automatic mesh merging module available
[2016.11.09-22.28.55:890][  0]LogMeshUtilities: No distributed automatic mesh merging module available
[2016.11.09-22.28.56:149][  0]LogTexture:Display: Building textures: Default (BGRA8)
[2016.11.09-22.28.56:202][  0]LogTexture:Display: Building textures: VR-Basic (BGRA8)
[2016.11.09-22.28.56:408][  0]LogTexture:Display: Building textures: Grid (AutoDXT)
[2016.11.09-22.28.56:588][  0]LogTexture:Display: Building textures: DaylightAmbientCubemap (RGBA16F)
[2016.11.09-22.29.04:028][  0]LogTexture:Display: Building textures: PSysThumbnail_NoImage (AutoDXT)
[2016.11.09-22.29.04:048][  0]LogTexture:Display: Building textures: PSysThumbnail_OOD (AutoDXT)
[2016.11.09-22.29.04:068][  0]LogTexture:Display: Building textures: S_DecalActorIcon (AutoDXT)
[2016.11.09-22.29.04:296][  0]LogTexture:Display: Building textures: S_Terrain (BGRA8)
[2016.11.09-22.29.04:499][  0]LogTexture:Display: Building textures: MatineeCam_D (AutoDXT)
[2016.11.09-22.29.04:779][  0]LogTexture:Display: Building textures: flipbook (AutoDXT)
[2016.11.09-22.29.04:867][  0]LogTexture:Display: Building textures: T_EditorHelp (AutoDXT)
[2016.11.09-22.29.05:463][  0]LogTexture:Display: Building textures: S_ExpoHeightFog (BGRA8)
[2016.11.09-22.29.05:483][  0]LogTexture:Display: Building textures: S_NavP (BGRA8)
[2016.11.09-22.29.05:523][  0]LogTexture:Display: Building textures: S_Player (BGRA8)
[2016.11.09-22.29.05:574][  0]LogTexture:Display: Building textures: SkyLight (BGRA8)
[2016.11.09-22.29.05:603][  0]LogTexture:Display: Building textures: S_WindDirectional (AutoDXT)
[2016.11.09-22.29.05:935][  0]LogTexture:Display: Building textures: S_LightDirectional (BGRA8)
[2016.11.09-22.29.05:965][  0]LogTexture:Display: Building textures: S_LightDirectionalMove (BGRA8)
[2016.11.09-22.29.05:991][  0]LogTexture:Display: Building textures: S_LightPoint (BGRA8)
[2016.11.09-22.29.06:014][  0]LogTexture:Display: Building textures: S_LightPointMove (BGRA8)
[2016.11.09-22.29.06:044][  0]LogTexture:Display: Building textures: S_LightSpot (BGRA8)
[2016.11.09-22.29.06:064][  0]LogTexture:Display: Building textures: S_LightSpotMove (BGRA8)
[2016.11.09-22.29.06:087][  0]LogTexture:Display: Building textures: S_PortalActorIcon2 (AutoDXT)
[2016.11.09-22.29.06:151][  0]LogTexture:Display: Building textures: MatInstActSprite (BGRA8)
[2016.11.09-22.29.06:171][  0]LogTexture:Display: Building textures: SceneManager (BGRA8)
[2016.11.09-22.29.06:244][  0]LogTexture:Display: Building textures: S_NavLink (AutoDXT)
[2016.11.09-22.29.06:300][  0]LogTexture:Display: Building textures: S_Note (BGRA8)
[2016.11.09-22.29.06:386][  0]LogTexture:Display: Building textures: S_ReflActorIcon (AutoDXT)
[2016.11.09-22.29.06:454][  0]LogTexture:Display: Building textures: S_Thruster (BGRA8)
[2016.11.09-22.29.06:491][  0]LogTexture:Display: Building textures: S_RadForce (BGRA8)
[2016.11.09-22.29.06:522][  0]LogTexture:Display: Building textures: TargetIcon (BGRA8)
[2016.11.09-22.29.06:605][  0]LogTexture:Display: Building textures: RobotoDistanceField_PageA (G8)
[2016.11.09-22.29.06:689][  0]LogTexture:Display: Building textures: S_TextRenderActorIcon (AutoDXT)
[2016.11.09-22.29.06:774][  0]LogTexture:Display: Building textures: S_Trigger (BGRA8)
[2016.11.09-22.29.06:809][  0]LogTexture:Display: Building textures: S_VectorFieldVol (BGRA8)
[2016.11.09-22.29.06:865][  0]LogTexture:Display: Building textures: GradientTexture0 (BGRA8)
[2016.11.09-22.29.06:890][  0]LogTexture:Display: Building textures: Black (AutoDXT)
[2016.11.09-22.29.07:004][  0]LogTexture:Display: Building textures: MAT_Groups_Float (AutoDXT)
[2016.11.09-22.29.07:020][  0]LogTexture:Display: Building textures: MAT_Groups_Director (AutoDXT)
[2016.11.09-22.29.07:050][  0]LogTexture:Display: Building textures: MAT_Groups_Event (AutoDXT)
[2016.11.09-22.29.07:056][  0]LogTexture:Display: Building textures: MAT_Groups_Anim (AutoDXT)
[2016.11.09-22.29.07:065][  0]LogTexture:Display: Building textures: MAT_Groups_Fade (AutoDXT)
[2016.11.09-22.29.07:085][  0]LogTexture:Display: Building textures: MAT_Groups_Move (AutoDXT)
[2016.11.09-22.29.07:117][  0]LogTexture:Display: Building textures: MAT_Groups_Slomo (AutoDXT)
[2016.11.09-22.29.07:124][  0]LogTexture:Display: Building textures: MAT_ColorTrack (AutoDXT)
[2016.11.09-22.29.07:142][  0]LogTexture:Display: Building textures: MAT_Groups_Toggle (AutoDXT)
[2016.11.09-22.29.07:146][  0]LogTexture:Display: Building textures: MAT_Groups_AudioMaster (AutoDXT)
[2016.11.09-22.29.07:184][  0]LogTexture:Display: Building textures: MAT_Groups_Sound (AutoDXT)
[2016.11.09-22.29.07:193][  0]LogTexture:Display: Building textures: MAT_Groups_Vector (AutoDXT)
[2016.11.09-22.29.07:204][  0]LogTexture:Display: Building textures: MAT_Groups_Visibility (AutoDXT)
[2016.11.09-22.29.07:224][  0]LogTexture:Display: Building textures: DefaultTextureCube (DXT1)
[2016.11.09-22.29.08:100][  0]LogAssetRegistry: FAssetRegistry took 0.0203 seconds to start up
[2016.11.09-22.29.08:206][  0]LogPackageLocalizationCache: Processed 3 localized package path(s) for 1 prioritized culture(s) in 0.078086 seconds
[2016.11.09-22.29.08:240][  0]LogUObjectArray: 28739 objects as part of root set at end of initial load.
[2016.11.09-22.29.08:240][  0]LogUObjectAllocator: 5855624 out of 0 bytes used by permanent object pool.
[2016.11.09-22.29.08:240][  0]LogUObjectArray: CloseDisregardForGC: 0/0 objects in disregard for GC pool
[2016.11.09-22.29.08:262][  0]LogInit: WinSock: version 1.1 (2.2), MaxSocks=32767, MaxUdp=65467
[2016.11.09-22.29.12:028][  0]LogTexture:Display: Building textures: S_FTest (AutoDXT)
[2016.11.09-22.29.12:519][  0]LogTexture:Display: Building textures: VR_LaserPower_01 (AutoDXT)
[2016.11.09-22.29.13:947][  0]LogTexture:Display: Building textures: GizmoText_RobotoDistanceField_PageA (G8)
[2016.11.09-22.29.14:779][  0]LogTexture:Display: Building textures: UE4_Logo (AutoDXT)
[2016.11.09-22.29.15:799][  0]LogSlate: SlateFontCache - WITH_FREETYPE: 1, WITH_HARFBUZZ: 1
[2016.11.09-22.29.15:800][  0]LogSlate: SlateFontCache - WITH_FREETYPE: 1, WITH_HARFBUZZ: 1
[2016.11.09-22.30.15:287][  0]LogTexture:Display: Building textures: DummySpriteTexture (AutoDXT)
[2016.11.09-22.30.15:441][  0]LogSubstanceCoreModule: Substance CPU Engine Loaded, Max Texture Size 2048
[2016.11.09-22.30.15:506][  0]LogUdpMessaging: Initializing bridge on interface 0.0.0.0:0 to multicast group 230.0.0.1:6666.
[2016.11.09-22.30.15:987][  0]LogTexture:Display: Building textures: MiniFont (AutoDXT)
[2016.11.09-22.30.16:259][  0]SourceControl: Info Source control is disabled
[2016.11.09-22.30.16:629][  0]SourceControl: Info Source control is disabled
[2016.11.09-22.30.16:638][  0]SourceControl: Info Source control is disabled
[2016.11.09-22.30.16:646][  0]SourceControl: Info Source control is disabled
[2016.11.09-22.30.17:378][  0]LogEngine: Initializing Engine...
[2016.11.09-22.30.17:428][  0]LogHMD: SteamVR failed to initialize.  Err: 110
[2016.11.09-22.30.17:429][  0]LogHMD: SteamVR failed to initialize.  Err: 110
[2016.11.09-22.30.17:522][  0]LogTexture:Display: Building textures: DefaultWhiteGrid (AutoDXT)
[2016.11.09-22.30.17:646][  0]LogTexture:Display: Building textures: InvalidLightmapSettings (AutoDXT)
[2016.11.09-22.30.17:693][  0]LogTexture:Display: Building textures: HeatmapGradient (BGRA8)
[2016.11.09-22.30.17:703][  0]LogTexture:Display: Building textures: PreviewShadowIndicator (BGRA8)
[2016.11.09-22.30.17:728][  0]LogTexture:Display: Building textures: BSPVertex (AutoDXT)
[2016.11.09-22.30.17:730][  0]LogTexture:Display: Building textures: Good64x64TilingNoiseHighFreq (G8)
[2016.11.09-22.30.17:731][  0]LogTexture:Display: Building textures: DefaultBokeh (BGRA8)
[2016.11.09-22.30.17:732][  0]LogTexture:Display: Building textures: PreintegratedSkinBRDF (BGRA8)
[2016.11.09-22.30.17:738][  0]LogTexture:Display: Building textures: WeightMapPlaceholderTexture (BGRA8)
[2016.11.09-22.30.17:946][  0]LogAIModule: Creating AISystem for world NewWorld
[2016.11.09-22.30.18:041][  0]LogInit: No audio devices found!
[2016.11.09-22.30.18:093][  0]LogDerivedDataCache: Saved boot cache 0.05s 62MB C:/Users/TEMP/AppData/Local/UnrealEngine/4.12/DerivedDataCache/Boot.ddc.
[2016.11.09-22.30.18:103][  0]LogInit: Texture streaming: Enabled
[2016.11.09-22.30.18:558][  0]LogInit: Transaction tracking system initialized
[2016.11.09-22.30.18:585][  0]BlueprintLog: New page: Editor Load
[2016.11.09-22.30.18:789][  0]LocalizationService: Info Localization service is disabled
[2016.11.09-22.30.19:083][  0]LogConsoleResponse:Display: 
[2016.11.09-22.30.19:175][  0]LogTexture:Display: Building textures: Cross (AutoDXT)
[2016.11.09-22.30.19:385][  0]LogTexture:Display: Building textures: Tick (AutoDXT)
[2016.11.09-22.30.19:429][  0]LogTexture:Display: Building textures: WidgetGridVertexColorMaterial (AutoDXT)
[2016.11.09-22.30.19:612][  0]LogTexture:Display: Building textures: CASC_None (AutoDXT)
[2016.11.09-22.30.19:613][  0]LogTexture:Display: Building textures: CASC_Cross (AutoDXT)
[2016.11.09-22.30.19:637][  0]LogTexture:Display: Building textures: Texture2D_28 (AutoDXT)
[2016.11.09-22.30.19:646][  0]LogTexture:Display: Building textures: S_KBSJoint (BGRA8)
[2016.11.09-22.30.19:649][  0]LogTexture:Display: Building textures: S_KHinge (BGRA8)
[2016.11.09-22.30.19:652][  0]LogTexture:Display: Building textures: S_KPrismatic (BGRA8)
[2016.11.09-22.30.19:657][  0]LogTexture:Display: Building textures: S_LightError (BGRA8)
[2016.11.09-22.30.19:663][  0]LogTexture:Display: Building textures: T_Loft_Spline (AutoDXT)
[2016.11.09-22.30.20:019][  0]LogTexture:Display: Building textures: DefaultNormal (BC5)
[2016.11.09-22.30.20:114][  0]LogTexture:Display: Building textures: Grid_N (BC5)
[2016.11.09-22.30.20:200][  0]LogTexture:Display: Building textures: PaperDiffuse (AutoDXT)
[2016.11.09-22.30.20:409][  0]LogTexture:Display: Building textures: PaperNormal (BC5)
[2016.11.09-22.30.20:444][  0]LogTexture:Display: Building textures: Texture2D_28 (AutoDXT)
[2016.11.09-22.30.20:453][  0]LogTexture:Display: Building textures: Texture2D_29 (AutoDXT)
[2016.11.09-22.30.20:459][  0]LogTexture:Display: Building textures: StreamingPauseIcon (AutoDXT)
[2016.11.09-22.30.20:475][  0]LogCook:Display: Max memory allowance for cook 8192mb
[2016.11.09-22.30.20:475][  0]LogCook:Display: Mobile HDR setting 1
[2016.11.09-22.30.20:968][  0]LogFileCache: Scanning file cache for directory 'Z:/Groupes-cours/NAND180-A16-N11/Partage/Projet_Manoir/ProjetManoir/Content/' took 0.04s
[2016.11.09-22.30.21:288][  0]LogTexture:Display: Building textures: Countdown (AutoDXT)
[2016.11.09-22.30.21:296][  0]LogTexture:Display: Building textures: RecordingIndicator (AutoDXT)
[2016.11.09-22.30.21:705][  0]LogTexture:Display: Building textures: DefaultAlphaTexture (BGRA8)
[2016.11.09-22.30.21:761][  0]SourceControl: Info Source control is disabled
[2016.11.09-22.30.21:761][  0]Cmd: MAP LOAD FILE="../../../Engine/Content/Maps/Templates/Template_Default.umap" TEMPLATE=1 SHOWPROGRESS=1 FEATURELEVEL=3
[2016.11.09-22.30.21:762][  0]LightingResults: New page: Lighting Build
[2016.11.09-22.30.21:797][  0]MapCheck: New page: Map Check
[2016.11.09-22.30.21:797][  0]LightingResults: New page: Lighting Build
[2016.11.09-22.30.24:005][  0]LogTexture:Display: Building textures: T_Sky_Clouds_M (BGRA8)
[2016.11.09-22.30.24:312][  0]LogTexture:Display: Building textures: T_Sky_Stars (AutoDXT)
[2016.11.09-22.30.26:340][  0]LogTexture:Display: Building textures: T_Sky_Blue (AutoDXT)
[2016.11.09-22.30.27:630][  0]LogTexture:Display: Building textures: HQ_Lightmap0_1 (AutoDXT)
[2016.11.09-22.30.27:639][  0]LogTexture:Display: Building textures: HQ_Lightmap0_2 (AutoDXT)
[2016.11.09-22.30.27:642][  0]LogTexture:Display: Building textures: HQ_Lightmap1_1 (AutoDXT)
[2016.11.09-22.30.27:650][  0]LogTexture:Display: Building textures: LQ_Lightmap_0_2 (DXT1)
[2016.11.09-22.30.27:653][  0]LogTexture:Display: Building textures: LQ_Lightmap_1_1 (DXT1)
[2016.11.09-22.30.27:660][  0]LogTexture:Display: Building textures: ShadowMapTexture2D_0 (BGRA8)
[2016.11.09-22.30.27:665][  0]LogTexture:Display: Building textures: ShadowMapTexture2D_1 (BGRA8)
[2016.11.09-22.30.27:668][  0]LogTexture:Display: Building textures: ShadowMapTexture2D_2 (BGRA8)
[2016.11.09-22.30.27:701][  0]LogAIModule: Creating AISystem for world Untitled_1
[2016.11.09-22.30.29:463][  0]LogTexture:Display: Building textures: EmptyActor (BGRA8)
[2016.11.09-22.30.29:906][  0]LogEditorServer: Finished looking for orphan Actors (0.000 secs)
[2016.11.09-22.30.29:966][  0]Cmd: MAP CHECKDEP NOCLEARLOG
[2016.11.09-22.30.30:070][  0]MapCheck: Info Map check complete: 0 Error(s), 0 Warning(s), took 103.608ms to complete.
[2016.11.09-22.30.30:070][  0]LogFileHelpers: Loading map 'Template_Default' took 8.309
[2016.11.09-22.30.33:053][  0]LogCollectionManager: Loaded 0 collections in 1.524032 seconds
[2016.11.09-22.30.33:130][  0]LogFileCache: Scanning file cache for directory 'Z:/Groupes-cours/NAND180-A16-N11/Partage/Projet_Manoir/ProjetManoir/Saved/Collections/' took 0.01s
[2016.11.09-22.30.33:130][  0]LogFileCache: Scanning file cache for directory 'Z:/Groupes-cours/NAND180-A16-N11/Partage/Projet_Manoir/ProjetManoir/Content/Developers/cguertin1/Collections/' took 0.01s
[2016.11.09-22.30.33:130][  0]LogFileCache: Scanning file cache for directory 'Z:/Groupes-cours/NAND180-A16-N11/Partage/Projet_Manoir/ProjetManoir/Content/Collections/' took 0.01s
[2016.11.09-22.30.33:130][  0]LogCollectionManager: Rebuilt the GUID cache for 0 collections in 0.000012 seconds
[2016.11.09-22.30.33:146][  0]LogContentBrowser: Native class hierarchy populated in 0.0161 seconds. Added 2062 classes and 375 folders.
[2016.11.09-22.30.33:155][  0]LogStats: UGameplayTagsManager::ConstructGameplayTagTree: Construct from data asset -  0.000 s
[2016.11.09-22.30.33:155][  0]LogStats: UGameplayTagsManager::ConstructGameplayTagTree: GameplayTagTreeChangedEvent.Broadcast -  0.000 s
[2016.11.09-22.30.33:156][  0]LogContentBrowser: Native class hierarchy updated for 'GameplayTags' in 0.0009 seconds. Added 12 classes and 0 folders.
[2016.11.09-22.30.33:163][  0]LogContentBrowser: Native class hierarchy updated for 'WidgetCarousel' in 0.0005 seconds. Added 0 classes and 0 folders.
[2016.11.09-22.30.39:315][  0]LogContentBrowser: Native class hierarchy updated for 'AddContentDialog' in 0.0019 seconds. Added 0 classes and 0 folders.
[2016.11.09-22.30.39:327][  0]LogContentBrowser: Native class hierarchy updated for 'SceneOutliner' in 0.0013 seconds. Added 1 classes and 2 folders.
[2016.11.09-22.30.39:370][  0]LogCrashTracker: Crashtracker disabled due to settings.
[2016.11.09-22.30.39:441][  0]LogTexture:Display: Building textures: Blueprint_64x (BGRA8)
[2016.11.09-22.30.39:444][  0]LogTexture:Display: Building textures: icon_Editor_Preferences_General_40x (BGRA8)
[2016.11.09-22.30.39:448][  0]LogTexture:Display: Building textures: Paper2DSprite_TutorialIcon (BGRA8)
[2016.11.09-22.30.39:452][  0]LogTexture:Display: Building textures: icon_ShowSkeletalMeshes_40x (BGRA8)
[2016.11.09-22.30.39:454][  0]LogTexture:Display: Building textures: Landscape (BGRA8)
[2016.11.09-22.30.39:457][  0]LogTexture:Display: Building textures: Foliage (BGRA8)
[2016.11.09-22.30.39:489][  0]LogContentBrowser: Native class hierarchy updated for 'HierarchicalLODOutliner' in 0.0007 seconds. Added 1 classes and 2 folders.
[2016.11.09-22.30.39:489][  0]LogLoad: Full Startup: 133.73 seconds (BP compile: 0.44 seconds)
[2016.11.09-22.30.39:489][  0]LogExternalProfiler: Found external profiler: VSPerf
[2016.11.09-22.30.39:489][  0]LogExternalProfiler: Using external profiler: VSPerf
[2016.11.09-22.30.39:517][  0]LogOcInput: OculusInput pre-init called
[2016.11.09-22.30.39:758][  0]LogContentStreaming: Texture pool size now 1000 MB
[2016.11.09-22.30.39:987][  0]LogTexture:Display: Building textures: icon_tab_Levels_40x (BGRA8)
[2016.11.09-22.30.40:667][  0]LogTexture:Display: Building textures: LevelGrid1DStripes (BGRA8)
[2016.11.09-22.30.41:034][  0]LogRenderer: Reallocating scene render targets to support 1056x556 (Frame:2).
[2016.11.09-22.30.41:298][  2]LogAssetRegistry: Asset discovery search completed in 93.2220 seconds
[2016.11.09-22.30.41:298][  2]LogCollectionManager: Rebuilt the object cache for 0 collections in 0.000001 seconds (found 0 objects)
[2016.11.09-22.30.41:298][  2]LogCollectionManager: Fixed up redirectors for 0 collections in 0.000036 seconds (updated 0 objects)
[2016.11.09-22.30.50:153][528]LogStreaming:Warning: Failed to open ANSI TEXT file Z:/Groupes-cours/NAND180-A16-N11/Partage/Projet_Manoir/ProjetManoir/Saved/HardwareSurvey/dxdiag.txt
[2016.11.09-22.30.50:214][529]LogStreaming:Warning: Failed to open ANSI TEXT file Z:/Groupes-cours/NAND180-A16-N11/Partage/Projet_Manoir/ProjetManoir/Saved/HardwareSurvey/dxdiag.txt
[2016.11.09-22.30.50:270][530]LogWindows:Warning: FWindowsPlatformSurvey::TickSurveyHardware() failed to parse available memory from dxdiag report
[2016.11.09-22.30.50:278][530]LogSynthBenchmark:Display: FSynthBenchmark (V0.95):  requested WorkScale=5.00
[2016.11.09-22.30.50:278][530]LogSynthBenchmark:Display: ===============
[2016.11.09-22.30.50:278][530]LogSynthBenchmark:Display: Main Processor:
[2016.11.09-22.30.50:499][530]LogSynthBenchmark:Display:          ... 0.022247 s/Run 'RayIntersect'
[2016.11.09-22.30.50:499][530]LogSynthBenchmark:Display:          ... 0.021994 s/Run 'Fractal'
[2016.11.09-22.30.50:499][530]LogSynthBenchmark:Display: 
[2016.11.09-22.30.50:499][530]LogSynthBenchmark:Display:   CompiledTarget_x_Bits: 64
[2016.11.09-22.30.50:499][530]LogSynthBenchmark:Display:   UE_BUILD_SHIPPING: 0
[2016.11.09-22.30.50:499][530]LogSynthBenchmark:Display:   UE_BUILD_TEST: 0
[2016.11.09-22.30.50:499][530]LogSynthBenchmark:Display:   UE_BUILD_DEBUG: 0
[2016.11.09-22.30.50:499][530]LogSynthBenchmark:Display:   TotalPhysicalGBRam: 16
[2016.11.09-22.30.50:499][530]LogSynthBenchmark:Display:   NumberOfCores (physical): 6
[2016.11.09-22.30.50:499][530]LogSynthBenchmark:Display:   NumberOfCores (logical): 12
[2016.11.09-22.30.50:499][530]LogSynthBenchmark:Display:   CPU Perf Index 0: 115.1 (weight 1.00)
[2016.11.09-22.30.50:499][530]LogSynthBenchmark:Display:   CPU Perf Index 1: 130.0 (weight 1.50)
[2016.11.09-22.30.50:499][530]LogSynthBenchmark:Display:  
[2016.11.09-22.30.50:499][530]LogSynthBenchmark:Display: Graphics:
[2016.11.09-22.30.50:500][530]LogSynthBenchmark:Display:   Adapter Name: 'NVIDIA GeForce GTX 560 Ti'
[2016.11.09-22.30.50:500][530]LogSynthBenchmark:Display:   (On Optimus the name might be wrong, memory should be ok)
[2016.11.09-22.30.50:500][530]LogSynthBenchmark:Display:   Vendor Id: 0x10de
[2016.11.09-22.30.50:500][530]LogSynthBenchmark:Display:   Device Id: 0x1200
[2016.11.09-22.30.50:500][530]LogSynthBenchmark:Display:   GPU Memory: 979/0/3072 MB
[2016.11.09-22.30.50:512][530]LogSynthBenchmark:Display:   GPU first test: 0.01s
[2016.11.09-22.30.50:512][530]LogSynthBenchmark:Display:          ... 1.402 GigaPix/s, Confidence=100% 'ALUHeavyNoise' (likely to be very inaccurate)
[2016.11.09-22.30.50:512][530]LogSynthBenchmark:Display:          ... 1.519 GigaPix/s, Confidence=100% 'TexHeavy' (likely to be very inaccurate)
[2016.11.09-22.30.50:512][530]LogSynthBenchmark:Display:          ... 1.147 GigaPix/s, Confidence=100% 'DepTexHeavy' (likely to be very inaccurate)
[2016.11.09-22.30.50:512][530]LogSynthBenchmark:Display:          ... 2.855 GigaPix/s, Confidence=100% 'FillOnly' (likely to be very inaccurate)
[2016.11.09-22.30.50:512][530]LogSynthBenchmark:Display:          ... 0.292 GigaPix/s, Confidence=100% 'Bandwidth' (likely to be very inaccurate)
[2016.11.09-22.30.50:554][530]LogSynthBenchmark:Display:   GPU second test: 0.04s
[2016.11.09-22.30.50:554][530]LogSynthBenchmark:Display:          ... 2.600 GigaPix/s, Confidence=100% 'ALUHeavyNoise' (likely to be inaccurate)
[2016.11.09-22.30.50:554][530]LogSynthBenchmark:Display:          ... 2.966 GigaPix/s, Confidence=100% 'TexHeavy' (likely to be inaccurate)
[2016.11.09-22.30.50:554][530]LogSynthBenchmark:Display:          ... 1.950 GigaPix/s, Confidence=100% 'DepTexHeavy' (likely to be inaccurate)
[2016.11.09-22.30.50:554][530]LogSynthBenchmark:Display:          ... 9.428 GigaPix/s, Confidence=100% 'FillOnly' (likely to be inaccurate)
[2016.11.09-22.30.50:554][530]LogSynthBenchmark:Display:          ... 0.338 GigaPix/s, Confidence=100% 'Bandwidth' (likely to be inaccurate)
[2016.11.09-22.30.52:275][530]LogSynthBenchmark:Display:   GPU third test: 1.70s
[2016.11.09-22.30.52:275][530]LogSynthBenchmark:Display:          ... 2.793 GigaPix/s, Confidence=100% 'ALUHeavyNoise'
[2016.11.09-22.30.52:275][530]LogSynthBenchmark:Display:          ... 3.254 GigaPix/s, Confidence=100% 'TexHeavy'
[2016.11.09-22.30.52:275][530]LogSynthBenchmark:Display:          ... 2.081 GigaPix/s, Confidence=100% 'DepTexHeavy'
[2016.11.09-22.30.52:275][530]LogSynthBenchmark:Display:          ... 12.925 GigaPix/s, Confidence=100% 'FillOnly'
[2016.11.09-22.30.52:275][530]LogSynthBenchmark:Display:          ... 0.341 GigaPix/s, Confidence=100% 'Bandwidth'
[2016.11.09-22.30.52:275][530]LogSynthBenchmark:Display: 
[2016.11.09-22.30.52:275][530]LogSynthBenchmark:Display:   GPU Perf Index 0: 60.7 (weight 1.00)
[2016.11.09-22.30.52:275][530]LogSynthBenchmark:Display:   GPU Perf Index 1: 43.7 (weight 0.10)
[2016.11.09-22.30.52:275][530]LogSynthBenchmark:Display:   GPU Perf Index 2: 54.1 (weight 0.10)
[2016.11.09-22.30.52:275][530]LogSynthBenchmark:Display:   GPU Perf Index 3: 50.8 (weight 3.00)
[2016.11.09-22.30.52:275][530]LogSynthBenchmark:Display:   GPU Perf Index 4: 31.8 (weight 1.00)
[2016.11.09-22.30.52:275][530]LogSynthBenchmark:Display:   CPUIndex: 124.1
[2016.11.09-22.30.52:275][530]LogSynthBenchmark:Display:   GPUIndex: 49.0
[2016.11.09-22.30.52:275][530]LogSynthBenchmark:Display: 
[2016.11.09-22.30.52:275][530]LogSynthBenchmark:Display:          ... Total Time: 1.997245 sec
[2016.11.09-22.30.52:279][530]LogWindows:Warning: FWindowsPlatformSurvey::TickSurveyHardware() WinSAT assessment unavailable. Unable to examine some hardware metrics. Run the Windows Experience Index Assessment.
[2016.11.09-22.30.54:936][717]LogStaticMesh: Building static mesh AR-WallStairs_01...
[2016.11.09-22.30.54:942][717]LogStaticMesh: Built static mesh [0.01s] /Game/Assets/AR-WallStairs_01.AR-WallStairs_01
[2016.11.09-22.30.54:943][717]LogStaticMesh: Building static mesh AR-WallCorner_01...
[2016.11.09-22.30.54:946][717]LogStaticMesh: Built static mesh [0.00s] /Game/Assets/AR-WallCorner_01.AR-WallCorner_01
[2016.11.09-22.30.54:947][717]LogStaticMesh: Building static mesh AR-WallCornerRound_01...
[2016.11.09-22.30.54:975][717]LogStaticMesh: Built static mesh [0.03s] /Game/Assets/AR-WallCornerRound_01.AR-WallCornerRound_01
[2016.11.09-22.30.54:978][717]LogStaticMesh: Building static mesh AR-Wall_2M_01...
[2016.11.09-22.30.54:983][717]LogStaticMesh: Built static mesh [0.00s] /Game/Assets/AR-Wall_2M_01.AR-Wall_2M_01
[2016.11.09-22.30.54:984][717]LogStaticMesh: Building static mesh AR-WallTop_7M_01...
[2016.11.09-22.30.54:997][717]LogStaticMesh: Built static mesh [0.01s] /Game/Assets/AR-WallTop_7M_01.AR-WallTop_7M_01
[2016.11.09-22.30.54:999][717]LogStaticMesh: Building static mesh AR-WallTop_2M_01...
[2016.11.09-22.30.55:004][717]LogStaticMesh: Built static mesh [0.01s] /Game/Assets/AR-WallTop_2M_01.AR-WallTop_2M_01
[2016.11.09-22.30.55:006][717]LogStaticMesh: Building static mesh AR-WallStairs_02...
[2016.11.09-22.30.55:010][717]LogStaticMesh: Built static mesh [0.00s] /Game/Assets/AR-WallStairs_02.AR-WallStairs_02
[2016.11.09-22.30.55:140][717]LogStaticMesh: Building static mesh AR-WallStairs_03...
[2016.11.09-22.30.55:148][717]LogStaticMesh: Built static mesh [0.01s] /Game/Assets/AR-WallStairs_03.AR-WallStairs_03
[2016.11.09-22.30.55:149][717]LogStaticMesh: Building static mesh AR-CorridorFake_01a...
[2016.11.09-22.30.55:151][717]LogStaticMesh: Built static mesh [0.00s] /Game/Assets/AR-CorridorFake_01a.AR-CorridorFake_01a
[2016.11.09-22.30.55:152][717]LogStaticMesh: Building static mesh AR-CorridorFake_01...
[2016.11.09-22.30.55:172][717]LogStaticMesh: Built static mesh [0.02s] /Game/Assets/AR-CorridorFake_01.AR-CorridorFake_01
[2016.11.09-22.30.55:233][717]LogStaticMesh: Building static mesh AR-Floor_2X2_01...
[2016.11.09-22.30.55:235][717]LogStaticMesh: Built static mesh [0.00s] /Game/Assets/AR-Floor_2X2_01.AR-Floor_2X2_01
[2016.11.09-22.30.55:235][717]LogStaticMesh: Building static mesh AR-DoorFrame_2M_02...
[2016.11.09-22.30.55:255][717]LogStaticMesh: Built static mesh [0.02s] /Game/Assets/AR-DoorFrame_2M_02.AR-DoorFrame_2M_02
[2016.11.09-22.30.55:258][717]LogStaticMesh: Building static mesh AR-Exterior01...
[2016.11.09-22.30.55:263][717]LogStaticMesh: Built static mesh [0.01s] /Game/Assets/AR-Exterior01.AR-Exterior01
[2016.11.09-22.30.55:264][717]LogStaticMesh: Building static mesh AR-Fireplace_01...
[2016.11.09-22.30.55:285][717]LogStaticMesh: Built static mesh [0.02s] /Game/Assets/AR-Fireplace_01.AR-Fireplace_01
[2016.11.09-22.30.55:287][717]LogStaticMesh: Building static mesh AR-RampPost_01...
[2016.11.09-22.30.55:301][717]LogStaticMesh: Built static mesh [0.01s] /Game/Assets/AR-RampPost_01.AR-RampPost_01
[2016.11.09-22.30.55:303][717]LogStaticMesh: Building static mesh PR-Carpet_01...
[2016.11.09-22.30.55:305][717]LogStaticMesh: Built static mesh [0.00s] /Game/Assets/PR-Carpet_01.PR-Carpet_01
[2016.11.09-22.30.55:306][717]LogStaticMesh: Building static mesh AR-Window_4M_01...
[2016.11.09-22.30.55:330][717]LogStaticMesh: Built static mesh [0.02s] /Game/Assets/AR-Window_4M_01.AR-Window_4M_01
[2016.11.09-22.30.55:332][717]LogStaticMesh: Building static mesh AR-Window_4M_01a...
[2016.11.09-22.30.55:335][717]LogStaticMesh: Built static mesh [0.00s] /Game/Assets/AR-Window_4M_01a.AR-Window_4M_01a
[2016.11.09-22.30.56:467][717]LogStaticMesh: Building static mesh AR-Staircase_01...
[2016.11.09-22.30.56:537][717]LogStaticMesh: Built static mesh [0.07s] /Game/Assets/AR-Staircase_01.AR-Staircase_01
[2016.11.09-22.30.56:543][717]LogStaticMesh: Building static mesh AR-StaircaseFloor_01...
[2016.11.09-22.30.56:545][717]LogStaticMesh: Built static mesh [0.00s] /Game/Assets/AR-StaircaseFloor_01.AR-StaircaseFloor_01
[2016.11.09-22.30.56:545][717]LogStaticMesh: Building static mesh AR-RampPost_02...
[2016.11.09-22.30.56:559][717]LogStaticMesh: Built static mesh [0.01s] /Game/Assets/AR-RampPost_02.AR-RampPost_02
[2016.11.09-22.30.56:561][717]LogStaticMesh: Building static mesh AR-Staircase_02...
[2016.11.09-22.30.56:607][717]LogStaticMesh: Built static mesh [0.05s] /Game/Assets/AR-Staircase_02.AR-Staircase_02
[2016.11.09-22.30.56:612][717]LogStaticMesh: Building static mesh AR-StairCaseRampCorner_01...
[2016.11.09-22.30.56:627][717]LogStaticMesh: Built static mesh [0.02s] /Game/Assets/AR-StairCaseRampCorner_01.AR-StairCaseRampCorner_01
[2016.11.09-22.30.57:252][717]LogMaterial: Missing cached shader map for material Bois_beam_MAT, compiling. 
[2016.11.09-22.30.57:851][717]LogTexture:Display: Building textures: HQ_Lightmap0_1 (AutoDXT)
[2016.11.09-22.30.58:223][717]LogTexture:Display: Building textures: HQ_Lightmap0_3 (AutoDXT)
[2016.11.09-22.30.58:255][717]LogTexture:Display: Building textures: HQ_Lightmap1_2 (AutoDXT)
[2016.11.09-22.30.58:592][717]LogTexture:Display: Building textures: LQ_Lightmap_0_1 (DXT1)
[2016.11.09-22.30.58:828][717]LogTexture:Display: Building textures: LQ_Lightmap_0_3 (DXT1)
[2016.11.09-22.30.58:861][717]LogTexture:Display: Building textures: LQ_Lightmap_1_2 (DXT1)
[2016.11.09-22.30.59:103][717]LogTexture:Display: Building textures: ShadowMapTexture2D_0 (BGRA8)
[2016.11.09-22.30.59:234][717]LogStaticMesh: Building static mesh AR-Ceiling_01...
[2016.11.09-22.30.59:248][717]LogStaticMesh: Built static mesh [0.01s] /Game/Assets/AR-Ceiling_01.AR-Ceiling_01
[2016.11.09-22.30.59:248][717]LogStaticMesh: Building static mesh AR-Ceiling_02...
[2016.11.09-22.30.59:257][717]LogStaticMesh: Built static mesh [0.01s] /Game/Assets/AR-Ceiling_02.AR-Ceiling_02
[2016.11.09-22.30.59:258][717]LogStaticMesh: Building static mesh AR-CeilingBeam_02...
[2016.11.09-22.30.59:281][717]LogStaticMesh: Built static mesh [0.02s] /Game/Assets/AR-CeilingBeam_02.AR-CeilingBeam_02
[2016.11.09-22.30.59:282][717]LogStaticMesh: Building static mesh AR-Curtain01...
[2016.11.09-22.30.59:299][717]LogStaticMesh: Built static mesh [0.02s] /Game/Assets/AR-Curtain01.AR-Curtain01
[2016.11.09-22.30.59:299][717]LogStaticMesh: Building static mesh AR-Door_01...
[2016.11.09-22.30.59:302][717]LogStaticMesh: Built static mesh [0.00s] /Game/Assets/AR-Door_01.AR-Door_01
[2016.11.09-22.30.59:302][717]LogStaticMesh: Building static mesh AR-DoorFrame_150cm_01...
[2016.11.09-22.30.59:305][717]LogStaticMesh: Built static mesh [0.00s] /Game/Assets/AR-DoorFrame_150cm_01.AR-DoorFrame_150cm_01
[2016.11.09-22.30.59:306][717]LogStaticMesh: Building static mesh AR-DoorFrame_2M_003...
[2016.11.09-22.30.59:310][717]LogStaticMesh: Built static mesh [0.00s] /Game/Assets/AR-DoorFrame_2M_003.AR-DoorFrame_2M_003
[2016.11.09-22.30.59:311][717]LogStaticMesh: Building static mesh AR-StaircaseRug_01...
[2016.11.09-22.30.59:539][717]LogStaticMesh: Built static mesh [0.23s] /Game/Assets/AR-StaircaseRug_01.AR-StaircaseRug_01
[2016.11.09-22.30.59:540][717]LogStaticMesh: Building static mesh AR-StairCaseWall_01...
[2016.11.09-22.30.59:551][717]LogStaticMesh: Built static mesh [0.01s] /Game/Assets/AR-StairCaseWall_01.AR-StairCaseWall_01
[2016.11.09-22.30.59:551][717]LogStaticMesh: Building static mesh AR-StairCaseWall_02...
[2016.11.09-22.30.59:581][717]LogStaticMesh: Built static mesh [0.03s] /Game/Assets/AR-StairCaseWall_02.AR-StairCaseWall_02
[2016.11.09-22.30.59:581][717]LogStaticMesh: Building static mesh AR-StairCaseWall_02a...
[2016.11.09-22.30.59:586][717]LogStaticMesh: Built static mesh [0.00s] /Game/Assets/AR-StairCaseWall_02a.AR-StairCaseWall_02a
[2016.11.09-22.30.59:587][717]LogStaticMesh: Building static mesh AR-StairCaseWall_03...
[2016.11.09-22.30.59:624][717]LogStaticMesh: Built static mesh [0.04s] /Game/Assets/AR-StairCaseWall_03.AR-StairCaseWall_03
[2016.11.09-22.30.59:624][717]LogStaticMesh: Building static mesh AR-TopWallTrim_01...
[2016.11.09-22.30.59:627][717]LogStaticMesh: Built static mesh [0.00s] /Game/Assets/AR-TopWallTrim_01.AR-TopWallTrim_01
[2016.11.09-22.30.59:628][717]LogStaticMesh: Building static mesh AR-Wall_1M_01...
[2016.11.09-22.30.59:633][717]LogStaticMesh: Built static mesh [0.00s] /Game/Assets/AR-Wall_1M_01.AR-Wall_1M_01
[2016.11.09-22.30.59:680][717]LogMaterial: Missing cached shader map for material WorldGridMaterial2side, compiling. 
[2016.11.09-22.30.59:706][717]LogMaterial: Missing cached shader map for material M_Glass, compiling. 
[2016.11.09-22.30.59:739][717]LogMaterial: Missing cached shader map for material test, compiling. 
[2016.11.09-22.30.59:768][717]LogAIModule: Creating AISystem for world Manoir
[2016.11.09-22.30.59:818][717]Cmd: MAP LOAD FILE="Z:/Groupes-cours/NAND180-A16-N11/Partage/Projet_Manoir/ProjetManoir/Content/Maps/Manoir.umap" TEMPLATE=0 SHOWPROGRESS=1 FEATURELEVEL=3
[2016.11.09-22.30.59:818][717]LightingResults: New page: Lighting Build
[2016.11.09-22.30.59:819][717]LoadErrors: New page: Loading map: Manoir.umap
[2016.11.09-22.30.59:819][717]MapCheck: New page: Map Check
[2016.11.09-22.30.59:819][717]LightingResults: New page: Lighting Build
[2016.11.09-22.30.59:872][717]LogEditorServer: Finished looking for orphan Actors (0.000 secs)
[2016.11.09-22.30.59:980][717]Cmd: MAP CHECKDEP NOCLEARLOG
[2016.11.09-22.31.00:262][717]MapCheck: Info Map check complete: 0 Error(s), 0 Warning(s), took 281.817ms to complete.
[2016.11.09-22.31.00:263][717]LogFileHelpers: Loading map 'Manoir' took 0.446
[2016.11.09-22.31.03:014][891]LogRenderer: Reallocating scene render targets to support 1056x568 (Frame:860).
[2016.11.09-22.31.03:066][892]LogRenderer: Reallocating scene render targets to support 1056x616 (Frame:862).
[2016.11.09-22.31.03:151][893]LogRenderer: Reallocating scene render targets to support 1056x640 (Frame:864).
[2016.11.09-22.31.03:226][894]LogRenderer: Reallocating scene render targets to support 1056x656 (Frame:866).
[2016.11.09-22.31.03:311][895]LogRenderer: Reallocating scene render targets to support 1056x668 (Frame:868).
[2016.11.09-22.31.03:391][896]LogRenderer: Reallocating scene render targets to support 1056x676 (Frame:870).
[2016.11.09-22.31.33:469][880]Cmd: QUIT_EDITOR
[2016.11.09-22.31.33:617][880]LogExit: Preparing to exit.
[2016.11.09-22.31.34:745][880]LogExit: Editor shut down
[2016.11.09-22.31.34:746][880]LogExit: Transaction tracking system shut down
[2016.11.09-22.31.34:977][880]LogObj: Freed 0b from 0 cluster array pools.
[2016.11.09-22.31.34:977][880]LogExit: Object subsystem successfully closed.
[2016.11.09-22.31.35:040][880]LogD3D11RHI: Shutdown
[2016.11.09-22.31.35:040][880]LogD3D11RHI: CleanupD3DDevice
[2016.11.09-22.31.35:127][880]LogD3D11RHI: ~FD3D11DynamicRHI
[2016.11.09-22.31.35:146][880]LogModuleManager: Shutting down and abandoning module SynthBenchmark (216)
[2016.11.09-22.31.35:146][880]LogModuleManager: Shutting down and abandoning module HierarchicalLODOutliner (215)
[2016.11.09-22.31.35:146][880]LogModuleManager: Shutting down and abandoning module CrashTracker (214)
[2016.11.09-22.31.35:146][880]LogModuleManager: Shutting down and abandoning module SceneOutliner (213)
[2016.11.09-22.31.35:147][880]LogModuleManager: Shutting down and abandoning module WidgetCarousel (212)
[2016.11.09-22.31.35:147][880]LogModuleManager: Shutting down and abandoning module AddContentDialog (211)
[2016.11.09-22.31.35:149][880]LogModuleManager: Shutting down and abandoning module GameplayTags (210)
[2016.11.09-22.31.35:149][880]LogModuleManager: Shutting down and abandoning module EditorWidgets (209)
[2016.11.09-22.31.35:149][880]LogModuleManager: Shutting down and abandoning module CollectionManager (208)
[2016.11.09-22.31.35:151][880]LogModuleManager: Shutting down and abandoning module StatsViewer (207)
[2016.11.09-22.31.35:151][880]LogModuleManager: Shutting down and abandoning module FoliageEdit (206)
[2016.11.09-22.31.35:151][880]LogModuleManager: Shutting down and abandoning module LandscapeEditor (205)
[2016.11.09-22.31.35:151][880]LogModuleManager: Shutting down and abandoning module SceneDepthPickerMode (204)
[2016.11.09-22.31.35:151][880]LogModuleManager: Shutting down and abandoning module ActorPickerMode (203)
[2016.11.09-22.31.35:151][880]LogModuleManager: Shutting down and abandoning module GeometryMode (202)
[2016.11.09-22.31.35:151][880]LogModuleManager: Shutting down and abandoning module TextureAlignMode (201)
[2016.11.09-22.31.35:151][880]LogModuleManager: Shutting down and abandoning module BspMode (200)
[2016.11.09-22.31.35:151][880]LogModuleManager: Shutting down and abandoning module HardwareSurvey (199)
[2016.11.09-22.31.35:151][880]LogModuleManager: Shutting down and abandoning module SequenceRecorderSections (198)
[2016.11.09-22.31.35:151][880]LogModuleManager: Shutting down and abandoning module SequenceRecorder (197)
[2016.11.09-22.31.35:151][880]LogModuleManager: Shutting down and abandoning module AutomationWorker (196)
[2016.11.09-22.31.35:152][880]LogModuleManager: Shutting down and abandoning module MatineeToLevelSequence (195)
[2016.11.09-22.31.35:152][880]LogModuleManager: Shutting down and abandoning module PlacementMode (194)
[2016.11.09-22.31.35:152][880]LogModuleManager: Shutting down and abandoning module LevelSequenceEditor (193)
[2016.11.09-22.31.35:152][880]LogModuleManager: Shutting down and abandoning module CharacterAI (192)
[2016.11.09-22.31.35:152][880]LogModuleManager: Shutting down and abandoning module SmartSnapping (191)
[2016.11.09-22.31.35:152][880]LogModuleManager: Shutting down and abandoning module SessionServices (190)
[2016.11.09-22.31.35:152][880]LogModuleManager: Shutting down and abandoning module ViewportSnapping (189)
[2016.11.09-22.31.35:152][880]LogModuleManager: Shutting down and abandoning module LogVisualizer (188)
[2016.11.09-22.31.35:152][880]LogModuleManager: Shutting down and abandoning module GameProjectGeneration (187)
[2016.11.09-22.31.35:152][880]LogModuleManager: Shutting down and abandoning module IntroTutorials (186)
[2016.11.09-22.31.35:152][880]LogModuleManager: Shutting down and abandoning module EditorLiveStreaming (185)
[2016.11.09-22.31.35:152][880]LogModuleManager: Shutting down and abandoning module IOSPlatformEditor (184)
[2016.11.09-22.31.35:152][880]LogModuleManager: Shutting down and abandoning module HTML5PlatformEditor (183)
[2016.11.09-22.31.35:152][880]LogModuleManager: Shutting down and abandoning module AndroidDeviceDetection (182)
[2016.11.09-22.31.35:929][880]LogModuleManager: Shutting down and abandoning module AndroidPlatformEditor (181)
[2016.11.09-22.31.35:929][880]LogModuleManager: Shutting down and abandoning module IOSRuntimeSettings (180)
[2016.11.09-22.31.35:929][880]LogModuleManager: Shutting down and abandoning module AndroidRuntimeSettings (179)
[2016.11.09-22.31.35:929][880]LogModuleManager: Shutting down and abandoning module MergeActors (178)
[2016.11.09-22.31.35:930][880]LogModuleManager: Shutting down and abandoning module SizeMap (177)
[2016.11.09-22.31.35:930][880]LogModuleManager: Shutting down and abandoning module TreeMap (176)
[2016.11.09-22.31.35:930][880]LogModuleManager: Shutting down and abandoning module ReferenceViewer (175)
[2016.11.09-22.31.35:930][880]LogModuleManager: Shutting down and abandoning module LocalizationService (174)
[2016.11.09-22.31.35:930][880]LogModuleManager: Shutting down and abandoning module LocalizationDashboard (173)
[2016.11.09-22.31.35:930][880]LogModuleManager: Shutting down and abandoning module HardwareTargeting (172)
[2016.11.09-22.31.35:930][880]LogModuleManager: Shutting down and abandoning module DeviceProfileEditor (171)
[2016.11.09-22.31.35:930][880]LogModuleManager: Shutting down and abandoning module UndoHistory (170)
[2016.11.09-22.31.35:930][880]LogModuleManager: Shutting down and abandoning module UserFeedback (169)
[2016.11.09-22.31.35:930][880]LogModuleManager: Shutting down and abandoning module XmlParser (168)
[2016.11.09-22.31.35:930][880]LogModuleManager: Shutting down and abandoning module Blutility (167)
[2016.11.09-22.31.35:930][880]LogModuleManager: Shutting down and abandoning module ProjectTargetPlatformEditor (166)
[2016.11.09-22.31.35:930][880]LogModuleManager: Shutting down and abandoning module ProjectSettingsViewer (165)
[2016.11.09-22.31.35:931][880]LogModuleManager: Shutting down and abandoning module InputBindingEditor (164)
[2016.11.09-22.31.35:931][880]LogModuleManager: Shutting down and abandoning module EditorSettingsViewer (163)
[2016.11.09-22.31.35:931][880]LogModuleManager: Shutting down and abandoning module SettingsEditor (162)
[2016.11.09-22.31.35:931][880]LogModuleManager: Shutting down and abandoning module ProjectLauncher (161)
[2016.11.09-22.31.35:931][880]LogModuleManager: Shutting down and abandoning module SessionFrontend (160)
[2016.11.09-22.31.35:931][880]LogModuleManager: Shutting down and abandoning module ProfilerClient (159)
[2016.11.09-22.31.35:931][880]LogModuleManager: Shutting down and abandoning module TargetDeviceServices (158)
[2016.11.09-22.31.35:931][880]LogModuleManager: Shutting down and abandoning module DeviceManager (157)
[2016.11.09-22.31.35:981][880]LogModuleManager: Shutting down and abandoning module AutomationController (156)
[2016.11.09-22.31.35:981][880]LogModuleManager: Shutting down and abandoning module AutomationWindow (155)
[2016.11.09-22.31.35:981][880]LogModuleManager: Shutting down and abandoning module Layers (154)
[2016.11.09-22.31.35:981][880]LogModuleManager: Shutting down and abandoning module ComponentVisualizers (153)
[2016.11.09-22.31.35:981][880]LogModuleManager: Shutting down and abandoning module DetailCustomizations (152)
[2016.11.09-22.31.35:981][880]LogModuleManager: Shutting down and abandoning module PackagesDialog (151)
[2016.11.09-22.31.35:981][880]LogModuleManager: Shutting down and abandoning module Persona (150)
[2016.11.09-22.31.35:981][880]LogModuleManager: Shutting down and abandoning module Kismet (149)
[2016.11.09-22.31.35:981][880]LogModuleManager: Shutting down and abandoning module GraphEditor (148)
[2016.11.09-22.31.35:982][880]LogModuleManager: Shutting down and abandoning module ClassViewer (147)
[2016.11.09-22.31.35:982][880]LogModuleManager: Shutting down and abandoning module Toolbox (146)
[2016.11.09-22.31.35:982][880]LogModuleManager: Shutting down and abandoning module ModuleUI (145)
[2016.11.09-22.31.35:982][880]LogModuleManager: Shutting down and abandoning module MovieSceneTools (144)
[2016.11.09-22.31.35:982][880]LogModuleManager: Shutting down and abandoning module OutputLog (143)
[2016.11.09-22.31.35:982][880]LogModuleManager: Shutting down and abandoning module GammaUI (142)
[2016.11.09-22.31.35:982][880]LogModuleManager: Shutting down and abandoning module Documentation (141)
[2016.11.09-22.31.35:982][880]LogModuleManager: Shutting down and abandoning module StreamingPauseRendering (140)
[2016.11.09-22.31.35:982][880]LogModuleManager: Shutting down and abandoning module AnalyticsET (139)
[2016.11.09-22.31.35:982][880]LogModuleManager: Shutting down and abandoning module Analytics (138)
[2016.11.09-22.31.35:982][880]LogModuleManager: Shutting down and abandoning module PortalServices (137)
[2016.11.09-22.31.35:982][880]LogModuleManager: Shutting down and abandoning module PortalRpc (136)
[2016.11.09-22.31.35:982][880]LogModuleManager: Shutting down and abandoning module MessagingRpc (135)
[2016.11.09-22.31.35:982][880]LogModuleManager: Shutting down and abandoning module GameplayDebugger (134)
[2016.11.09-22.31.35:982][880]LogModuleManager: Shutting down and abandoning module AITestSuite (133)
[2016.11.09-22.31.35:982][880]LogModuleManager: Shutting down and abandoning module AIModule (132)
[2016.11.09-22.31.35:982][880]LogModuleManager: Shutting down and abandoning module ProfilerService (131)
[2016.11.09-22.31.36:193][880]LogModuleManager: Shutting down and abandoning module TaskGraph (130)
[2016.11.09-22.31.36:194][880]LogModuleManager: Shutting down and abandoning module SubstanceEditor (129)
[2016.11.09-22.31.36:194][880]LogModuleManager: Shutting down and abandoning module SlateRemote (128)
[2016.11.09-22.31.36:194][880]LogModuleManager: Shutting down and abandoning module SteamVRController (127)
[2016.11.09-22.31.36:194][880]LogModuleManager: Shutting down and abandoning module SteamVR (126)
[2016.11.09-22.31.36:194][880]LogModuleManager: Shutting down and abandoning module ProceduralMeshComponent (125)
[2016.11.09-22.31.36:194][880]LogModuleManager: Shutting down and abandoning module OculusLibrary (124)
[2016.11.09-22.31.36:194][880]LogModuleManager: Shutting down and abandoning module OculusInput (123)
[2016.11.09-22.31.36:194][880]LogModuleManager: Shutting down and abandoning module CustomMeshComponent (122)
[2016.11.09-22.31.36:194][880]LogModuleManager: Shutting down and abandoning module CableComponent (121)
[2016.11.09-22.31.36:194][880]LogModuleManager: Shutting down and abandoning module ArchVisCharacter (120)
[2016.11.09-22.31.36:194][880]LogModuleManager: Shutting down and abandoning module MediaPlayerEditor (119)
[2016.11.09-22.31.36:194][880]LogModuleManager: Shutting down and abandoning module HTML5Networking (118)
[2016.11.09-22.31.36:194][880]LogModuleManager: Shutting down and abandoning module SuperSearch (117)
[2016.11.09-22.31.36:194][880]LogModuleManager: Shutting down and abandoning module SuperSearchEditor (116)
[2016.11.09-22.31.36:194][880]LogModuleManager: Shutting down and abandoning module SpeedTreeImporter (115)
[2016.11.09-22.31.36:194][880]LogModuleManager: Shutting down and abandoning module PluginBrowser (114)
[2016.11.09-22.31.36:194][880]LogModuleManager: Shutting down and abandoning module EpicSurvey (113)
[2016.11.09-22.31.36:195][880]LogModuleManager: Shutting down and abandoning module DesktopPlatform (112)
[2016.11.09-22.31.36:195][880]LogModuleManager: Shutting down and abandoning module VisualStudioSourceCodeAccess (111)
[2016.11.09-22.31.36:195][880]LogModuleManager: Shutting down and abandoning module UObjectPlugin (110)
[2016.11.09-22.31.36:195][880]LogModuleManager: Shutting down and abandoning module SubversionSourceControl (109)
[2016.11.09-22.31.36:195][880]LogModuleManager: Shutting down and abandoning module PerforceSourceControl (108)
[2016.11.09-22.31.36:195][880]LogModuleManager: Shutting down and abandoning module SourceControl (107)
[2016.11.09-22.31.36:195][880]LogModuleManager: Shutting down and abandoning module GitSourceControl (106)
[2016.11.09-22.31.36:195][880]LogModuleManager: Shutting down and abandoning module LightPropagationVolumeEditor (105)
[2016.11.09-22.31.36:195][880]LogModuleManager: Shutting down and abandoning module PaperTiledImporter (104)
[2016.11.09-22.31.36:195][880]LogModuleManager: Shutting down and abandoning module PaperSpriteSheetImporter (103)
[2016.11.09-22.31.36:195][880]LogModuleManager: Shutting down and abandoning module MeshPaint (102)
[2016.11.09-22.31.36:195][880]LogModuleManager: Shutting down and abandoning module PixelInspectorModule (101)
[2016.11.09-22.31.36:195][880]LogModuleManager: Shutting down and abandoning module HotReload (100)
[2016.11.09-22.31.36:196][880]LogModuleManager: Shutting down and abandoning module MainFrame (99)
[2016.11.09-22.31.36:197][880]LogModuleManager: Shutting down and abandoning module LevelEditor (98)
[2016.11.09-22.31.36:198][880]LogModuleManager: Shutting down and abandoning module ContentBrowser (97)
[2016.11.09-22.31.36:200][880]LogModuleManager: Shutting down and abandoning module Paper2DEditor (96)
[2016.11.09-22.31.36:200][880]LogModuleManager: Shutting down and abandoning module UdpMessaging (95)
[2016.11.09-22.31.36:300][880]LogModuleManager: Shutting down and abandoning module SubstanceCore (94)
[2016.11.09-22.31.36:308][880]LogModuleManager: Shutting down and abandoning module LightPropagationVolumeRuntime (93)
[2016.11.09-22.31.36:308][880]LogModuleManager: Shutting down and abandoning module Paper2D (92)
[2016.11.09-22.31.36:308][880]LogModuleManager: Shutting down and abandoning module WindowsMoviePlayer (91)
[2016.11.09-22.31.36:308][880]LogModuleManager: Shutting down and abandoning module Media (90)
[2016.11.09-22.31.36:308][880]LogModuleManager: Shutting down and abandoning module WmfMedia (89)
[2016.11.09-22.31.36:310][880]LogModuleManager: Shutting down and abandoning module MediaAssets (88)
[2016.11.09-22.31.36:310][880]LogModuleManager: Shutting down and abandoning module GameLiveStreaming (87)
[2016.11.09-22.31.36:310][880]LogModuleManager: Shutting down and abandoning module GameplayTagsEditor (86)
[2016.11.09-22.31.36:310][880]LogModuleManager: Shutting down and abandoning module OnlineBlueprintSupport (85)
[2016.11.09-22.31.36:310][880]LogModuleManager: Shutting down and abandoning module VREditor (84)
[2016.11.09-22.31.36:310][880]LogModuleManager: Shutting down and abandoning module GameplayTasksEditor (83)
[2016.11.09-22.31.36:310][880]LogModuleManager: Shutting down and abandoning module PropertyEditor (82)
[2016.11.09-22.31.36:310][880]LogModuleManager: Shutting down and abandoning module BehaviorTreeEditor (81)
[2016.11.09-22.31.36:310][880]LogModuleManager: Shutting down and abandoning module FunctionalTesting (80)
[2016.11.09-22.31.36:311][880]LogModuleManager: Shutting down and abandoning module CollisionAnalyzer (79)
[2016.11.09-22.31.36:311][880]LogModuleManager: Shutting down and abandoning module Sequencer (78)
[2016.11.09-22.31.36:311][880]LogModuleManager: Shutting down and abandoning module WorkspaceMenuStructure (77)
[2016.11.09-22.31.36:311][880]LogModuleManager: Shutting down and abandoning module MessageLog (76)
[2016.11.09-22.31.36:311][880]LogModuleManager: Shutting down and abandoning module AssetTools (75)
[2016.11.09-22.31.36:311][880]LogModuleManager: Shutting down and abandoning module UMGEditor (74)
[2016.11.09-22.31.36:311][880]LogModuleManager: Shutting down and abandoning module UMG (73)
[2016.11.09-22.31.36:311][880]LogModuleManager: Shutting down and abandoning module SlateReflector (72)
[2016.11.09-22.31.36:312][880]LogModuleManager: Shutting down and abandoning module Slate (71)
[2016.11.09-22.31.36:312][880]LogModuleManager: Shutting down and abandoning module EditorStyle (70)
[2016.11.09-22.31.36:318][880]LogModuleManager: Shutting down and abandoning module SourceCodeAccess (69)
[2016.11.09-22.31.36:318][880]LogModuleManager: Shutting down and abandoning module HeadMountedDisplay (68)
[2016.11.09-22.31.36:318][880]LogModuleManager: Shutting down and abandoning module XAudio2 (67)
[2016.11.09-22.31.36:318][880]LogModuleManager: Shutting down and abandoning module Networking (65)
[2016.11.09-22.31.36:318][880]LogModuleManager: Shutting down and abandoning module Core (64)
[2016.11.09-22.31.36:318][880]LogModuleManager: Shutting down and abandoning module DirectoryWatcher (63)
[2016.11.09-22.31.36:320][880]LogModuleManager: Shutting down and abandoning module AssetRegistry (62)
[2016.11.09-22.31.40:449][880]LogModuleManager: Shutting down and abandoning module KismetCompiler (61)
[2016.11.09-22.31.40:449][880]LogModuleManager: Shutting down and abandoning module PhysXFormats (60)
[2016.11.09-22.31.40:449][880]LogModuleManager: Shutting down and abandoning module MeshUtilities (59)
[2016.11.09-22.31.40:449][880]LogModuleManager: Shutting down and abandoning module DerivedDataCache (58)
[2016.11.09-22.31.40:513][880]LogDerivedDataCache: Shutdown
[2016.11.09-22.31.40:513][880]LogModuleManager: Shutting down and abandoning module VulkanShaderFormat (57)
[2016.11.09-22.31.40:513][880]LogModuleManager: Shutting down and abandoning module ShaderFormatOpenGL (56)
[2016.11.09-22.31.40:514][880]LogModuleManager: Shutting down and abandoning module ShaderFormatD3D (55)
[2016.11.09-22.31.40:514][880]LogModuleManager: Shutting down and abandoning module MetalShaderFormat (54)
[2016.11.09-22.31.40:514][880]LogModuleManager: Shutting down and abandoning module TextureFormatUncompressed (53)
[2016.11.09-22.31.40:514][880]LogModuleManager: Shutting down and abandoning module TextureFormatPVR (52)
[2016.11.09-22.31.40:514][880]LogModuleManager: Shutting down and abandoning module TextureFormatIntelISPCTexComp (51)
[2016.11.09-22.31.40:514][880]LogModuleManager: Shutting down and abandoning module TextureFormatDXT (50)
[2016.11.09-22.31.40:514][880]LogModuleManager: Shutting down and abandoning module ImageWrapper (49)
[2016.11.09-22.31.40:514][880]LogModuleManager: Shutting down and abandoning module TextureFormatASTC (48)
[2016.11.09-22.31.40:514][880]LogModuleManager: Shutting down and abandoning module TextureFormatAndroid (47)
[2016.11.09-22.31.40:514][880]LogModuleManager: Shutting down and abandoning module AudioFormatOpus (46)
[2016.11.09-22.31.40:514][880]LogModuleManager: Shutting down and abandoning module AudioFormatOgg (45)
[2016.11.09-22.31.40:514][880]LogModuleManager: Shutting down and abandoning module AudioFormatADPCM (44)
[2016.11.09-22.31.40:514][880]LogModuleManager: Shutting down and abandoning module LinuxTargetPlatform (43)
[2016.11.09-22.31.40:514][880]LogModuleManager: Shutting down and abandoning module LinuxServerTargetPlatform (42)
[2016.11.09-22.31.40:514][880]LogModuleManager: Shutting down and abandoning module LinuxNoEditorTargetPlatform (41)
[2016.11.09-22.31.40:514][880]LogModuleManager: Shutting down and abandoning module TVOSTargetPlatform (40)
[2016.11.09-22.31.40:514][880]LogModuleManager: Shutting down and abandoning module Messaging (39)
[2016.11.09-22.31.40:514][880]LogModuleManager: Shutting down and abandoning module IOSTargetPlatform (38)
[2016.11.09-22.31.40:514][880]LogModuleManager: Shutting down and abandoning module HTML5TargetPlatform (37)
[2016.11.09-22.31.40:514][880]LogModuleManager: Shutting down and abandoning module Android_PVRTCTargetPlatform (36)
[2016.11.09-22.31.40:514][880]LogModuleManager: Shutting down and abandoning module Android_MultiTargetPlatform (35)
[2016.11.09-22.31.40:515][880]LogModuleManager: Shutting down and abandoning module Android_ETC2TargetPlatform (34)
[2016.11.09-22.31.40:515][880]LogModuleManager: Shutting down and abandoning module Android_ETC1TargetPlatform (33)
[2016.11.09-22.31.40:515][880]LogModuleManager: Shutting down and abandoning module Android_DXTTargetPlatform (32)
[2016.11.09-22.31.40:515][880]LogModuleManager: Shutting down and abandoning module Android_ATCTargetPlatform (31)
[2016.11.09-22.31.40:515][880]LogModuleManager: Shutting down and abandoning module Android_ASTCTargetPlatform (30)
[2016.11.09-22.31.40:515][880]LogModuleManager: Shutting down and abandoning module AndroidTargetPlatform (29)
[2016.11.09-22.31.40:515][880]LogModuleManager: Shutting down and abandoning module WindowsTargetPlatform (28)
[2016.11.09-22.31.40:515][880]LogModuleManager: Shutting down and abandoning module WindowsServerTargetPlatform (27)
[2016.11.09-22.31.40:515][880]LogModuleManager: Shutting down and abandoning module WindowsNoEditorTargetPlatform (26)
[2016.11.09-22.31.40:515][880]LogModuleManager: Shutting down and abandoning module WindowsClientTargetPlatform (25)
[2016.11.09-22.31.40:515][880]LogModuleManager: Shutting down and abandoning module AllDesktopTargetPlatform (24)
[2016.11.09-22.31.40:515][880]LogModuleManager: Shutting down and abandoning module TargetPlatform (23)
[2016.11.09-22.31.40:515][880]LogModuleManager: Shutting down and abandoning module InputCore (22)
[2016.11.09-22.31.40:515][880]LogModuleManager: Shutting down and abandoning module Settings (21)
[2016.11.09-22.31.40:515][880]LogModuleManager: Shutting down and abandoning module OnlineSubsystem (19)
[2016.11.09-22.31.40:515][880]LogModuleManager: Shutting down and abandoning module HTTP (18)
[2016.11.09-22.31.45:395][880]LogModuleManager: Shutting down and abandoning module XMPP (17)
[2016.11.09-22.31.45:395][880]LogModuleManager: Shutting down and abandoning module OculusRift (16)
[2016.11.09-22.31.45:395][880]LogModuleManager: Shutting down and abandoning module ExampleDeviceProfileSelector (15)
[2016.11.09-22.31.45:395][880]LogModuleManager: Shutting down and abandoning module TextureCompressor (14)
[2016.11.09-22.31.45:395][880]LogModuleManager: Shutting down and abandoning module ShaderCore (13)
[2016.11.09-22.31.45:395][880]LogModuleManager: Shutting down and abandoning module Landscape (12)
[2016.11.09-22.31.45:396][880]LogModuleManager: Shutting down and abandoning module SlateRHIRenderer (11)
[2016.11.09-22.31.45:398][880]LogModuleManager: Shutting down and abandoning module OpenGLDrv (10)
[2016.11.09-22.31.45:398][880]LogModuleManager: Shutting down and abandoning module D3D11RHI (9)
[2016.11.09-22.31.45:398][880]LogModuleManager: Shutting down and abandoning module AnimGraphRuntime (8)
[2016.11.09-22.31.45:398][880]LogModuleManager: Shutting down and abandoning module Renderer (7)
[2016.11.09-22.31.45:398][880]LogModuleManager: Shutting down and abandoning module Engine (6)
[2016.11.09-22.31.45:398][880]LogModuleManager: Shutting down and abandoning module CoreUObject (5)
[2016.11.09-22.31.45:398][880]LogModuleManager: Shutting down and abandoning module NetworkFile (4)
[2016.11.09-22.31.45:398][880]LogModuleManager: Shutting down and abandoning module StreamingFile (3)
[2016.11.09-22.31.45:398][880]LogModuleManager: Shutting down and abandoning module SandboxFile (2)
[2016.11.09-22.31.45:398][880]LogModuleManager: Shutting down and abandoning module PakFile (1)
[2016.11.09-22.31.45:402][880]LogExit: Exiting.
[2016.11.09-22.31.45:433][880]Log file closed, 11/09/16 17:31:45
