Log file open, 11/21/18 17:47:09
LogInit:Display: Running engine for game: ProjetManoir
LogPlatformFile: Not using cached read wrapper
LogInit:Display: RandInit(2082238135) SRandInit(2082238135).
LogTaskGraph: Started task graph with 5 named threads and 12 total threads with 1 sets of task threads.
LogStats: Stats thread started at 0.371900
LogInit: Using libcurl 7.47.1
LogInit:  - built for x86_64-pc-win32
LogInit:  - supports SSL with OpenSSL/1.0.2g
LogInit:  - supports HTTP deflate (compression) using libz 1.2.8
LogInit:  - other features:
LogInit:      CURL_VERSION_SSL
LogInit:      CURL_VERSION_LIBZ
LogInit:      CURL_VERSION_IPV6
LogInit:      CURL_VERSION_ASYNCHDNS
LogInit:      CURL_VERSION_LARGEFILE
LogInit:      CURL_VERSION_IDN
LogInit:  CurlRequestOptions (configurable via config and command line):
LogInit:  - bVerifyPeer = false  - Libcurl will NOT verify peer certificate
LogInit:  - bUseHttpProxy = false  - Libcurl will NOT use HTTP proxy
LogInit:  - bDontReuseConnections = false  - Libcurl will reuse connections
LogInit:  - CertBundlePath = nullptr  - Libcurl will use whatever was configured at build time.
LogInit: Build: ++UE4+Release-4.16-CL-3561208
LogInit: Engine Version: 4.16.3-3561208+++UE4+Release-4.16
LogInit: Compatible Engine Version: 4.16.0-3452394+++UE4+Release-4.16
LogInit: Net CL: 3452394
LogDevObjectVersion: Number of dev versions registered: 16
LogDevObjectVersion:   Dev-Blueprints (B0D832E4-1F89-4F0D-ACCF-7EB736FD4AA2): 9
LogDevObjectVersion:   Dev-Build (E1C64328-A22C-4D53-A36C-8E866417BD8C): 0
LogDevObjectVersion:   Dev-Core (375EC13C-06E4-48FB-B500-84F0262A717E): 2
LogDevObjectVersion:   Dev-Editor (E4B068ED-F494-42E9-A231-DA0B2E46BB41): 17
LogDevObjectVersion:   Dev-Framework (CFFC743F-43B0-4480-9391-14DF171D2073): 23
LogDevObjectVersion:   Dev-Mobile (B02B49B5-BB20-44E9-A304-32B752E40360): 0
LogDevObjectVersion:   Dev-Networking (A4E4105C-59A1-49B5-A7C5-40C4547EDFEE): 0
LogDevObjectVersion:   Dev-Online (39C831C9-5AE6-47DC-9A44-9C173E1C8E7C): 0
LogDevObjectVersion:   Dev-Physics (78F01B33-EBEA-4F98-B9B4-84EACCB95AA2): 0
LogDevObjectVersion:   Dev-Platform (6631380F-2D4D-43E0-8009-CF276956A95A): 0
LogDevObjectVersion:   Dev-Rendering (12F88B9F-8875-4AFC-A67C-D90C383ABD29): 15
LogDevObjectVersion:   Dev-Sequencer (7B5AE74C-D270-4C10-A958-57980B212A5A): 4
LogDevObjectVersion:   Dev-VR (D7296918-1DD6-4BDD-9DE2-64A83CC13884): 0
LogDevObjectVersion:   Dev-LoadTimes (C2A15278-BFE7-4AFE-6C17-90FF531DF755): 1
LogDevObjectVersion:   Private-Geometry (6EACA3D4-40EC-4CC1-B786-8BED09428FC5): 1
LogDevObjectVersion:   Dev-AnimPhys (29E575DD-E0A3-4627-9D10-D276232CDCEA): 3
LogInit: Compiled (64-bit): Jul 28 2017 11:49:47
LogInit: Compiled with Visual C++: 19.00.24215.01
LogInit: Build Configuration: Development
LogInit: Branch Name: ++UE4+Release-4.16
LogInit: Command line:  
LogInit: Base directory: C:/Program Files/Epic Games/UE_4.16/Engine/Binaries/Win64/
LogInit: Installed Engine Build: 1
LogInit: Presizing for max 8388607 objects, including 0 objects not considered by GC, pre-allocating 0 bytes for permanent pool.
LogInit: Object subsystem initialized
[2018.11.21-22.47.10:595][  0]LogInit: Selected Device Profile: [Windows]
[2018.11.21-22.47.10:595][  0]LogInit: Applying CVar settings loaded from the selected device profile: [Windows]
[2018.11.21-22.47.10:623][  0]LogInit: Computer: 337-PR
[2018.11.21-22.47.10:623][  0]LogInit: User: cguertin1
[2018.11.21-22.47.10:623][  0]LogInit: CPU Page size=4096, Cores=8
[2018.11.21-22.47.10:623][  0]LogInit: High frequency timer resolution =3.314085 MHz
[2018.11.21-22.47.10:623][  0]LogMemory: Memory total: Physical=31.9GB (32GB approx)
[2018.11.21-22.47.10:623][  0]LogMemory: Platform Memory Stats for Windows
[2018.11.21-22.47.10:623][  0]LogMemory: Process Physical Memory: 275.21 MB used, 275.21 MB peak
[2018.11.21-22.47.10:623][  0]LogMemory: Process Virtual Memory: 269.65 MB used, 269.65 MB peak
[2018.11.21-22.47.10:623][  0]LogMemory: Physical Memory: 4636.09 MB used,  28066.60 MB free, 32702.69 MB total
[2018.11.21-22.47.10:623][  0]LogMemory: Virtual Memory: 4784.29 MB used,  28066.60 MB free, 134217728.00 MB total
[2018.11.21-22.47.10:926][  0]LogInit: Using OS detected language (fr-CA).
[2018.11.21-22.47.10:926][  0]LogInit: Using OS detected locale (fr-CA).
[2018.11.21-22.47.10:935][  0]LogTextLocalizationManager: No localization for 'fr-CA' exists, so 'en' will be used for the language.
[2018.11.21-22.47.10:935][  0]LogTextLocalizationManager: No localization for 'fr-CA' exists, so 'en' will be used for the locale.
[2018.11.21-22.47.12:171][  0]LogD3D11RHI: D3D11 adapters:
[2018.11.21-22.47.12:285][  0]LogD3D11RHI:    0. 'NVIDIA GeForce GTX 1060 6GB' (Feature Level 11_0)
[2018.11.21-22.47.12:285][  0]LogD3D11RHI:       6052/0/16351 MB DedicatedVideo/DedicatedSystem/SharedSystem, Outputs:2, VendorId:0x10de
[2018.11.21-22.47.12:287][  0]LogD3D11RHI:    1. 'Microsoft Basic Render Driver' (Feature Level 11_0)
[2018.11.21-22.47.12:287][  0]LogD3D11RHI:       0/0/16351 MB DedicatedVideo/DedicatedSystem/SharedSystem, Outputs:0, VendorId:0x1414
[2018.11.21-22.47.12:287][  0]LogD3D11RHI: Chosen D3D11 Adapter: 0
[2018.11.21-22.47.12:295][  0]LogD3D11RHI: Creating new Direct3DDevice
[2018.11.21-22.47.12:295][  0]LogD3D11RHI:     GPU DeviceId: 0x1c03 (for the marketing name, search the web for "GPU Device Id")
[2018.11.21-22.47.12:295][  0]LogWindows: EnumDisplayDevices:
[2018.11.21-22.47.12:295][  0]LogWindows:    0. 'NVIDIA GeForce GTX 1060 6GB' (P:0 D:1)
[2018.11.21-22.47.12:295][  0]LogWindows:    1. 'NVIDIA GeForce GTX 1060 6GB' (P:0 D:0)
[2018.11.21-22.47.12:295][  0]LogWindows:    2. 'NVIDIA GeForce GTX 1060 6GB' (P:1 D:1)
[2018.11.21-22.47.12:296][  0]LogWindows:    3. 'NVIDIA GeForce GTX 1060 6GB' (P:0 D:0)
[2018.11.21-22.47.12:296][  0]LogWindows: DebugString: GetVideoDriverDetailsInvalid PrimaryIsNotTheChoosenAdapter GetVideoDriverDetailsInvalid PrimaryIsNotTheChoosenAdapter GetVideoDriverDetailsInvalid PrimaryIsNotTheChoosenAdapter GetVideoDriverDetailsInvalid PrimaryIsNotTheChoosenAdapter FoundDriverCount:0 
[2018.11.21-22.47.12:296][  0]LogD3D11RHI:     Adapter Name: NVIDIA GeForce GTX 1060 6GB
[2018.11.21-22.47.12:296][  0]LogD3D11RHI:   Driver Version: Unknown (internal:Unknown, unified:Unknown)
[2018.11.21-22.47.12:296][  0]LogD3D11RHI:      Driver Date: Unknown
[2018.11.21-22.47.12:296][  0]LogRHI: Texture pool is 1361 MB (70% of 1945 MB)
[2018.11.21-22.47.12:340][  0]LogD3D11RHI: Async texture creation enabled
[2018.11.21-22.47.12:364][  0]LogD3D11RHI: GPU Timing Frequency: 1000.000000 (Debug: 2 2)
[2018.11.21-22.47.12:454][  0]LogShaderCompilers: Guid format shader working directory is -23 characters bigger than the processId version (Z:/Groupes-cours/NAND205-A18-N11/Ressources/Travaux/Cours_12/ProjetManoir/Intermediate/Shaders/WorkingDirectory/1632/).
[2018.11.21-22.47.12:454][  0]LogShaderCompilers: Cleaned the shader compiler working directory 'C:/Users/cguertin1/AppData/Local/Temp/UnrealShaderWorkingDir/DBC936C949D0FD8DFEDD689EFE7FEB14/'.
[2018.11.21-22.47.12:455][  0]LogShaderCompilers:Display: Using Local Shader Compiler.
[2018.11.21-22.47.14:295][  0]LogTemp:Display: Loaded TP AllDesktopTargetPlatform
[2018.11.21-22.47.14:380][  0]LogTemp:Display: Loaded TP MacClientTargetPlatform
[2018.11.21-22.47.14:468][  0]LogTemp:Display: Loaded TP MacNoEditorTargetPlatform
[2018.11.21-22.47.14:551][  0]LogTemp:Display: Loaded TP MacServerTargetPlatform
[2018.11.21-22.47.14:635][  0]LogTemp:Display: Loaded TP MacTargetPlatform
[2018.11.21-22.47.14:718][  0]LogTemp:Display: Loaded TP WindowsClientTargetPlatform
[2018.11.21-22.47.14:810][  0]LogTemp:Display: Loaded TP WindowsNoEditorTargetPlatform
[2018.11.21-22.47.14:906][  0]LogTemp:Display: Loaded TP WindowsServerTargetPlatform
[2018.11.21-22.47.14:984][  0]LogTemp:Display: Loaded TP WindowsTargetPlatform
[2018.11.21-22.47.15:068][  0]LogTemp:Display: Loaded TP AndroidTargetPlatform
[2018.11.21-22.47.15:166][  0]LogTemp:Display: Loaded TP Android_ASTCTargetPlatform
[2018.11.21-22.47.15:246][  0]LogTemp:Display: Loaded TP Android_ATCTargetPlatform
[2018.11.21-22.47.15:327][  0]LogTemp:Display: Loaded TP Android_DXTTargetPlatform
[2018.11.21-22.47.15:409][  0]LogTemp:Display: Loaded TP Android_ETC1TargetPlatform
[2018.11.21-22.47.15:493][  0]LogTemp:Display: Loaded TP Android_ETC2TargetPlatform
[2018.11.21-22.47.15:654][  0]LogTemp:Display: Loaded TP Android_MultiTargetPlatform
[2018.11.21-22.47.15:654][  0]LogTemp:Display: Loaded TP Android_PVRTCTargetPlatform
[2018.11.21-22.47.15:719][  0]LogTemp:Display: Loaded TP HTML5TargetPlatform
[2018.11.21-22.47.15:879][  0]LogTemp:Display: Loaded TP IOSTargetPlatform
[2018.11.21-22.47.15:928][  0]LogTemp:Display: Loaded TP TVOSTargetPlatform
[2018.11.21-22.47.16:008][  0]LogTemp:Display: Loaded TP LinuxClientTargetPlatform
[2018.11.21-22.47.16:088][  0]LogTemp:Display: Loaded TP LinuxNoEditorTargetPlatform
[2018.11.21-22.47.16:174][  0]LogTemp:Display: Loaded TP LinuxServerTargetPlatform
[2018.11.21-22.47.16:255][  0]LogTemp:Display: Loaded TP LinuxTargetPlatform
[2018.11.21-22.47.16:255][  0]LogTargetPlatformManager:Display: Building Assets For Windows
[2018.11.21-22.47.17:367][  0]LogDerivedDataCache:Display: Max Cache Size: 512 MB
[2018.11.21-22.47.17:625][  0]LogDerivedDataCache: Loaded boot cache 0.26s 90MB C:/Users/cguertin1/AppData/Local/UnrealEngine/4.16/DerivedDataCache/Boot.ddc.
[2018.11.21-22.47.17:626][  0]LogDerivedDataCache:Display: Loaded Boot cache: C:/Users/cguertin1/AppData/Local/UnrealEngine/4.16/DerivedDataCache/Boot.ddc
[2018.11.21-22.47.17:626][  0]LogDerivedDataCache: FDerivedDataBackendGraph:  Pak pak cache file Z:/Groupes-cours/NAND205-A18-N11/Ressources/Travaux/Cours_12/ProjetManoir/DerivedDataCache/DDC.ddp not found, will not use a pak cache.
[2018.11.21-22.47.17:626][  0]LogDerivedDataCache: Unable to find inner node Pak for hierarchical cache Hierarchy.
[2018.11.21-22.47.17:626][  0]LogDerivedDataCache: FDerivedDataBackendGraph:  CompressedPak pak cache file Z:/Groupes-cours/NAND205-A18-N11/Ressources/Travaux/Cours_12/ProjetManoir/DerivedDataCache/Compressed.ddp not found, will not use a pak cache.
[2018.11.21-22.47.17:626][  0]LogDerivedDataCache: Unable to find inner node CompressedPak for hierarchical cache Hierarchy.
[2018.11.21-22.47.17:650][  0]LogDerivedDataCache:Display: Pak cache opened for reading ../../../Engine/DerivedDataCache/Compressed.ddp.
[2018.11.21-22.47.17:664][  0]LogDerivedDataCache: Using Local data cache path C:/Users/cguertin1/AppData/Local/UnrealEngine/Common/DerivedDataCache: Writable
[2018.11.21-22.47.17:676][  0]LogMaterial: Verifying Global Shaders for PCD3D_SM5
[2018.11.21-22.47.17:677][  0]LogSlate: Using Freetype 2.6.0
[2018.11.21-22.47.17:681][  0]LogSlate: SlateFontCache - WITH_FREETYPE: 1, WITH_HARFBUZZ: 1
[2018.11.21-22.47.17:682][  0]LogSlate: SlateFontCache - WITH_FREETYPE: 1, WITH_HARFBUZZ: 1
[2018.11.21-22.47.20:727][  0]LogInit: Selected Device Profile: [Windows]
[2018.11.21-22.47.20:881][  0]LogContentStreaming: Texture pool size is 0.00 MB
[2018.11.21-22.47.21:227][  0]LogMeshUtilities: Using QuadricMeshReduction for automatic static mesh reduction
[2018.11.21-22.47.21:334][  0]LogSimplygon: Simplygon DLL not present - disabling.
[2018.11.21-22.47.21:408][  0]LogMeshUtilities: Using SimplygonSwarm for distributed automatic mesh merging
[2018.11.21-22.47.21:408][  0]LogMeshUtilities: No automatic skeletal mesh reduction module available
[2018.11.21-22.47.21:409][  0]LogMeshUtilities: No automatic mesh merging module available
[2018.11.21-22.47.22:318][  0]LogNetVersion: ProjetManoir , NetCL: 3452394, EngineNetVer: 2, GameNetVer: 0 (Checksum: 221314123)
[2018.11.21-22.47.22:412][  0]LogAssetRegistry: FAssetRegistry took 0.0311 seconds to start up
[2018.11.21-22.47.22:529][  0]LogPackageLocalizationCache: Processed 5 localized package path(s) for 1 prioritized culture(s) in 0.075383 seconds
[2018.11.21-22.47.22:535][  0]LogUObjectArray: 34194 objects as part of root set at end of initial load.
[2018.11.21-22.47.22:535][  0]LogUObjectAllocator: 7260416 out of 0 bytes used by permanent object pool.
[2018.11.21-22.47.22:535][  0]LogUObjectArray: CloseDisregardForGC: 0/0 objects in disregard for GC pool
[2018.11.21-22.47.22:650][  0]LogInit: WinSock: version 1.1 (2.2), MaxSocks=32767, MaxUdp=65467
[2018.11.21-22.47.27:022][  0]LogSubstanceCoreModule: Substance [CPU] Engine Loaded, Max Texture Size = 2048
[2018.11.21-22.47.27:072][  0]LogTcpMessaging: Initializing TcpMessaging bridge
[2018.11.21-22.47.27:136][  0]LogUdpMessaging: Initializing bridge on interface 0.0.0.0:0 to multicast group 230.0.0.1:6666.
[2018.11.21-22.47.27:137][  0]LogDirectoryWatcher: A directory notification failed for 'Z:/Groupes-cours/NAND205-A18-N11/Ressources/Travaux/Cours_12/ProjetManoir/Content/' because it was empty or there was a buffer overflow. Attemping another request...
[2018.11.21-22.47.27:993][  0]LogMaterial: Uniform references updated for custom material expression Custom.
[2018.11.21-22.47.28:602][  0]SourceControl: Info Source control is disabled
[2018.11.21-22.47.28:692][  0]SourceControl: Info Source control is disabled
[2018.11.21-22.47.28:778][  0]SourceControl: Info Source control is disabled
[2018.11.21-22.47.28:855][  0]SourceControl: Info Source control is disabled
[2018.11.21-22.47.29:996][  0]LogAndroidPermission: UAndroidPermissionCallbackProxy::GetInstance
[2018.11.21-22.47.30:324][  0]LogHoudiniEngine: Starting the Houdini Engine module.
[2018.11.21-22.47.30:331][  0]LogHoudiniEngine: Loaded libHAPIL.dll from Registry path C:\Program Files\Side Effects Software\Houdini 16.0.671/bin
[2018.11.21-22.47.30:332][  0]LogLinker:Warning: Asset '../../../Engine/Plugins/Runtime/HoudiniEngine/Content/houdini_logo.uasset' has been saved with empty engine version. The asset will be loaded but may be incompatible.
[2018.11.21-22.47.30:334][  0]LogLinker:Warning: Asset '../../../Engine/Plugins/Runtime/HoudiniEngine/Content/houdini_default_material.uasset' has been saved with empty engine version. The asset will be loaded but may be incompatible.
[2018.11.21-22.47.30:338][  0]LogLinker:Warning: Asset '../../../Engine/Plugins/Runtime/HoudiniEngine/Content/houdini_bgeo_import.uasset' has been saved with empty engine version. The asset will be loaded but may be incompatible.
[2018.11.21-22.47.31:068][  0]LogDirectoryWatcher: A directory notification failed for 'Z:/Groupes-cours/NAND205-A18-N11/Ressources/Travaux/Cours_12/ProjetManoir/Content/' because it was empty or there was a buffer overflow. Attemping another request...
[2018.11.21-22.47.31:068][  0]LogDirectoryWatcher: A directory notification failed for 'Z:/Groupes-cours/NAND205-A18-N11/Ressources/Travaux/Cours_12/ProjetManoir/Content/', and we were unable to create a new request.
[2018.11.21-22.47.32:846][  0]LogHoudiniEngine: Successfully intialized the Houdini Engine API module.
[2018.11.21-22.47.33:688][  0]LogEngine: Initializing Engine...
[2018.11.21-22.47.33:689][  0]LogHMD: Failed to initialize OpenVR with code 110
[2018.11.21-22.47.33:886][  0]LogStats: UGameplayTagsManager::ConstructGameplayTagTree: Construct from data asset -  0.000 s
[2018.11.21-22.47.33:887][  0]LogStats: UGameplayTagsManager::ConstructGameplayTagTree: GameplayTagTreeChangedEvent.Broadcast -  0.000 s
[2018.11.21-22.47.34:130][  0]LogAIModule: Creating AISystem for world Untitled
[2018.11.21-22.47.34:162][  0]LogInit: XAudio2 using 'Default EDID (NVIDIA High Definition Audio)' : 2 channels at 48 kHz using 16 bits per sample (channel mask 0x3)
[2018.11.21-22.47.34:197][  0]LogInit: FAudioDevice initialized.
[2018.11.21-22.47.34:251][  0]LogDerivedDataCache: Saved boot cache 0.05s 90MB C:/Users/cguertin1/AppData/Local/UnrealEngine/4.16/DerivedDataCache/Boot.ddc.
[2018.11.21-22.47.34:266][  0]LogInit: Texture streaming: Enabled
[2018.11.21-22.47.34:430][  0]LogEngineSessionManager: EngineSessionManager initialized
[2018.11.21-22.47.34:807][  0]LogInit: Transaction tracking system initialized
[2018.11.21-22.47.35:343][  0]BlueprintLog: New page: Editor Load
[2018.11.21-22.47.36:935][  0]LocalizationService: Info Localization service is disabled
[2018.11.21-22.47.38:082][  0]LogConsoleResponse:Display: 
[2018.11.21-22.47.38:271][  0]LogCook:Display: Max memory allowance for cook 16384mb min free memory 0mb
[2018.11.21-22.47.38:271][  0]LogCook:Display: Mobile HDR setting 1
[2018.11.21-22.47.38:960][  0]LogFileCache: Scanning file cache for directory 'Z:/Groupes-cours/NAND205-A18-N11/Ressources/Travaux/Cours_12/ProjetManoir/Content/' took 0.07s
[2018.11.21-22.47.39:313][  0]LogHoudiniEngineEditor: Starting the Houdini Engine Editor module.
[2018.11.21-22.47.40:073][  0]SourceControl: Info Source control is disabled
[2018.11.21-22.47.40:073][  0]Cmd: MAP LOAD FILE="../../../Engine/Content/Maps/Templates/Template_Default.umap" TEMPLATE=1 SHOWPROGRESS=1 FEATURELEVEL=3
[2018.11.21-22.47.40:074][  0]LightingResults: New page: Lighting Build
[2018.11.21-22.47.40:153][  0]MapCheck: New page: Map Check
[2018.11.21-22.47.40:153][  0]LightingResults: New page: Lighting Build
[2018.11.21-22.47.40:407][  0]LogAIModule: Creating AISystem for world Untitled_1
[2018.11.21-22.47.40:408][  0]LogActorComponent: RegisterComponentWithWorld: (/Temp/Untitled_1.Untitled_1:PersistentLevel.WorldSettings_1.StaticMeshComponent0) Trying to register component with IsPendingKill() == true. Aborting.
[2018.11.21-22.47.40:420][  0]LogEditorServer: Finished looking for orphan Actors (0.000 secs)
[2018.11.21-22.47.40:437][  0]Cmd: MAP CHECKDEP NOCLEARLOG
[2018.11.21-22.47.40:506][  0]MapCheck: Info Map check complete: 0 Error(s), 0 Warning(s), took 69.489ms to complete.
[2018.11.21-22.47.40:506][  0]LogFileHelpers: Loading map 'Template_Default' took 0.433
[2018.11.21-22.47.40:736][  0]LogCollectionManager: Loaded 0 collections in 0.003579 seconds
[2018.11.21-22.47.40:864][  0]LogFileCache: Scanning file cache for directory 'Z:/Groupes-cours/NAND205-A18-N11/Ressources/Travaux/Cours_12/ProjetManoir/Saved/Collections/' took 0.01s
[2018.11.21-22.47.40:864][  0]LogFileCache: Scanning file cache for directory 'Z:/Groupes-cours/NAND205-A18-N11/Ressources/Travaux/Cours_12/ProjetManoir/Content/Developers/cguertin1/Collections/' took 0.01s
[2018.11.21-22.47.40:864][  0]LogFileCache: Scanning file cache for directory 'Z:/Groupes-cours/NAND205-A18-N11/Ressources/Travaux/Cours_12/ProjetManoir/Content/Collections/' took 0.01s
[2018.11.21-22.47.40:864][  0]LogCollectionManager: Rebuilt the GUID cache for 0 collections in 0.000006 seconds
[2018.11.21-22.47.40:876][  0]LogContentBrowser: Native class hierarchy populated in 0.0115 seconds. Added 2376 classes and 504 folders.
[2018.11.21-22.47.40:983][  0]LogContentBrowser: Native class hierarchy updated for 'WidgetCarousel' in 0.0007 seconds. Added 0 classes and 0 folders.
[2018.11.21-22.47.41:084][  0]LogContentBrowser: Native class hierarchy updated for 'AddContentDialog' in 0.0007 seconds. Added 0 classes and 0 folders.
[2018.11.21-22.47.41:154][  0]LogContentBrowser: Native class hierarchy updated for 'SceneOutliner' in 0.0007 seconds. Added 1 classes and 2 folders.
[2018.11.21-22.47.41:226][  0]LogCrashTracker: Crashtracker disabled due to settings.
[2018.11.21-22.47.41:234][  0]LogSlate: Took 0.001807 seconds to synchronously load lazily loaded font '../../../Engine/Content/Slate/Fonts/Roboto-Regular.ttf' (155K)
[2018.11.21-22.47.41:238][  0]LogSlate: Took 0.001720 seconds to synchronously load lazily loaded font '../../../Engine/Content/Slate/Fonts/Roboto-Bold.ttf' (160K)
[2018.11.21-22.47.41:246][  0]LogSlate: Took 0.001342 seconds to synchronously load lazily loaded font '../../../Engine/Content/Editor/Slate/Fonts/FontAwesome.ttf' (139K)
[2018.11.21-22.47.41:340][  0]LogRenderer: Reallocating scene render targets to support 1208x668 NumSamples 1 (Frame:1).
[2018.11.21-22.47.41:672][  0]LogContentBrowser: Native class hierarchy updated for 'HierarchicalLODOutliner' in 0.0008 seconds. Added 1 classes and 2 folders.
[2018.11.21-22.47.41:672][  0]LogLoad: (Engine Initialization) Total time: 35.44 seconds
[2018.11.21-22.47.41:672][  0]LogLoad: (Engine Initialization) Total Blueprint compile time: 0.13 seconds
[2018.11.21-22.47.41:672][  0]LogExternalProfiler: No external profilers were discovered.  External profiling features will not be available.
[2018.11.21-22.47.41:682][  0]LogWindowsTextInputMethodSystem:Display: IME system now deactivated.
[2018.11.21-22.47.41:682][  0]LogOcInput: OculusInput pre-init called
[2018.11.21-22.47.41:682][  0]LogHMD: Starting GearVRController plugin
[2018.11.21-22.47.41:699][  0]LogDirectoryWatcher: A directory notification failed for 'Z:/Groupes-cours/NAND205-A18-N11/Ressources/Travaux/Cours_12/ProjetManoir/Saved/Collections/' because it was empty or there was a buffer overflow. Attemping another request...
[2018.11.21-22.47.41:699][  0]LogDirectoryWatcher: A directory notification failed for 'Z:/Groupes-cours/NAND205-A18-N11/Ressources/Travaux/Cours_12/ProjetManoir/Content/Developers/cguertin1/Collections/' because it was empty or there was a buffer overflow. Attemping another request...
[2018.11.21-22.47.41:699][  0]LogDirectoryWatcher: A directory notification failed for 'Z:/Groupes-cours/NAND205-A18-N11/Ressources/Travaux/Cours_12/ProjetManoir/Content/Collections/' because it was empty or there was a buffer overflow. Attemping another request...
[2018.11.21-22.47.41:700][  0]LogContentStreaming: Texture pool size now 1000 MB
[2018.11.21-22.47.41:725][  0]LogSlate: Took 0.001536 seconds to synchronously load lazily loaded font '../../../Engine/Content/Slate/Fonts/Roboto-Light.ttf' (159K)
[2018.11.21-22.47.41:806][  1]LogAssetRegistry: Asset discovery search completed in 19.4161 seconds
[2018.11.21-22.47.41:807][  1]LogCollectionManager: Rebuilt the object cache for 0 collections in 0.000001 seconds (found 0 objects)
[2018.11.21-22.47.41:807][  1]LogCollectionManager: Fixed up redirectors for 0 collections in 0.000041 seconds (updated 0 objects)
[2018.11.21-22.47.41:807][  1]LogDirectoryWatcher: A directory notification failed for 'Z:/Groupes-cours/NAND205-A18-N11/Ressources/Travaux/Cours_12/ProjetManoir/Saved/Collections/' because it was empty or there was a buffer overflow. Attemping another request...
[2018.11.21-22.47.41:811][  1]LogDirectoryWatcher: A directory notification failed for 'Z:/Groupes-cours/NAND205-A18-N11/Ressources/Travaux/Cours_12/ProjetManoir/Saved/Collections/', and we were unable to create a new request.
[2018.11.21-22.47.41:811][  1]LogDirectoryWatcher: A directory notification failed for 'Z:/Groupes-cours/NAND205-A18-N11/Ressources/Travaux/Cours_12/ProjetManoir/Content/Collections/' because it was empty or there was a buffer overflow. Attemping another request...
[2018.11.21-22.47.41:812][  1]LogDirectoryWatcher: A directory notification failed for 'Z:/Groupes-cours/NAND205-A18-N11/Ressources/Travaux/Cours_12/ProjetManoir/Content/Collections/', and we were unable to create a new request.
[2018.11.21-22.47.41:812][  1]LogDirectoryWatcher: A directory notification failed for 'Z:/Groupes-cours/NAND205-A18-N11/Ressources/Travaux/Cours_12/ProjetManoir/Content/Developers/cguertin1/Collections/' because it was empty or there was a buffer overflow. Attemping another request...
[2018.11.21-22.47.41:812][  1]LogDirectoryWatcher: A directory notification failed for 'Z:/Groupes-cours/NAND205-A18-N11/Ressources/Travaux/Cours_12/ProjetManoir/Content/Developers/cguertin1/Collections/', and we were unable to create a new request.
[2018.11.21-22.49.57:667][758]LogSlate: Took 0.000183 seconds to synchronously load lazily loaded font '../../../Engine/Content/Slate/Fonts/Roboto-Light.ttf' (159K)
[2018.11.21-22.49.58:282][758]LogMaterial: Missing cached shader map for material Bois_beam_MAT, compiling. 
[2018.11.21-22.49.58:410][758]LogTexture:Display: Building textures: HQ_Lightmap0_1 (AutoDXT, 1024X1024)
[2018.11.21-22.49.58:615][758]LogTexture:Display: Building textures: HQ_Lightmap0_3 (AutoDXT, 64X64)
[2018.11.21-22.49.58:629][758]LogTexture:Display: Building textures: HQ_Lightmap1_2 (AutoDXT, 1024X1024)
[2018.11.21-22.49.58:762][758]LogTexture:Display: Building textures: LQ_Lightmap_0_1 (DXT1, 1024X1024)
[2018.11.21-22.49.58:894][758]LogTexture:Display: Building textures: LQ_Lightmap_0_3 (DXT1, 64X64)
[2018.11.21-22.49.58:905][758]LogTexture:Display: Building textures: LQ_Lightmap_1_2 (DXT1, 1024X1024)
[2018.11.21-22.49.58:995][758]LogTexture:Display: Building textures: ShadowMapTexture2D_0 (BGRA8, 2048X1024)
[2018.11.21-22.49.59:098][758]LogStaticMesh: Building static mesh AR-Ceiling_01...
[2018.11.21-22.49.59:106][758]LogStaticMesh: Built static mesh [0.01s] /Game/Assets/AR-Ceiling_01.AR-Ceiling_01
[2018.11.21-22.49.59:108][758]LogStaticMesh: Building static mesh AR-Ceiling_02...
[2018.11.21-22.49.59:112][758]LogStaticMesh: Built static mesh [0.00s] /Game/Assets/AR-Ceiling_02.AR-Ceiling_02
[2018.11.21-22.49.59:113][758]LogStaticMesh: Building static mesh AR-CeilingBeam_02...
[2018.11.21-22.49.59:132][758]LogStaticMesh: Built static mesh [0.02s] /Game/Assets/AR-CeilingBeam_02.AR-CeilingBeam_02
[2018.11.21-22.49.59:135][758]LogStaticMesh: Building static mesh AR-CorridorFake_01...
[2018.11.21-22.49.59:151][758]LogStaticMesh: Built static mesh [0.02s] /Game/Assets/AR-CorridorFake_01.AR-CorridorFake_01
[2018.11.21-22.49.59:153][758]LogStaticMesh: Building static mesh AR-CorridorFake_01a...
[2018.11.21-22.49.59:154][758]LogStaticMesh: Built static mesh [0.00s] /Game/Assets/AR-CorridorFake_01a.AR-CorridorFake_01a
[2018.11.21-22.49.59:154][758]LogStaticMesh: Building static mesh AR-Curtain01...
[2018.11.21-22.49.59:165][758]LogStaticMesh: Built static mesh [0.01s] /Game/Assets/AR-Curtain01.AR-Curtain01
[2018.11.21-22.49.59:167][758]LogStaticMesh: Building static mesh AR-Door_01...
[2018.11.21-22.49.59:169][758]LogStaticMesh: Built static mesh [0.00s] /Game/Assets/AR-Door_01.AR-Door_01
[2018.11.21-22.49.59:170][758]LogStaticMesh: Building static mesh AR-DoorFrame_150cm_01...
[2018.11.21-22.49.59:172][758]LogStaticMesh: Built static mesh [0.00s] /Game/Assets/AR-DoorFrame_150cm_01.AR-DoorFrame_150cm_01
[2018.11.21-22.49.59:173][758]LogStaticMesh: Building static mesh AR-DoorFrame_2M_003...
[2018.11.21-22.49.59:176][758]LogStaticMesh: Built static mesh [0.00s] /Game/Assets/AR-DoorFrame_2M_003.AR-DoorFrame_2M_003
[2018.11.21-22.49.59:177][758]LogStaticMesh: Building static mesh AR-DoorFrame_2M_02...
[2018.11.21-22.49.59:195][758]LogStaticMesh: Built static mesh [0.02s] /Game/Assets/AR-DoorFrame_2M_02.AR-DoorFrame_2M_02
[2018.11.21-22.49.59:199][758]LogStaticMesh: Building static mesh AR-Exterior01...
[2018.11.21-22.49.59:204][758]LogStaticMesh: Built static mesh [0.00s] /Game/Assets/AR-Exterior01.AR-Exterior01
[2018.11.21-22.49.59:204][758]LogStaticMesh: Building static mesh AR-Fireplace_01...
[2018.11.21-22.49.59:229][758]LogStaticMesh: Built static mesh [0.02s] /Game/Assets/AR-Fireplace_01.AR-Fireplace_01
[2018.11.21-22.49.59:231][758]LogStaticMesh: Building static mesh AR-Floor_2X2_01...
[2018.11.21-22.49.59:231][758]LogStaticMesh: Built static mesh [0.00s] /Game/Assets/AR-Floor_2X2_01.AR-Floor_2X2_01
[2018.11.21-22.49.59:232][758]LogStaticMesh: Building static mesh AR-RampPost_01...
[2018.11.21-22.49.59:244][758]LogStaticMesh: Built static mesh [0.01s] /Game/Assets/AR-RampPost_01.AR-RampPost_01
[2018.11.21-22.49.59:246][758]LogStaticMesh: Building static mesh AR-RampPost_02...
[2018.11.21-22.49.59:260][758]LogStaticMesh: Built static mesh [0.01s] /Game/Assets/AR-RampPost_02.AR-RampPost_02
[2018.11.21-22.49.59:263][758]LogStaticMesh: Building static mesh AR-Staircase_01...
[2018.11.21-22.49.59:307][758]LogStaticMesh: Built static mesh [0.04s] /Game/Assets/AR-Staircase_01.AR-Staircase_01
[2018.11.21-22.49.59:314][758]LogStaticMesh: Building static mesh AR-Staircase_02...
[2018.11.21-22.49.59:354][758]LogStaticMesh: Built static mesh [0.04s] /Game/Assets/AR-Staircase_02.AR-Staircase_02
[2018.11.21-22.49.59:359][758]LogStaticMesh: Building static mesh AR-StaircaseFloor_01...
[2018.11.21-22.49.59:360][758]LogStaticMesh: Built static mesh [0.00s] /Game/Assets/AR-StaircaseFloor_01.AR-StaircaseFloor_01
[2018.11.21-22.49.59:360][758]LogStaticMesh: Building static mesh AR-StairCaseRampCorner_01...
[2018.11.21-22.49.59:374][758]LogStaticMesh: Built static mesh [0.01s] /Game/Assets/AR-StairCaseRampCorner_01.AR-StairCaseRampCorner_01
[2018.11.21-22.49.59:377][758]LogStaticMesh: Building static mesh AR-StaircaseRug_01...
[2018.11.21-22.49.59:492][758]LogStaticMesh: Built static mesh [0.12s] /Game/Assets/AR-StaircaseRug_01.AR-StaircaseRug_01
[2018.11.21-22.49.59:511][758]LogSlate: Took 0.000253 seconds to synchronously load lazily loaded font '../../../Engine/Content/Slate/Fonts/Roboto-Regular.ttf' (155K)
[2018.11.21-22.49.59:514][758]LogStaticMesh: Building static mesh AR-StairCaseWall_01...
[2018.11.21-22.49.59:524][758]LogStaticMesh: Built static mesh [0.01s] /Game/Assets/AR-StairCaseWall_01.AR-StairCaseWall_01
[2018.11.21-22.49.59:525][758]LogStaticMesh: Building static mesh AR-StairCaseWall_02...
[2018.11.21-22.49.59:549][758]LogStaticMesh: Built static mesh [0.02s] /Game/Assets/AR-StairCaseWall_02.AR-StairCaseWall_02
[2018.11.21-22.49.59:551][758]LogStaticMesh: Building static mesh AR-StairCaseWall_02a...
[2018.11.21-22.49.59:554][758]LogStaticMesh: Built static mesh [0.00s] /Game/Assets/AR-StairCaseWall_02a.AR-StairCaseWall_02a
[2018.11.21-22.49.59:554][758]LogStaticMesh: Building static mesh AR-StairCaseWall_03...
[2018.11.21-22.49.59:577][758]LogStaticMesh: Built static mesh [0.02s] /Game/Assets/AR-StairCaseWall_03.AR-StairCaseWall_03
[2018.11.21-22.49.59:580][758]LogStaticMesh: Building static mesh AR-TopWallTrim_01...
[2018.11.21-22.49.59:583][758]LogStaticMesh: Built static mesh [0.00s] /Game/Assets/AR-TopWallTrim_01.AR-TopWallTrim_01
[2018.11.21-22.49.59:584][758]LogStaticMesh: Building static mesh AR-Wall_1M_01...
[2018.11.21-22.49.59:587][758]LogStaticMesh: Built static mesh [0.00s] /Game/Assets/AR-Wall_1M_01.AR-Wall_1M_01
[2018.11.21-22.49.59:588][758]LogStaticMesh: Building static mesh AR-Wall_2M_01...
[2018.11.21-22.49.59:593][758]LogStaticMesh: Built static mesh [0.00s] /Game/Assets/AR-Wall_2M_01.AR-Wall_2M_01
[2018.11.21-22.49.59:594][758]LogStaticMesh: Building static mesh AR-WallCorner_01...
[2018.11.21-22.49.59:595][758]LogStaticMesh: Built static mesh [0.00s] /Game/Assets/AR-WallCorner_01.AR-WallCorner_01
[2018.11.21-22.49.59:596][758]LogStaticMesh: Building static mesh AR-WallCornerRound_01...
[2018.11.21-22.49.59:624][758]LogStaticMesh: Built static mesh [0.03s] /Game/Assets/AR-WallCornerRound_01.AR-WallCornerRound_01
[2018.11.21-22.49.59:628][758]LogStaticMesh: Building static mesh AR-WallStairs_01...
[2018.11.21-22.49.59:632][758]LogStaticMesh: Built static mesh [0.00s] /Game/Assets/AR-WallStairs_01.AR-WallStairs_01
[2018.11.21-22.49.59:632][758]LogStaticMesh: Building static mesh AR-WallStairs_02...
[2018.11.21-22.49.59:634][758]LogStaticMesh: Built static mesh [0.00s] /Game/Assets/AR-WallStairs_02.AR-WallStairs_02
[2018.11.21-22.49.59:635][758]LogStaticMesh: Building static mesh AR-WallStairs_03...
[2018.11.21-22.49.59:637][758]LogStaticMesh: Built static mesh [0.00s] /Game/Assets/AR-WallStairs_03.AR-WallStairs_03
[2018.11.21-22.49.59:638][758]LogStaticMesh: Building static mesh AR-WallTop_2M_01...
[2018.11.21-22.49.59:642][758]LogStaticMesh: Built static mesh [0.00s] /Game/Assets/AR-WallTop_2M_01.AR-WallTop_2M_01
[2018.11.21-22.49.59:643][758]LogStaticMesh: Building static mesh AR-WallTop_7M_01...
[2018.11.21-22.49.59:658][758]LogStaticMesh: Built static mesh [0.01s] /Game/Assets/AR-WallTop_7M_01.AR-WallTop_7M_01
[2018.11.21-22.49.59:660][758]LogStaticMesh: Building static mesh AR-Window_4M_01...
[2018.11.21-22.49.59:683][758]LogStaticMesh: Built static mesh [0.02s] /Game/Assets/AR-Window_4M_01.AR-Window_4M_01
[2018.11.21-22.49.59:685][758]LogStaticMesh: Building static mesh AR-Window_4M_01a...
[2018.11.21-22.49.59:689][758]LogStaticMesh: Built static mesh [0.00s] /Game/Assets/AR-Window_4M_01a.AR-Window_4M_01a
[2018.11.21-22.49.59:689][758]LogStaticMesh: Building static mesh PR-Carpet_01...
[2018.11.21-22.49.59:691][758]LogStaticMesh: Built static mesh [0.00s] /Game/Assets/PR-Carpet_01.PR-Carpet_01
[2018.11.21-22.49.59:694][758]LogMaterial: Missing cached shader map for material WorldGridMaterial2side, compiling. 
[2018.11.21-22.49.59:731][758]LogMaterial: Missing cached shader map for material test, compiling. 
[2018.11.21-22.49.59:765][758]LogMaterial: Missing cached shader map for material M_Glass, compiling. 
[2018.11.21-22.49.59:828][758]LogAIModule: Creating AISystem for world Manoir
[2018.11.21-22.49.59:829][758]LogActorComponent: RegisterComponentWithWorld: (/Game/Maps/Manoir.Manoir:PersistentLevel.WorldSettings_1.StaticMeshComponent0) Trying to register component with IsPendingKill() == true. Aborting.
[2018.11.21-22.50.17:331][758]Cmd: MAP LOAD FILE="Z:/Groupes-cours/NAND205-A18-N11/Ressources/Travaux/Cours_12/ProjetManoir/Content/Maps/Manoir.umap" TEMPLATE=0 SHOWPROGRESS=1 FEATURELEVEL=3
[2018.11.21-22.50.17:332][758]LightingResults: New page: Lighting Build
[2018.11.21-22.50.17:333][758]LoadErrors: New page: Loading map: Manoir.umap
[2018.11.21-22.50.17:334][758]MapCheck: New page: Map Check
[2018.11.21-22.50.17:334][758]LightingResults: New page: Lighting Build
[2018.11.21-22.50.17:397][758]LogEditorServer: Finished looking for orphan Actors (0.000 secs)
[2018.11.21-22.50.17:430][758]Cmd: MAP CHECKDEP NOCLEARLOG
[2018.11.21-22.50.17:555][758]MapCheck: Info Map check complete: 0 Error(s), 0 Warning(s), took 124.054ms to complete.
[2018.11.21-22.50.17:556][758]LogFileHelpers: Loading map 'Manoir' took 0.225
[2018.11.21-22.50.50:084][ 47]LogMaterial: Missing cached shader map for material Bois_beam_MAT, compiling. 
[2018.11.21-22.50.50:084][ 47]LogMaterial:Warning: Failed to compile Material /Game/Materials/Bois_beam_MAT.Bois_beam_MAT for platform PCD3D_SM5, Default Material will be used in game.
[2018.11.21-22.50.50:084][ 47]LogMaterial:Warning: 	(Node TextureSampleParameter2D) Param2D> Requires Texture2D
[2018.11.21-22.50.50:086][ 47]LogMaterial: Missing cached shader map for material Bois_beam_MAT, compiling. 
[2018.11.21-22.50.50:086][ 47]LogMaterial:Warning: Failed to compile Material /Game/Materials/Bois_beam_MAT.Bois_beam_MAT for platform PCD3D_SM5, Default Material will be used in game.
[2018.11.21-22.50.50:086][ 47]LogMaterial:Warning: 	(Node TextureSampleParameter2D) Param2D> Requires Texture2D
[2018.11.21-22.50.50:089][ 47]LogMaterial: Missing cached shader map for material Bois_beam_MAT, compiling. 
[2018.11.21-22.50.50:089][ 47]LogMaterial:Warning: Failed to compile Material /Game/Materials/Bois_beam_MAT.Bois_beam_MAT for platform PCD3D_SM5, Default Material will be used in game.
[2018.11.21-22.50.50:089][ 47]LogMaterial:Warning: 	(Node TextureSampleParameter2D) Param2D> Requires Texture2D
[2018.11.21-22.50.50:091][ 47]LogMaterial: Missing cached shader map for material Bois_beam_MAT, compiling. 
[2018.11.21-22.50.50:091][ 47]LogMaterial:Warning: Failed to compile Material /Game/Materials/Bois_beam_MAT.Bois_beam_MAT for platform PCD3D_SM5, Default Material will be used in game.
[2018.11.21-22.50.50:091][ 47]LogMaterial:Warning: 	(Node TextureSampleParameter2D) Param2D> Requires Texture2D
[2018.11.21-22.50.50:615][ 47]LogUObjectBase:Warning: NULL object
[2018.11.21-22.50.50:615][ 47]LogUObjectBase:Warning: NULL object
[2018.11.21-22.50.56:778][625]Cmd: OBJ SAVEPACKAGE PACKAGE="/Game/Maps/Manoir" FILE="Z:/Groupes-cours/NAND205-A18-N11/Ressources/Travaux/Cours_12/ProjetManoir/Content/Maps/Manoir.umap" SILENT=true AUTOSAVING=false KEEPDIRTY=false
[2018.11.21-22.50.58:095][625]LogSavePackage: Save=1172.78ms
[2018.11.21-22.50.58:095][625]LogSavePackage: Moving 'Z:/Groupes-cours/NAND205-A18-N11/Ressources/Travaux/Cours_12/ProjetManoir/Saved/Manoir00296A65409495A5EBA587AC3B439C81.tmp' to 'Z:/Groupes-cours/NAND205-A18-N11/Ressources/Travaux/Cours_12/ProjetManoir/Content/Maps/Manoir.umap'
[2018.11.21-22.50.58:109][625]LogSavePackage:Display: Finished SavePackage Z:/Groupes-cours/NAND205-A18-N11/Ressources/Travaux/Cours_12/ProjetManoir/Content/Maps/Manoir.umap
[2018.11.21-22.51.04:199][133]LogRenderer: Reallocating scene render targets to support 1208x700 NumSamples 1 (Frame:3933).
[2018.11.21-22.51.04:254][134]LogRenderer: Reallocating scene render targets to support 1208x720 NumSamples 1 (Frame:3935).
[2018.11.21-22.51.04:308][135]LogRenderer: Reallocating scene render targets to support 1208x736 NumSamples 1 (Frame:3937).
[2018.11.21-22.51.04:362][136]LogRenderer: Reallocating scene render targets to support 1208x740 NumSamples 1 (Frame:3939).
[2018.11.21-22.51.23:571][ 43]LogEditorViewport: Clicking on Actor (LMB): PointLight (PointLight)
[2018.11.21-22.51.46:602][453]LogSlate: Took 0.002311 seconds to synchronously load lazily loaded font '../../../Engine/Content/Editor/Slate/Fonts/Roboto-Italic.ttf' (157K)
[2018.11.21-22.52.19:071][627]LogEditorViewport: Clicking on Actor (LMB): PointLight (PointLight5)
[2018.11.21-22.52.30:233][709]LogEditorViewport: Clicking on Actor (LMB): PointLight (PointLight)
[2018.11.21-22.52.31:265][799]Cmd: DELETE
[2018.11.21-22.52.31:265][799]Cmd: ACTOR DELETE
[2018.11.21-22.52.31:267][799]LogEditorActor: Deleted Actor: PointLight
[2018.11.21-22.52.31:286][799]LogEditorActor: Deleted 1 Actors (0.020 secs)
[2018.11.21-22.52.32:629][930]LogEditorViewport: Clicking on Actor (LMB): PointLight (PointLight5)
[2018.11.21-22.52.57:362][562]LogEditorViewport: Clicking on Actor (LMB): PointLight (PointLight4)
[2018.11.21-22.53.23:611][671]Cmd: OBJ SAVEPACKAGE PACKAGE="/Game/Maps/Manoir" FILE="Z:/Groupes-cours/NAND205-A18-N11/Ressources/Travaux/Cours_12/ProjetManoir/Content/Maps/Manoir.umap" SILENT=true AUTOSAVING=false KEEPDIRTY=false
[2018.11.21-22.53.24:788][671]LogSavePackage: Save=1127.75ms
[2018.11.21-22.53.24:788][671]LogSavePackage: Moving 'Z:/Groupes-cours/NAND205-A18-N11/Ressources/Travaux/Cours_12/ProjetManoir/Saved/ManoirE029B82B4F6DA09D12D46390BA7D3862.tmp' to 'Z:/Groupes-cours/NAND205-A18-N11/Ressources/Travaux/Cours_12/ProjetManoir/Content/Maps/Manoir.umap'
[2018.11.21-22.53.24:801][671]LogSavePackage:Display: Finished SavePackage Z:/Groupes-cours/NAND205-A18-N11/Ressources/Travaux/Cours_12/ProjetManoir/Content/Maps/Manoir.umap
[2018.11.21-22.53.42:678][  9]LogEditorViewport: Clicking on Actor (LMB): StaticMeshActor (AR-Exterior01)
[2018.11.21-22.53.56:443][637]Cmd: TRANSACTION UNDO
[2018.11.21-22.53.56:443][637]LogEditorTransaction: Undo Move Actors
[2018.11.21-22.53.56:460][637]LogSlate: Took 0.000275 seconds to synchronously load lazily loaded font '../../../Engine/Content/Slate/Fonts/Roboto-Light.ttf' (159K)
[2018.11.21-22.54.03:434][461]Cmd: TRANSACTION UNDO
[2018.11.21-22.54.03:435][461]LogEditorTransaction: Undo Move Actors
[2018.11.21-22.54.25:026][992]LogEditorViewport: Clicking on Actor (LMB): StaticMeshActor (AR-Wall_2M_5)
[2018.11.21-22.54.36:911][ 15]Cmd: OBJ SAVEPACKAGE PACKAGE="/Game/Maps/Manoir" FILE="Z:/Groupes-cours/NAND205-A18-N11/Ressources/Travaux/Cours_12/ProjetManoir/Content/Maps/Manoir.umap" SILENT=true AUTOSAVING=false KEEPDIRTY=false
[2018.11.21-22.54.38:085][ 15]LogSavePackage: Save=1138.88ms
[2018.11.21-22.54.38:085][ 15]LogSavePackage: Moving 'Z:/Groupes-cours/NAND205-A18-N11/Ressources/Travaux/Cours_12/ProjetManoir/Saved/Manoir96A245A74BE55E1E6487FAB40D219BC9.tmp' to 'Z:/Groupes-cours/NAND205-A18-N11/Ressources/Travaux/Cours_12/ProjetManoir/Content/Maps/Manoir.umap'
[2018.11.21-22.54.38:097][ 15]LogSavePackage:Display: Finished SavePackage Z:/Groupes-cours/NAND205-A18-N11/Ressources/Travaux/Cours_12/ProjetManoir/Content/Maps/Manoir.umap
[2018.11.21-22.54.38:124][ 15]LogFileHelpers: Saving map 'Manoir' took 1.427
[2018.11.21-23.36.28:310][ 40]LogEditorViewport: Clicking on Actor (context menu): StaticMeshActor (AR-Floor_2X2_21)
[2018.11.21-23.36.29:146][127]LogEditorViewport: Clicking on Actor (LMB): StaticMeshActor (AR-Floor_2X2_28)
[2018.11.21-23.36.31:077][346]Cmd: TRANSACTION UNDO
[2018.11.21-23.36.31:077][346]LogEditorTransaction: Undo Move Actors
[2018.11.21-23.36.38:345][196]LogEditorViewport: Clicking on Actor (LMB): StaticMeshActor (AR-Wall_2M_01)
[2018.11.21-23.36.39:651][345]LogEditorViewport: Clicking on Actor (LMB): StaticMeshActor (AR-Wall_1M_2)
[2018.11.21-23.36.43:530][797]Cmd: EDIT CUT
[2018.11.21-23.36.43:533][797]LogEditorActor: Deleted Actor: StaticMeshActor
[2018.11.21-23.36.43:545][797]LogEditorActor: Deleted 1 Actors (0.012 secs)
[2018.11.21-23.36.44:599][922]Cmd: TRANSACTION UNDO
[2018.11.21-23.36.44:599][922]LogEditorTransaction: Undo Cut
[2018.11.21-23.36.44:875][944]Cmd: TRANSACTION UNDO
[2018.11.21-23.36.44:875][944]LogEditorTransaction: Undo Move Actors
[2018.11.21-23.36.49:287][459]LogEditorViewport: Clicking on Actor (LMB): StaticMeshActor (AR-RampPost_4)
[2018.11.21-23.37.54:494][931]LogSavePackage: Save=1170.81ms
[2018.11.21-23.37.54:494][931]LogSavePackage: Moving 'Z:/Groupes-cours/NAND205-A18-N11/Ressources/Travaux/Cours_12/ProjetManoir/Saved/Manoir_Auto10921F3F94850E7D9DC74DB807070A24D.tmp' to 'Z:/Groupes-cours/NAND205-A18-N11/Ressources/Travaux/Cours_12/ProjetManoir/Saved/Autosaves/Game/Maps/Manoir_Auto1.umap'
[2018.11.21-23.37.54:510][931]LogSavePackage:Display: Finished SavePackage Z:/Groupes-cours/NAND205-A18-N11/Ressources/Travaux/Cours_12/ProjetManoir/Saved/Autosaves/Game/Maps/Manoir_Auto1.umap
[2018.11.21-23.37.54:516][931]LogFileHelpers: Editor autosave (incl. sublevels) for '/Game/Maps/Manoir' took 1.561
[2018.11.21-23.37.54:516][931]LogFileHelpers: Editor autosave (incl. sublevels) for all levels took 1.561
[2018.11.22-02.32.26:099][232]Cmd: OBJ SAVEPACKAGE PACKAGE="/Game/Maps/Manoir" FILE="Z:/Groupes-cours/NAND205-A18-N11/Ressources/Travaux/Cours_12/ProjetManoir/Content/Maps/Manoir.umap" SILENT=true AUTOSAVING=false KEEPDIRTY=false
[2018.11.22-02.32.27:502][232]LogSavePackage: Save=1145.61ms
[2018.11.22-02.32.27:502][232]LogSavePackage: Moving 'Z:/Groupes-cours/NAND205-A18-N11/Ressources/Travaux/Cours_12/ProjetManoir/Saved/Manoir7EA8948E48E28D604861CFBF06015F6D.tmp' to 'Z:/Groupes-cours/NAND205-A18-N11/Ressources/Travaux/Cours_12/ProjetManoir/Content/Maps/Manoir.umap'
[2018.11.22-02.32.27:515][232]LogSavePackage:Display: Finished SavePackage Z:/Groupes-cours/NAND205-A18-N11/Ressources/Travaux/Cours_12/ProjetManoir/Content/Maps/Manoir.umap
[2018.11.22-02.32.27:543][232]LogFileHelpers: Saving map 'Manoir' took 1.670
[2018.11.22-02.32.28:132][233]Cmd: QUIT_EDITOR
[2018.11.22-02.32.28:156][233]LogWindowsTextInputMethodSystem:Display: IME system now deactivated.
[2018.11.22-02.32.28:169][233]LogExit: Preparing to exit.
[2018.11.22-02.32.29:203][233]LogExit: Editor shut down
[2018.11.22-02.32.29:206][233]LogExit: Transaction tracking system shut down
[2018.11.22-02.32.29:291][233]LogObj: Freed 0b from 0 cluster array pools.
[2018.11.22-02.32.29:291][233]LogExit: Object subsystem successfully closed.
[2018.11.22-02.32.29:328][233]LogD3D11RHI: Shutdown
[2018.11.22-02.32.29:328][233]LogD3D11RHI: CleanupD3DDevice
[2018.11.22-02.32.29:437][233]LogD3D11RHI: ~FD3D11DynamicRHI
[2018.11.22-02.32.29:464][233]LogModuleManager: Shutting down and abandoning module HierarchicalLODUtilities (534)
[2018.11.22-02.32.29:464][233]LogModuleManager: Shutting down and abandoning module HierarchicalLODOutliner (532)
[2018.11.22-02.32.29:464][233]LogModuleManager: Shutting down and abandoning module CrashTracker (530)
[2018.11.22-02.32.29:464][233]LogModuleManager: Shutting down and abandoning module SceneOutliner (528)
[2018.11.22-02.32.29:464][233]LogModuleManager: Shutting down and abandoning module AddContentDialog (526)
[2018.11.22-02.32.29:464][233]LogDirectoryWatcher: A directory notification for 'C:/Program Files/Epic Games/UE_4.16/FeaturePacks/' was aborted.
[2018.11.22-02.32.29:465][233]LogModuleManager: Shutting down and abandoning module WidgetCarousel (525)
[2018.11.22-02.32.29:465][233]LogModuleManager: Shutting down and abandoning module EditorWidgets (522)
[2018.11.22-02.32.29:465][233]LogModuleManager: Shutting down and abandoning module CollectionManager (520)
[2018.11.22-02.32.29:465][233]LogModuleManager: Shutting down and abandoning module StatsViewer (518)
[2018.11.22-02.32.29:465][233]LogModuleManager: Shutting down and abandoning module FoliageEdit (516)
[2018.11.22-02.32.29:465][233]LogModuleManager: Shutting down and abandoning module LandscapeEditor (514)
[2018.11.22-02.32.29:465][233]LogModuleManager: Shutting down and abandoning module MeshPaintMode (512)
[2018.11.22-02.32.29:465][233]LogModuleManager: Shutting down and abandoning module SceneDepthPickerMode (510)
[2018.11.22-02.32.29:465][233]LogModuleManager: Shutting down and abandoning module ActorPickerMode (508)
[2018.11.22-02.32.29:465][233]LogModuleManager: Shutting down and abandoning module GeometryMode (506)
[2018.11.22-02.32.29:465][233]LogModuleManager: Shutting down and abandoning module TextureAlignMode (504)
[2018.11.22-02.32.29:465][233]LogModuleManager: Shutting down and abandoning module BspMode (502)
[2018.11.22-02.32.29:465][233]LogModuleManager: Shutting down and abandoning module HardwareSurvey (500)
[2018.11.22-02.32.29:465][233]LogModuleManager: Shutting down and abandoning module SequenceRecorderSections (498)
[2018.11.22-02.32.29:465][233]LogModuleManager: Shutting down and abandoning module AutomationWorker (496)
[2018.11.22-02.32.29:465][233]LogModuleManager: Shutting down and abandoning module HoudiniEngineEditor (494)
[2018.11.22-02.32.29:465][233]LogHoudiniEngineEditor: Shutting down the Houdini Engine Editor module.
[2018.11.22-02.32.29:466][233]LogModuleManager: Shutting down and abandoning module MatineeToLevelSequence (492)
[2018.11.22-02.32.29:466][233]LogModuleManager: Shutting down and abandoning module LevelSequenceEditor (490)
[2018.11.22-02.32.29:466][233]LogModuleManager: Shutting down and abandoning module PlacementMode (489)
[2018.11.22-02.32.29:466][233]LogModuleManager: Shutting down and abandoning module WmfMediaFactory (486)
[2018.11.22-02.32.29:466][233]LogModuleManager: Shutting down and abandoning module WmfMediaEditor (484)
[2018.11.22-02.32.29:466][233]LogModuleManager: Shutting down and abandoning module AvfMediaFactory (482)
[2018.11.22-02.32.29:466][233]LogModuleManager: Shutting down and abandoning module AvfMediaEditor (480)
[2018.11.22-02.32.29:466][233]LogModuleManager: Shutting down and abandoning module AndroidMediaFactory (478)
[2018.11.22-02.32.29:466][233]LogModuleManager: Shutting down and abandoning module Media (477)
[2018.11.22-02.32.29:466][233]LogModuleManager: Shutting down and abandoning module AndroidMediaEditor (474)
[2018.11.22-02.32.29:466][233]LogModuleManager: Shutting down and abandoning module CharacterAI (472)
[2018.11.22-02.32.29:466][233]LogModuleManager: Shutting down and abandoning module AudioCapture (470)
[2018.11.22-02.32.29:466][233]LogModuleManager: Shutting down and abandoning module SequenceRecorder (469)
[2018.11.22-02.32.29:466][233]LogModuleManager: Shutting down and abandoning module SmartSnapping (466)
[2018.11.22-02.32.29:466][233]LogModuleManager: Shutting down and abandoning module SessionServices (464)
[2018.11.22-02.32.29:466][233]LogModuleManager: Shutting down and abandoning module ViewportSnapping (462)
[2018.11.22-02.32.29:466][233]LogModuleManager: Shutting down and abandoning module ViewportInteraction (460)
[2018.11.22-02.32.29:466][233]LogModuleManager: Shutting down and abandoning module ClothPainter (458)
[2018.11.22-02.32.29:466][233]LogModuleManager: Shutting down and abandoning module LogVisualizer (456)
[2018.11.22-02.32.29:466][233]LogModuleManager: Shutting down and abandoning module IntroTutorials (454)
[2018.11.22-02.32.29:466][233]LogModuleManager: Shutting down and abandoning module GameProjectGeneration (453)
[2018.11.22-02.32.29:466][233]LogModuleManager: Shutting down and abandoning module EditorLiveStreaming (450)
[2018.11.22-02.32.29:466][233]LogModuleManager: Shutting down and abandoning module IOSPlatformEditor (448)
[2018.11.22-02.32.29:466][233]LogModuleManager: Shutting down and abandoning module HTML5PlatformEditor (446)
[2018.11.22-02.32.29:466][233]LogModuleManager: Shutting down and abandoning module AndroidPlatformEditor (444)
[2018.11.22-02.32.29:466][233]LogModuleManager: Shutting down and abandoning module AndroidDeviceDetection (443)
[2018.11.22-02.32.30:353][233]LogModuleManager: Shutting down and abandoning module IOSRuntimeSettings (440)
[2018.11.22-02.32.30:353][233]LogModuleManager: Shutting down and abandoning module AndroidRuntimeSettings (438)
[2018.11.22-02.32.30:354][233]LogModuleManager: Shutting down and abandoning module InputBindingEditor (436)
[2018.11.22-02.32.30:354][233]LogModuleManager: Shutting down and abandoning module MergeActors (434)
[2018.11.22-02.32.30:354][233]LogModuleManager: Shutting down and abandoning module SizeMap (432)
[2018.11.22-02.32.30:354][233]LogModuleManager: Shutting down and abandoning module TreeMap (430)
[2018.11.22-02.32.30:354][233]LogModuleManager: Shutting down and abandoning module ReferenceViewer (428)
[2018.11.22-02.32.30:354][233]LogModuleManager: Shutting down and abandoning module LocalizationDashboard (426)
[2018.11.22-02.32.30:354][233]LogModuleManager: Shutting down and abandoning module LocalizationService (425)
[2018.11.22-02.32.30:354][233]LogModuleManager: Shutting down and abandoning module HardwareTargeting (422)
[2018.11.22-02.32.30:354][233]LogModuleManager: Shutting down and abandoning module DeviceProfileEditor (420)
[2018.11.22-02.32.30:354][233]LogModuleManager: Shutting down and abandoning module UndoHistory (418)
[2018.11.22-02.32.30:354][233]LogModuleManager: Shutting down and abandoning module UserFeedback (416)
[2018.11.22-02.32.30:354][233]LogModuleManager: Shutting down and abandoning module XmlParser (414)
[2018.11.22-02.32.30:354][233]LogModuleManager: Shutting down and abandoning module Blutility (412)
[2018.11.22-02.32.30:354][233]LogModuleManager: Shutting down and abandoning module ProjectSettingsViewer (410)
[2018.11.22-02.32.30:354][233]LogModuleManager: Shutting down and abandoning module ProjectTargetPlatformEditor (409)
[2018.11.22-02.32.30:354][233]LogModuleManager: Shutting down and abandoning module EditorSettingsViewer (406)
[2018.11.22-02.32.30:354][233]LogModuleManager: Shutting down and abandoning module SettingsEditor (404)
[2018.11.22-02.32.30:354][233]LogModuleManager: Shutting down and abandoning module ProjectLauncher (402)
[2018.11.22-02.32.30:354][233]LogModuleManager: Shutting down and abandoning module SessionFrontend (400)
[2018.11.22-02.32.30:354][233]LogModuleManager: Shutting down and abandoning module ProfilerClient (398)
[2018.11.22-02.32.30:354][233]LogModuleManager: Shutting down and abandoning module DeviceManager (396)
[2018.11.22-02.32.30:354][233]LogModuleManager: Shutting down and abandoning module TargetDeviceServices (395)
[2018.11.22-02.32.30:420][233]LogModuleManager: Shutting down and abandoning module AutomationController (392)
[2018.11.22-02.32.30:420][233]LogModuleManager: Shutting down and abandoning module AutomationWindow (390)
[2018.11.22-02.32.30:420][233]LogModuleManager: Shutting down and abandoning module Layers (388)
[2018.11.22-02.32.30:420][233]LogModuleManager: Shutting down and abandoning module ComponentVisualizers (386)
[2018.11.22-02.32.30:420][233]LogModuleManager: Shutting down and abandoning module DetailCustomizations (384)
[2018.11.22-02.32.30:420][233]LogModuleManager: Shutting down and abandoning module PackagesDialog (382)
[2018.11.22-02.32.30:420][233]LogModuleManager: Shutting down and abandoning module Persona (380)
[2018.11.22-02.32.30:420][233]LogModuleManager: Shutting down and abandoning module AdvancedPreviewScene (379)
[2018.11.22-02.32.30:420][233]LogModuleManager: Shutting down and abandoning module AnimGraph (377)
[2018.11.22-02.32.30:420][233]LogModuleManager: Shutting down and abandoning module Kismet (374)
[2018.11.22-02.32.30:420][233]LogModuleManager: Shutting down and abandoning module ClassViewer (372)
[2018.11.22-02.32.30:420][233]LogModuleManager: Shutting down and abandoning module Toolbox (370)
[2018.11.22-02.32.30:420][233]LogModuleManager: Shutting down and abandoning module ModuleUI (368)
[2018.11.22-02.32.30:420][233]LogModuleManager: Shutting down and abandoning module MovieSceneTools (366)
[2018.11.22-02.32.30:420][233]LogModuleManager: Shutting down and abandoning module OutputLog (364)
[2018.11.22-02.32.30:420][233]LogModuleManager: Shutting down and abandoning module GammaUI (362)
[2018.11.22-02.32.30:420][233]LogModuleManager: Shutting down and abandoning module Documentation (360)
[2018.11.22-02.32.30:420][233]LogModuleManager: Shutting down and abandoning module MovieSceneTracks (358)
[2018.11.22-02.32.30:420][233]LogModuleManager: Shutting down and abandoning module MovieScene (356)
[2018.11.22-02.32.30:420][233]LogModuleManager: Shutting down and abandoning module Niagara (354)
[2018.11.22-02.32.30:420][233]LogModuleManager: Shutting down and abandoning module NiagaraEditor (353)
[2018.11.22-02.32.30:421][233]LogModuleManager: Shutting down and abandoning module StreamingPauseRendering (350)
[2018.11.22-02.32.30:421][233]LogModuleManager: Shutting down and abandoning module AnalyticsET (348)
[2018.11.22-02.32.30:421][233]LogModuleManager: Shutting down and abandoning module PortalServices (346)
[2018.11.22-02.32.30:421][233]LogModuleManager: Shutting down and abandoning module PortalRpc (344)
[2018.11.22-02.32.30:421][233]LogModuleManager: Shutting down and abandoning module MessagingRpc (342)
[2018.11.22-02.32.30:421][233]LogModuleManager: Shutting down and abandoning module AIModule (340)
[2018.11.22-02.32.30:421][233]LogModuleManager: Shutting down and abandoning module GameplayDebugger (339)
[2018.11.22-02.32.30:421][233]LogModuleManager: Shutting down and abandoning module AITestSuite (337)
[2018.11.22-02.32.30:421][233]LogModuleManager: Shutting down and abandoning module ProfilerService (334)
[2018.11.22-02.32.30:662][233]LogModuleManager: Shutting down and abandoning module TaskGraph (332)
[2018.11.22-02.32.30:663][233]LogModuleManager: Shutting down and abandoning module SubstanceEditor (330)
[2018.11.22-02.32.30:663][233]LogModuleManager: Shutting down and abandoning module SteamVRController (328)
[2018.11.22-02.32.30:663][233]LogModuleManager: Shutting down and abandoning module SteamVR (326)
[2018.11.22-02.32.30:663][233]LogModuleManager: Shutting down and abandoning module ProceduralMeshComponentEditor (324)
[2018.11.22-02.32.30:663][233]LogModuleManager: Shutting down and abandoning module ProceduralMeshComponent (322)
[2018.11.22-02.32.30:663][233]LogModuleManager: Shutting down and abandoning module OculusLibrary (320)
[2018.11.22-02.32.30:663][233]LogModuleManager: Shutting down and abandoning module OculusInput (318)
[2018.11.22-02.32.30:663][233]LogModuleManager: Shutting down and abandoning module MobilePatchingUtils (316)
[2018.11.22-02.32.30:663][233]LogModuleManager: Shutting down and abandoning module HoudiniEngineRuntime (314)
[2018.11.22-02.32.30:663][233]LogHoudiniEngine: Shutting down the Houdini Engine module.
[2018.11.22-02.32.30:667][233]LogModuleManager: Shutting down and abandoning module CustomMeshComponent (312)
[2018.11.22-02.32.30:667][233]LogModuleManager: Shutting down and abandoning module CableComponent (310)
[2018.11.22-02.32.30:667][233]LogModuleManager: Shutting down and abandoning module ArchVisCharacter (308)
[2018.11.22-02.32.30:667][233]LogModuleManager: Shutting down and abandoning module AndroidPermission (306)
[2018.11.22-02.32.30:667][233]LogModuleManager: Shutting down and abandoning module MediaPlayerEditor (302)
[2018.11.22-02.32.30:667][233]LogModuleManager: Shutting down and abandoning module HTML5Networking (300)
[2018.11.22-02.32.30:667][233]LogModuleManager: Shutting down and abandoning module AlembicImporter (298)
[2018.11.22-02.32.30:667][233]LogModuleManager: Shutting down and abandoning module AlembicLibrary (297)
[2018.11.22-02.32.30:667][233]LogModuleManager: Shutting down and abandoning module GeometryCache (296)
[2018.11.22-02.32.30:667][233]LogModuleManager: Shutting down and abandoning module GeometryCacheEd (295)
[2018.11.22-02.32.30:667][233]LogModuleManager: Shutting down and abandoning module SuperSearchEditor (290)
[2018.11.22-02.32.30:667][233]LogModuleManager: Shutting down and abandoning module SuperSearch (289)
[2018.11.22-02.32.30:667][233]LogModuleManager: Shutting down and abandoning module SpeedTreeImporter (286)
[2018.11.22-02.32.30:667][233]LogModuleManager: Shutting down and abandoning module PluginBrowser (284)
[2018.11.22-02.32.30:667][233]LogModuleManager: Shutting down and abandoning module MobileLauncherProfileWizard (282)
[2018.11.22-02.32.30:667][233]LogModuleManager: Shutting down and abandoning module VisualStudioSourceCodeAccess (280)
[2018.11.22-02.32.30:667][233]LogModuleManager: Shutting down and abandoning module DesktopPlatform (279)
[2018.11.22-02.32.30:667][233]LogModuleManager: Shutting down and abandoning module UObjectPlugin (276)
[2018.11.22-02.32.30:667][233]LogModuleManager: Shutting down and abandoning module SubversionSourceControl (274)
[2018.11.22-02.32.30:667][233]LogModuleManager: Shutting down and abandoning module PerforceSourceControl (272)
[2018.11.22-02.32.30:667][233]LogModuleManager: Shutting down and abandoning module GitSourceControl (270)
[2018.11.22-02.32.30:667][233]LogModuleManager: Shutting down and abandoning module SourceControl (269)
[2018.11.22-02.32.30:667][233]LogModuleManager: Shutting down and abandoning module LightPropagationVolumeEditor (266)
[2018.11.22-02.32.30:667][233]LogModuleManager: Shutting down and abandoning module PaperTiledImporter (264)
[2018.11.22-02.32.30:667][233]LogModuleManager: Shutting down and abandoning module PaperSpriteSheetImporter (262)
[2018.11.22-02.32.30:667][233]LogModuleManager: Shutting down and abandoning module Paper2DEditor (260)
[2018.11.22-02.32.30:667][233]LogModuleManager: Shutting down and abandoning module MeshPaint (259)
[2018.11.22-02.32.30:667][233]LogModuleManager: Shutting down and abandoning module LevelEditor (257)
[2018.11.22-02.32.30:668][233]LogModuleManager: Shutting down and abandoning module PixelInspectorModule (256)
[2018.11.22-02.32.30:668][233]LogModuleManager: Shutting down and abandoning module MainFrame (254)
[2018.11.22-02.32.30:668][233]LogModuleManager: Shutting down and abandoning module HotReload (253)
[2018.11.22-02.32.30:668][233]LogModuleManager: Shutting down and abandoning module PhysXVehiclesEditor (248)
[2018.11.22-02.32.30:668][233]LogModuleManager: Shutting down and abandoning module PhysXVehicles (246)
[2018.11.22-02.32.30:668][233]LogModuleManager: Shutting down and abandoning module LocationServicesBPLibrary (244)
[2018.11.22-02.32.30:668][233]LogModuleManager: Shutting down and abandoning module ImmediatePhysicsEditor (242)
[2018.11.22-02.32.30:668][233]LogModuleManager: Shutting down and abandoning module ImmediatePhysics (240)
[2018.11.22-02.32.30:668][233]LogModuleManager: Shutting down and abandoning module UdpMessaging (238)
[2018.11.22-02.32.30:769][233]LogModuleManager: Shutting down and abandoning module TcpMessaging (236)
[2018.11.22-02.32.30:869][233]LogModuleManager: Shutting down and abandoning module SubstanceCore (234)
[2018.11.22-02.32.30:869][233]LogModuleManager: Shutting down and abandoning module GameplayTagsEditor (232)
[2018.11.22-02.32.30:869][233]LogModuleManager: Shutting down and abandoning module FacialAnimationEditor (230)
[2018.11.22-02.32.30:869][233]LogModuleManager: Shutting down and abandoning module FacialAnimation (228)
[2018.11.22-02.32.30:869][233]LogModuleManager: Shutting down and abandoning module AssetManagerEditor (226)
[2018.11.22-02.32.30:869][233]LogModuleManager: Shutting down and abandoning module GraphEditor (225)
[2018.11.22-02.32.30:869][233]LogModuleManager: Shutting down and abandoning module ContentBrowser (223)
[2018.11.22-02.32.30:870][233]LogModuleManager: Shutting down and abandoning module LightPropagationVolumeRuntime (220)
[2018.11.22-02.32.30:870][233]LogModuleManager: Shutting down and abandoning module Paper2D (218)
[2018.11.22-02.32.30:870][233]LogModuleManager: Shutting down and abandoning module WindowsMoviePlayer (216)
[2018.11.22-02.32.30:870][233]LogModuleManager: Shutting down and abandoning module WmfMedia (214)
[2018.11.22-02.32.30:873][233]LogModuleManager: Shutting down and abandoning module ClothingSystemEditor (212)
[2018.11.22-02.32.30:873][233]LogModuleManager: Shutting down and abandoning module ClothingSystemRuntime (210)
[2018.11.22-02.32.30:874][233]LogModuleManager: Shutting down and abandoning module MediaAssets (208)
[2018.11.22-02.32.30:874][233]LogModuleManager: Shutting down and abandoning module GameLiveStreaming (206)
[2018.11.22-02.32.30:874][233]LogModuleManager: Shutting down and abandoning module VREditor (204)
[2018.11.22-02.32.30:874][233]LogModuleManager: Shutting down and abandoning module StringTableEditor (202)
[2018.11.22-02.32.30:874][233]LogModuleManager: Shutting down and abandoning module GameplayTasksEditor (200)
[2018.11.22-02.32.30:874][233]LogModuleManager: Shutting down and abandoning module BehaviorTreeEditor (198)
[2018.11.22-02.32.30:874][233]LogModuleManager: Shutting down and abandoning module FunctionalTesting (196)
[2018.11.22-02.32.30:874][233]LogModuleManager: Shutting down and abandoning module CollisionAnalyzer (194)
[2018.11.22-02.32.30:874][233]LogModuleManager: Shutting down and abandoning module UMG (192)
[2018.11.22-02.32.30:874][233]LogModuleManager: Shutting down and abandoning module UMGEditor (191)
[2018.11.22-02.32.30:874][233]LogModuleManager: Shutting down and abandoning module Sequencer (190)
[2018.11.22-02.32.30:875][233]LogModuleManager: Shutting down and abandoning module AssetTools (188)
[2018.11.22-02.32.30:875][233]LogModuleManager: Shutting down and abandoning module MessageLog (187)
[2018.11.22-02.32.30:875][233]LogModuleManager: Shutting down and abandoning module WorkspaceMenuStructure (186)
[2018.11.22-02.32.30:875][233]LogModuleManager: Shutting down and abandoning module SlateReflector (180)
[2018.11.22-02.32.30:875][233]LogModuleManager: Shutting down and abandoning module Slate (178)
[2018.11.22-02.32.30:875][233]LogModuleManager: Shutting down and abandoning module EditorStyle (176)
[2018.11.22-02.32.30:877][233]LogModuleManager: Shutting down and abandoning module SourceCodeAccess (174)
[2018.11.22-02.32.30:877][233]LogModuleManager: Shutting down and abandoning module HeadMountedDisplay (172)
[2018.11.22-02.32.30:877][233]LogModuleManager: Shutting down and abandoning module XAudio2 (170)
[2018.11.22-02.32.30:877][233]LogModuleManager: Shutting down and abandoning module Networking (168)
[2018.11.22-02.32.30:877][233]LogModuleManager: Shutting down and abandoning module Core (164)
[2018.11.22-02.32.30:877][233]LogModuleManager: Shutting down and abandoning module AssetRegistry (162)
[2018.11.22-02.32.31:174][233]LogDirectoryWatcher: A directory notification for '../../../Engine/Content/' was aborted.
[2018.11.22-02.32.31:174][233]LogDirectoryWatcher: A directory notification for '../../../Engine/Plugins/2D/Paper2D/Content/' was aborted.
[2018.11.22-02.32.31:174][233]LogDirectoryWatcher: A directory notification for '../../../Engine/Plugins/Runtime/GearVR/Content/' was aborted.
[2018.11.22-02.32.31:174][233]LogDirectoryWatcher: A directory notification for '../../../Engine/Plugins/Runtime/HoudiniEngine/Content/' was aborted.
[2018.11.22-02.32.31:177][233]LogModuleManager: Shutting down and abandoning module DirectoryWatcher (161)
[2018.11.22-02.32.31:177][233]LogModuleManager: Shutting down and abandoning module KismetCompiler (158)
[2018.11.22-02.32.31:177][233]LogModuleManager: Shutting down and abandoning module LevelSequence (156)
[2018.11.22-02.32.31:177][233]LogModuleManager: Shutting down and abandoning module PhysXFormats (154)
[2018.11.22-02.32.31:177][233]LogModuleManager: Shutting down and abandoning module MeshUtilities (152)
[2018.11.22-02.32.31:178][233]LogModuleManager: Shutting down and abandoning module SimplygonSwarm (151)
[2018.11.22-02.32.31:178][233]LogModuleManager: Shutting down and abandoning module SimplygonMeshReduction (149)
[2018.11.22-02.32.31:178][233]LogModuleManager: Shutting down and abandoning module QuadricMeshReduction (147)
[2018.11.22-02.32.31:178][233]LogModuleManager: Shutting down and abandoning module DerivedDataCache (144)
[2018.11.22-02.32.31:273][233]LogDerivedDataCache: Shutdown
[2018.11.22-02.32.31:273][233]LogModuleManager: Shutting down and abandoning module TargetPlatform (142)
[2018.11.22-02.32.31:273][233]LogModuleManager: Shutting down and abandoning module VulkanShaderFormat (141)
[2018.11.22-02.32.31:273][233]LogModuleManager: Shutting down and abandoning module ShaderFormatVectorVM (139)
[2018.11.22-02.32.31:273][233]LogModuleManager: Shutting down and abandoning module ShaderFormatOpenGL (137)
[2018.11.22-02.32.31:273][233]LogModuleManager: Shutting down and abandoning module ShaderFormatD3D (135)
[2018.11.22-02.32.31:273][233]LogModuleManager: Shutting down and abandoning module MetalShaderFormat (133)
[2018.11.22-02.32.31:273][233]LogModuleManager: Shutting down and abandoning module TextureFormatUncompressed (131)
[2018.11.22-02.32.31:273][233]LogModuleManager: Shutting down and abandoning module TextureFormatPVR (129)
[2018.11.22-02.32.31:273][233]LogModuleManager: Shutting down and abandoning module TextureFormatDXT (127)
[2018.11.22-02.32.31:273][233]LogModuleManager: Shutting down and abandoning module TextureFormatIntelISPCTexComp (125)
[2018.11.22-02.32.31:273][233]LogModuleManager: Shutting down and abandoning module TextureFormatASTC (123)
[2018.11.22-02.32.31:273][233]LogModuleManager: Shutting down and abandoning module ImageWrapper (122)
[2018.11.22-02.32.31:273][233]LogModuleManager: Shutting down and abandoning module TextureFormatAndroid (119)
[2018.11.22-02.32.31:273][233]LogModuleManager: Shutting down and abandoning module AudioFormatOpus (117)
[2018.11.22-02.32.31:273][233]LogModuleManager: Shutting down and abandoning module AudioFormatOgg (115)
[2018.11.22-02.32.31:273][233]LogModuleManager: Shutting down and abandoning module AudioFormatADPCM (113)
[2018.11.22-02.32.31:273][233]LogModuleManager: Shutting down and abandoning module LinuxTargetPlatform (111)
[2018.11.22-02.32.31:273][233]LogModuleManager: Shutting down and abandoning module LinuxServerTargetPlatform (109)
[2018.11.22-02.32.31:273][233]LogModuleManager: Shutting down and abandoning module LinuxNoEditorTargetPlatform (107)
[2018.11.22-02.32.31:273][233]LogModuleManager: Shutting down and abandoning module LinuxClientTargetPlatform (105)
[2018.11.22-02.32.31:273][233]LogModuleManager: Shutting down and abandoning module TVOSTargetPlatform (103)
[2018.11.22-02.32.31:273][233]LogModuleManager: Shutting down and abandoning module Messaging (101)
[2018.11.22-02.32.31:273][233]LogModuleManager: Shutting down and abandoning module IOSTargetPlatform (99)
[2018.11.22-02.32.31:273][233]LogModuleManager: Shutting down and abandoning module HTML5TargetPlatform (97)
[2018.11.22-02.32.31:273][233]LogModuleManager: Shutting down and abandoning module Android_PVRTCTargetPlatform (95)
[2018.11.22-02.32.31:273][233]LogModuleManager: Shutting down and abandoning module Android_MultiTargetPlatform (93)
[2018.11.22-02.32.31:273][233]LogModuleManager: Shutting down and abandoning module Android_ETC2TargetPlatform (91)
[2018.11.22-02.32.31:273][233]LogModuleManager: Shutting down and abandoning module Android_ETC1TargetPlatform (89)
[2018.11.22-02.32.31:273][233]LogModuleManager: Shutting down and abandoning module Android_DXTTargetPlatform (87)
[2018.11.22-02.32.31:273][233]LogModuleManager: Shutting down and abandoning module Android_ATCTargetPlatform (85)
[2018.11.22-02.32.31:273][233]LogModuleManager: Shutting down and abandoning module Android_ASTCTargetPlatform (83)
[2018.11.22-02.32.31:273][233]LogModuleManager: Shutting down and abandoning module AndroidTargetPlatform (81)
[2018.11.22-02.32.31:273][233]LogModuleManager: Shutting down and abandoning module WindowsTargetPlatform (79)
[2018.11.22-02.32.31:273][233]LogModuleManager: Shutting down and abandoning module WindowsServerTargetPlatform (77)
[2018.11.22-02.32.31:273][233]LogModuleManager: Shutting down and abandoning module WindowsNoEditorTargetPlatform (75)
[2018.11.22-02.32.31:273][233]LogModuleManager: Shutting down and abandoning module WindowsClientTargetPlatform (73)
[2018.11.22-02.32.31:273][233]LogModuleManager: Shutting down and abandoning module MacTargetPlatform (71)
[2018.11.22-02.32.31:273][233]LogModuleManager: Shutting down and abandoning module MacServerTargetPlatform (69)
[2018.11.22-02.32.31:273][233]LogModuleManager: Shutting down and abandoning module MacNoEditorTargetPlatform (67)
[2018.11.22-02.32.31:273][233]LogModuleManager: Shutting down and abandoning module MacClientTargetPlatform (65)
[2018.11.22-02.32.31:273][233]LogModuleManager: Shutting down and abandoning module AllDesktopTargetPlatform (63)
[2018.11.22-02.32.31:273][233]LogModuleManager: Shutting down and abandoning module InputCore (60)
[2018.11.22-02.32.31:273][233]LogModuleManager: Shutting down and abandoning module Settings (58)
[2018.11.22-02.32.31:273][233]LogModuleManager: Shutting down and abandoning module OculusRift (56)
[2018.11.22-02.32.31:273][233]LogModuleManager: Shutting down and abandoning module GearVRController (54)
[2018.11.22-02.32.31:273][233]LogModuleManager: Shutting down and abandoning module GearVR (52)
[2018.11.22-02.32.31:273][233]LogModuleManager: Shutting down and abandoning module ExampleDeviceProfileSelector (50)
[2018.11.22-02.32.31:273][233]LogModuleManager: Shutting down and abandoning module OnlineBlueprintSupport (48)
[2018.11.22-02.32.31:273][233]LogModuleManager: Shutting down and abandoning module OnlineSubsystem (44)
[2018.11.22-02.32.31:273][233]LogOnline:Display: Unloading online subsystem: NULL
[2018.11.22-02.32.31:273][233]LogModuleManager: Shutting down and abandoning module XMPP (43)
[2018.11.22-02.32.31:273][233]LogModuleManager: Shutting down and abandoning module HTTP (41)
[2018.11.22-02.32.31:273][233]LogHttp:Display: Http module shutting down, but needs to wait on 1 outstanding Http requests:
[2018.11.22-02.32.31:273][233]LogHttp:Display: 	verb=[POST] url=[https://datarouter.ol.epicgames.com/datarouter/api/v1/public/data?SessionID=%7BF9315F80-4FA8-7B32-6E73-538F2A9EF636%7D&AppID=UEEditor.Rocket.Release&AppVersion=4.16.3-3561208%2B%2B%2BUE4%2BRelease-4.16&UserID=aa5ba6b9494f07b95f17f7be88286355%7C60e03c4813f74dbcaeed391699f266f3%7Cd896f4dd-d002-49b7-b0de-b62ef4afd971&AppEnvironment=datacollector-binary&UploadType=eteventstream] status=Processing
[2018.11.22-02.32.31:299][233]LogModuleManager: Shutting down and abandoning module SSL (40)
[2018.11.22-02.32.31:300][233]LogModuleManager: Shutting down and abandoning module HTTPChunkInstaller (36)
[2018.11.22-02.32.31:300][233]LogModuleManager: Shutting down and abandoning module AnimationModifiers (34)
[2018.11.22-02.32.31:300][233]LogModuleManager: Shutting down and abandoning module PropertyEditor (33)
[2018.11.22-02.32.31:300][233]LogModuleManager: Shutting down and abandoning module AudioEditor (30)
[2018.11.22-02.32.31:300][233]LogModuleManager: Shutting down and abandoning module TextureCompressor (28)
[2018.11.22-02.32.31:300][233]LogModuleManager: Shutting down and abandoning module ShaderCore (26)
[2018.11.22-02.32.31:300][233]LogModuleManager: Shutting down and abandoning module Landscape (24)
[2018.11.22-02.32.31:300][233]LogModuleManager: Shutting down and abandoning module SlateRHIRenderer (22)
[2018.11.22-02.32.31:301][233]LogModuleManager: Shutting down and abandoning module OpenGLDrv (20)
[2018.11.22-02.32.31:301][233]LogModuleManager: Shutting down and abandoning module D3D11RHI (18)
[2018.11.22-02.32.31:301][233]LogModuleManager: Shutting down and abandoning module AnimGraphRuntime (16)
[2018.11.22-02.32.31:301][233]LogModuleManager: Shutting down and abandoning module Renderer (14)
[2018.11.22-02.32.31:301][233]LogModuleManager: Shutting down and abandoning module Engine (12)
[2018.11.22-02.32.31:301][233]LogModuleManager: Shutting down and abandoning module CoreUObject (10)
[2018.11.22-02.32.31:301][233]LogModuleManager: Shutting down and abandoning module NetworkFile (8)
[2018.11.22-02.32.31:301][233]LogModuleManager: Shutting down and abandoning module StreamingFile (6)
[2018.11.22-02.32.31:301][233]LogModuleManager: Shutting down and abandoning module SandboxFile (4)
[2018.11.22-02.32.31:301][233]LogModuleManager: Shutting down and abandoning module PakFile (2)
[2018.11.22-02.32.31:306][233]LogExit: Exiting.
[2018.11.22-02.32.31:318][233]Log file closed, 11/21/18 21:32:31
