Log file open, 11/02/16 19:54:30
LogInit:Display: Running engine for game: ProjetManoir
LogPlatformFile: Not using cached read wrapper
LogInit:Display: RandInit(809625892) SRandInit(809625896).
LogTaskGraph: Started task graph with 4 named threads and 9 total threads with 1 sets of task threads.
LogStats: Stats thread started at 0.120965
LogInit: Version: 4.12.5-3039270+++UE4+Release-4.12
LogInit: API Version: 2992821
LogInit: Net Version: 3039270
LogDevObjectVersion: Number of dev versions registered: 13
LogDevObjectVersion:   Dev-Blueprints (B0D832E4-1F89-4F0D-ACCF-7EB736FD4AA2): 3
LogDevObjectVersion:   Dev-Build (E1C64328-A22C-4D53-A36C-8E866417BD8C): 0
LogDevObjectVersion:   Dev-Core (375EC13C-06E4-48FB-B500-84F0262A717E): 1
LogDevObjectVersion:   Dev-Editor (E4B068ED-F494-42E9-A231-DA0B2E46BB41): 2
LogDevObjectVersion:   Dev-Framework (CFFC743F-43B0-4480-9391-14DF171D2073): 6
LogDevObjectVersion:   Dev-Mobile (B02B49B5-BB20-44E9-A304-32B752E40360): 0
LogDevObjectVersion:   Dev-Networking (A4E4105C-59A1-49B5-A7C5-40C4547EDFEE): 0
LogDevObjectVersion:   Dev-Online (39C831C9-5AE6-47DC-9A44-9C173E1C8E7C): 0
LogDevObjectVersion:   Dev-Physics (78F01B33-EBEA-4F98-B9B4-84EACCB95AA2): 0
LogDevObjectVersion:   Dev-Platform (6631380F-2D4D-43E0-8009-CF276956A95A): 0
LogDevObjectVersion:   Dev-Rendering (12F88B9F-8875-4AFC-A67C-D90C383ABD29): 2
LogDevObjectVersion:   Dev-Sequencer (7B5AE74C-D270-4C10-A958-57980B212A5A): 0
LogDevObjectVersion:   Dev-VR (D7296918-1DD6-4BDD-9DE2-64A83CC13884): 0
LogInit: Compiled (64-bit): Jul  6 2016 09:09:46
LogInit: Compiled with Visual C++: 19.00.23026.00
LogInit: Build Configuration: Development
LogInit: Branch Name: ++UE4+Release-4.12
LogInit: Command line:  
LogInit: Base directory: C:/Program Files/Epic Games/4.12/Engine/Binaries/Win64/
LogInit: Installed Engine Build: 1
LogInit: Using libcurl 7.41.0
LogInit:  - built for x86_64-pc-win32
LogInit:  - supports SSL with WinSSL
LogInit:  - other features:
LogInit:      CURL_VERSION_SSL
LogInit:      CURL_VERSION_IPV6
LogInit:      CURL_VERSION_ASYNCHDNS
LogInit:      CURL_VERSION_LARGEFILE
LogInit:      CURL_VERSION_IDN
LogInit:  CurlRequestOptions (configurable via config and command line):
LogInit:  - bVerifyPeer = true  - Libcurl will verify peer certificate
LogInit:  - bUseHttpProxy = false  - Libcurl will NOT use HTTP proxy
LogInit:  - bDontReuseConnections = false  - Libcurl will reuse connections
LogInit:  - CertBundlePath = nullptr  - Libcurl will use whatever was configured at build time.
LogInit: Presizing for max 8388607 objects, including 0 objects not considered by GC, pre-allocating 0 bytes for permanent pool.
LogInit: Object subsystem initialized
[2016.11.02-23.54.30:558][  0]LogInit: Selected Device Profile: [Windows]
[2016.11.02-23.54.30:558][  0]LogInit: Applying CVar settings loaded from the selected device profile: [Windows]
[2016.11.02-23.54.30:820][  0]LogInit: Computer: 336-B2
[2016.11.02-23.54.30:820][  0]LogInit: User: cmoncheaux
[2016.11.02-23.54.30:820][  0]LogInit: CPU Page size=65536, Cores=6
[2016.11.02-23.54.30:820][  0]LogInit: High frequency timer resolution =3.126826 MHz
[2016.11.02-23.54.30:820][  0]LogMemory: Memory total: Physical=63.9GB (64GB approx)
[2016.11.02-23.54.30:820][  0]LogMemory: Platform Memory Stats for Windows
[2016.11.02-23.54.30:820][  0]LogMemory: Process Physical Memory: 194.60 MB used, 194.60 MB peak
[2016.11.02-23.54.30:820][  0]LogMemory: Process Virtual Memory: 199.50 MB used, 199.50 MB peak
[2016.11.02-23.54.30:820][  0]LogMemory: Physical Memory: 9496.19 MB used, 65477.08 MB total
[2016.11.02-23.54.30:820][  0]LogMemory: Virtual Memory: 526.15 MB used, 8388608.00 MB total
[2016.11.02-23.54.30:899][  0]LogTextLocalizationManager: No translations for ('fr-CA') exist, falling back to 'en' for localization and internationalization data.
[2016.11.02-23.54.31:501][  0]LogD3D11RHI: D3D11 adapters:
[2016.11.02-23.54.31:528][  0]LogD3D11RHI:    0. 'NVIDIA GeForce GTX 960' (Feature Level 11_0)
[2016.11.02-23.54.31:528][  0]LogD3D11RHI:       4010/0/32482 MB DedicatedVideo/DedicatedSystem/SharedSystem, Outputs:1, VendorId:0x10de
[2016.11.02-23.54.31:528][  0]LogD3D11RHI: Chosen D3D11 Adapter: 0
[2016.11.02-23.54.31:533][  0]LogD3D11RHI: Creating new Direct3DDevice
[2016.11.02-23.54.31:533][  0]LogD3D11RHI:     GPU DeviceId: 0x1401 (for the marketing name, search the web for "GPU Device Id")
[2016.11.02-23.54.31:533][  0]LogWindows: EnumDisplayDevices:
[2016.11.02-23.54.31:533][  0]LogWindows:    0. 'NVIDIA GeForce GTX 960' (P:1 D:1)
[2016.11.02-23.54.31:533][  0]LogWindows:    1. 'NVIDIA GeForce GTX 960' (P:0 D:0)
[2016.11.02-23.54.31:533][  0]LogWindows:    2. 'NVIDIA GeForce GTX 960' (P:0 D:0)
[2016.11.02-23.54.31:533][  0]LogWindows:    3. 'NVIDIA GeForce GTX 960' (P:0 D:0)
[2016.11.02-23.54.31:533][  0]LogWindows:    4. 'RDPDD Chained DD' (P:0 D:0)
[2016.11.02-23.54.31:533][  0]LogWindows:    5. 'RDP Encoder Mirror Driver' (P:0 D:0)
[2016.11.02-23.54.31:534][  0]LogWindows:    6. 'RDP Reflector Display Driver' (P:0 D:0)
[2016.11.02-23.54.31:534][  0]LogWindows: DebugString: GetVideoDriverDetailsInvalid PrimaryIsNotTheChoosenAdapter GetVideoDriverDetailsInvalid PrimaryIsNotTheChoosenAdapter GetVideoDriverDetailsInvalid PrimaryIsNotTheChoosenAdapter FoundDriverCount:4 
[2016.11.02-23.54.31:534][  0]LogD3D11RHI:     Adapter Name: NVIDIA GeForce GTX 960
[2016.11.02-23.54.31:534][  0]LogD3D11RHI:   Driver Version: 361.91 (internal:10.18.13.6191, unified:361.91)
[2016.11.02-23.54.31:534][  0]LogD3D11RHI:      Driver Date: 2-8-2016
[2016.11.02-23.54.31:534][  0]LogRHI: Texture pool is 1361 MB (70% of 1945 MB)
[2016.11.02-23.54.31:543][  0]LogD3D11RHI: Async texture creation enabled
[2016.11.02-23.54.31:558][  0]LogD3D11RHI: GPU Timing Frequency: 1000.000000 (Debug: 2 2)
[2016.11.02-23.54.31:558][  0]LogShaderCompilers: Guid format shader working directory is -18 characters bigger than the processId version (Z:/Groupes-cours/NAND180-A16-N11/Partage/Projet_Manoir/ProjetManoir/Intermediate/Shaders/WorkingDirectory/9132/).
[2016.11.02-23.54.31:558][  0]LogShaderCompilers: Cleaned the shader compiler working directory 'C:/Users/CMONCH~1/AppData/Local/Temp/UnrealShaderWorkingDir/B5B9F0DB429A0C7EAFB42099EC185F64/'.
[2016.11.02-23.54.31:558][  0]LogShaderCompilers:Display: Using Local Shader Compiler.
[2016.11.02-23.54.33:188][  0]LogTemp:Display: Loaded TP AllDesktopTargetPlatform
[2016.11.02-23.54.33:250][  0]LogTemp:Display: Loaded TP WindowsClientTargetPlatform
[2016.11.02-23.54.33:326][  0]LogTemp:Display: Loaded TP WindowsNoEditorTargetPlatform
[2016.11.02-23.54.33:405][  0]LogTemp:Display: Loaded TP WindowsServerTargetPlatform
[2016.11.02-23.54.33:422][  0]LogTemp:Display: Loaded TP WindowsTargetPlatform
[2016.11.02-23.54.33:500][  0]LogTemp:Display: Loaded TP AndroidTargetPlatform
[2016.11.02-23.54.33:577][  0]LogTemp:Display: Loaded TP Android_ASTCTargetPlatform
[2016.11.02-23.54.33:646][  0]LogTemp:Display: Loaded TP Android_ATCTargetPlatform
[2016.11.02-23.54.33:713][  0]LogTemp:Display: Loaded TP Android_DXTTargetPlatform
[2016.11.02-23.54.33:747][  0]LogTemp:Display: Loaded TP Android_ETC1TargetPlatform
[2016.11.02-23.54.33:827][  0]LogTemp:Display: Loaded TP Android_ETC2TargetPlatform
[2016.11.02-23.54.33:952][  0]LogTemp:Display: Loaded TP Android_MultiTargetPlatform
[2016.11.02-23.54.33:952][  0]LogTemp:Display: Loaded TP Android_PVRTCTargetPlatform
[2016.11.02-23.54.33:955][  0]LogTemp:Display: Loaded TP HTML5TargetPlatform
[2016.11.02-23.54.34:000][  0]LogTemp:Display: Loaded TP IOSTargetPlatform
[2016.11.02-23.54.34:017][  0]LogTemp:Display: Loaded TP TVOSTargetPlatform
[2016.11.02-23.54.34:071][  0]LogTemp:Display: Loaded TP LinuxNoEditorTargetPlatform
[2016.11.02-23.54.34:136][  0]LogTemp:Display: Loaded TP LinuxServerTargetPlatform
[2016.11.02-23.54.34:181][  0]LogTemp:Display: Loaded TP LinuxTargetPlatform
[2016.11.02-23.54.34:181][  0]LogTargetPlatformManager:Display: Building Assets For Windows
[2016.11.02-23.54.34:283][  0]LogDerivedDataCache:Display: Max Cache Size: 512 MB
[2016.11.02-23.54.34:340][  0]LogDerivedDataCache: Loaded boot cache 0.06s 48MB C:/Users/cmoncheaux/AppData/Local/UnrealEngine/4.12/DerivedDataCache/Boot.ddc.
[2016.11.02-23.54.34:340][  0]LogDerivedDataCache:Display: Loaded Boot cache: C:/Users/cmoncheaux/AppData/Local/UnrealEngine/4.12/DerivedDataCache/Boot.ddc
[2016.11.02-23.54.34:341][  0]LogDerivedDataCache: FDerivedDataBackendGraph:  Pak pak cache file Z:/Groupes-cours/NAND180-A16-N11/Partage/Projet_Manoir/ProjetManoir/DerivedDataCache/DDC.ddp not found, will not use a pak cache.
[2016.11.02-23.54.34:341][  0]LogDerivedDataCache: Unable to find inner node Pak for hierarchical cache Hierarchy.
[2016.11.02-23.54.34:357][  0]LogDerivedDataCache: FDerivedDataBackendGraph:  CompressedPak pak cache file Z:/Groupes-cours/NAND180-A16-N11/Partage/Projet_Manoir/ProjetManoir/DerivedDataCache/Compressed.ddp not found, will not use a pak cache.
[2016.11.02-23.54.34:357][  0]LogDerivedDataCache: Unable to find inner node CompressedPak for hierarchical cache Hierarchy.
[2016.11.02-23.54.34:376][  0]LogDerivedDataCache:Display: Pak cache opened for reading ../../../Engine/DerivedDataCache/Compressed.ddp.
[2016.11.02-23.54.34:388][  0]LogDerivedDataCache: Using Local data cache path C:/Users/cmoncheaux/AppData/Local/UnrealEngine/Common/DerivedDataCache: Writable
[2016.11.02-23.54.34:708][  0]LogInit: Selected Device Profile: [Windows]
[2016.11.02-23.54.34:710][  0]LogContentStreaming: Texture pool size is 0.00 MB
[2016.11.02-23.54.35:150][  0]LogMeshUtilities: No automatic mesh reduction module available
[2016.11.02-23.54.35:150][  0]LogMeshUtilities: No automatic mesh merging module available
[2016.11.02-23.54.35:150][  0]LogMeshUtilities: No distributed automatic mesh merging module available
[2016.11.02-23.54.35:522][  0]LogAssetRegistry: FAssetRegistry took 0.0198 seconds to start up
[2016.11.02-23.54.35:691][  0]LogPackageLocalizationCache: Processed 3 localized package path(s) for 1 prioritized culture(s) in 0.165215 seconds
[2016.11.02-23.54.35:702][  0]LogUObjectArray: 28739 objects as part of root set at end of initial load.
[2016.11.02-23.54.35:702][  0]LogUObjectAllocator: 5855632 out of 0 bytes used by permanent object pool.
[2016.11.02-23.54.35:702][  0]LogUObjectArray: CloseDisregardForGC: 0/0 objects in disregard for GC pool
[2016.11.02-23.54.35:722][  0]LogInit: WinSock: version 1.1 (2.2), MaxSocks=32767, MaxUdp=65467
[2016.11.02-23.54.35:952][  0]LogSlate: SlateFontCache - WITH_FREETYPE: 1, WITH_HARFBUZZ: 1
[2016.11.02-23.54.35:952][  0]LogSlate: SlateFontCache - WITH_FREETYPE: 1, WITH_HARFBUZZ: 1
[2016.11.02-23.54.37:082][  0]LogSubstanceCoreModule: Substance CPU Engine Loaded, Max Texture Size 2048
[2016.11.02-23.54.37:095][  0]LogUdpMessaging: Initializing bridge on interface 0.0.0.0:0 to multicast group 230.0.0.1:6666.
[2016.11.02-23.54.37:526][  0]SourceControl: Info Source control is disabled
[2016.11.02-23.54.37:553][  0]SourceControl: Info Source control is disabled
[2016.11.02-23.54.37:565][  0]SourceControl: Info Source control is disabled
[2016.11.02-23.54.37:576][  0]SourceControl: Info Source control is disabled
[2016.11.02-23.54.37:901][  0]LogEngine: Initializing Engine...
[2016.11.02-23.54.37:902][  0]LogHMD: SteamVR failed to initialize.  Err: 110
[2016.11.02-23.54.37:903][  0]LogHMD: SteamVR failed to initialize.  Err: 110
[2016.11.02-23.54.38:111][  0]LogAIModule: Creating AISystem for world NewWorld
[2016.11.02-23.54.38:123][  0]LogInit: XAudio2 using 'Haut-parleurs (2- Realtek High Definition Audio)' : 2 channels at 48 kHz using 32 bits per sample (channel mask 0x3)
[2016.11.02-23.54.38:142][  0]LogInit: FAudioDevice initialized.
[2016.11.02-23.54.38:182][  0]LogDerivedDataCache: Saved boot cache 0.04s 48MB C:/Users/cmoncheaux/AppData/Local/UnrealEngine/4.12/DerivedDataCache/Boot.ddc.
[2016.11.02-23.54.38:190][  0]LogInit: Texture streaming: Enabled
[2016.11.02-23.54.38:246][  0]LogInit: Transaction tracking system initialized
[2016.11.02-23.54.38:287][  0]BlueprintLog: New page: Editor Load
[2016.11.02-23.54.38:470][  0]LocalizationService: Info Localization service is disabled
[2016.11.02-23.54.38:577][  0]LogConsoleResponse:Display: 
[2016.11.02-23.54.38:702][  0]LogCook:Display: Max memory allowance for cook 8192mb
[2016.11.02-23.54.38:702][  0]LogCook:Display: Mobile HDR setting 1
[2016.11.02-23.54.38:818][  0]LogFileCache: Scanning file cache for directory 'Z:/Groupes-cours/NAND180-A16-N11/Partage/Projet_Manoir/ProjetManoir/Content/' took 0.04s
[2016.11.02-23.54.38:818][  0]SourceControl: Info Source control is disabled
[2016.11.02-23.54.38:818][  0]Cmd: MAP LOAD FILE="../../../Engine/Content/Maps/Templates/Template_Default.umap" TEMPLATE=1 SHOWPROGRESS=1 FEATURELEVEL=3
[2016.11.02-23.54.38:819][  0]LightingResults: New page: Lighting Build
[2016.11.02-23.54.38:822][  0]MapCheck: New page: Map Check
[2016.11.02-23.54.38:822][  0]LightingResults: New page: Lighting Build
[2016.11.02-23.54.39:374][  0]LogAIModule: Creating AISystem for world Untitled_1
[2016.11.02-23.54.39:392][  0]LogEditorServer: Finished looking for orphan Actors (0.000 secs)
[2016.11.02-23.54.39:401][  0]Cmd: MAP CHECKDEP NOCLEARLOG
[2016.11.02-23.54.39:610][  0]MapCheck: Info Map check complete: 0 Error(s), 0 Warning(s), took 208.758ms to complete.
[2016.11.02-23.54.39:610][  0]LogFileHelpers: Loading map 'Template_Default' took 0.792
[2016.11.02-23.54.39:818][  0]LogCollectionManager: Loaded 0 collections in 0.014883 seconds
[2016.11.02-23.54.39:990][  0]LogFileCache: Scanning file cache for directory 'Z:/Groupes-cours/NAND180-A16-N11/Partage/Projet_Manoir/ProjetManoir/Saved/Collections/' took 0.02s
[2016.11.02-23.54.39:990][  0]LogFileCache: Scanning file cache for directory 'Z:/Groupes-cours/NAND180-A16-N11/Partage/Projet_Manoir/ProjetManoir/Content/Developers/cmoncheaux/Collections/' took 0.02s
[2016.11.02-23.54.39:990][  0]LogFileCache: Scanning file cache for directory 'Z:/Groupes-cours/NAND180-A16-N11/Partage/Projet_Manoir/ProjetManoir/Content/Collections/' took 0.01s
[2016.11.02-23.54.39:990][  0]LogCollectionManager: Rebuilt the GUID cache for 0 collections in 0.000005 seconds
[2016.11.02-23.54.40:011][  0]LogContentBrowser: Native class hierarchy populated in 0.0203 seconds. Added 2062 classes and 375 folders.
[2016.11.02-23.54.40:016][  0]LogStats: UGameplayTagsManager::ConstructGameplayTagTree: Construct from data asset -  0.000 s
[2016.11.02-23.54.40:016][  0]LogStats: UGameplayTagsManager::ConstructGameplayTagTree: GameplayTagTreeChangedEvent.Broadcast -  0.000 s
[2016.11.02-23.54.40:016][  0]LogContentBrowser: Native class hierarchy updated for 'GameplayTags' in 0.0005 seconds. Added 12 classes and 0 folders.
[2016.11.02-23.54.40:022][  0]LogContentBrowser: Native class hierarchy updated for 'WidgetCarousel' in 0.0004 seconds. Added 0 classes and 0 folders.
[2016.11.02-23.54.40:097][  0]LogContentBrowser: Native class hierarchy updated for 'AddContentDialog' in 0.0007 seconds. Added 0 classes and 0 folders.
[2016.11.02-23.54.40:105][  0]LogContentBrowser: Native class hierarchy updated for 'SceneOutliner' in 0.0012 seconds. Added 1 classes and 2 folders.
[2016.11.02-23.54.40:127][  0]LogCrashTracker: Crashtracker disabled due to settings.
[2016.11.02-23.54.40:132][  0]LogUObjectGlobals:Warning: Failed to find object 'Class None.'
[2016.11.02-23.54.40:157][  0]LogContentBrowser: Native class hierarchy updated for 'HierarchicalLODOutliner' in 0.0005 seconds. Added 1 classes and 2 folders.
[2016.11.02-23.54.40:157][  0]LogLoad: Full Startup: 14.13 seconds (BP compile: 0.06 seconds)
[2016.11.02-23.54.40:157][  0]LogExternalProfiler: Found external profiler: VSPerf
[2016.11.02-23.54.40:157][  0]LogExternalProfiler: Using external profiler: VSPerf
[2016.11.02-23.54.40:170][  0]LogOcInput: OculusInput pre-init called
[2016.11.02-23.54.40:200][  0]LogContentStreaming: Texture pool size now 1000 MB
[2016.11.02-23.54.40:494][  0]LogRenderer: Reallocating scene render targets to support 1208x576 (Frame:2).
[2016.11.02-23.54.40:620][  2]LogAssetRegistry: Asset discovery search completed in 5.1171 seconds
[2016.11.02-23.54.40:620][  2]LogCollectionManager: Rebuilt the object cache for 0 collections in 0.000001 seconds (found 0 objects)
[2016.11.02-23.54.40:620][  2]LogCollectionManager: Fixed up redirectors for 0 collections in 0.000024 seconds (updated 0 objects)
[2016.11.02-23.55.26:610][261]Cmd: QUIT_EDITOR
[2016.11.02-23.55.26:796][261]LogExit: Preparing to exit.
[2016.11.02-23.55.27:402][261]LogExit: Editor shut down
[2016.11.02-23.55.27:402][261]LogExit: Transaction tracking system shut down
[2016.11.02-23.55.27:595][261]LogObj: Freed 0b from 0 cluster array pools.
[2016.11.02-23.55.27:595][261]LogExit: Object subsystem successfully closed.
[2016.11.02-23.55.27:614][261]LogD3D11RHI: Shutdown
[2016.11.02-23.55.27:615][261]LogD3D11RHI: CleanupD3DDevice
[2016.11.02-23.55.27:675][261]LogD3D11RHI: ~FD3D11DynamicRHI
[2016.11.02-23.55.27:705][261]LogModuleManager: Shutting down and abandoning module HierarchicalLODOutliner (215)
[2016.11.02-23.55.27:705][261]LogModuleManager: Shutting down and abandoning module CrashTracker (214)
[2016.11.02-23.55.27:705][261]LogModuleManager: Shutting down and abandoning module SceneOutliner (213)
[2016.11.02-23.55.27:705][261]LogModuleManager: Shutting down and abandoning module WidgetCarousel (212)
[2016.11.02-23.55.27:705][261]LogModuleManager: Shutting down and abandoning module AddContentDialog (211)
[2016.11.02-23.55.27:706][261]LogModuleManager: Shutting down and abandoning module GameplayTags (210)
[2016.11.02-23.55.27:706][261]LogModuleManager: Shutting down and abandoning module EditorWidgets (209)
[2016.11.02-23.55.27:706][261]LogModuleManager: Shutting down and abandoning module CollectionManager (208)
[2016.11.02-23.55.27:709][261]LogModuleManager: Shutting down and abandoning module StatsViewer (207)
[2016.11.02-23.55.27:709][261]LogModuleManager: Shutting down and abandoning module FoliageEdit (206)
[2016.11.02-23.55.27:709][261]LogModuleManager: Shutting down and abandoning module LandscapeEditor (205)
[2016.11.02-23.55.27:710][261]LogModuleManager: Shutting down and abandoning module SceneDepthPickerMode (204)
[2016.11.02-23.55.27:710][261]LogModuleManager: Shutting down and abandoning module ActorPickerMode (203)
[2016.11.02-23.55.27:710][261]LogModuleManager: Shutting down and abandoning module GeometryMode (202)
[2016.11.02-23.55.27:710][261]LogModuleManager: Shutting down and abandoning module TextureAlignMode (201)
[2016.11.02-23.55.27:710][261]LogModuleManager: Shutting down and abandoning module BspMode (200)
[2016.11.02-23.55.27:710][261]LogModuleManager: Shutting down and abandoning module HardwareSurvey (199)
[2016.11.02-23.55.27:710][261]LogModuleManager: Shutting down and abandoning module SequenceRecorderSections (198)
[2016.11.02-23.55.27:710][261]LogModuleManager: Shutting down and abandoning module SequenceRecorder (197)
[2016.11.02-23.55.27:710][261]LogModuleManager: Shutting down and abandoning module AutomationWorker (196)
[2016.11.02-23.55.27:710][261]LogModuleManager: Shutting down and abandoning module MatineeToLevelSequence (195)
[2016.11.02-23.55.27:710][261]LogModuleManager: Shutting down and abandoning module PlacementMode (194)
[2016.11.02-23.55.27:710][261]LogModuleManager: Shutting down and abandoning module LevelSequenceEditor (193)
[2016.11.02-23.55.27:711][261]LogModuleManager: Shutting down and abandoning module CharacterAI (192)
[2016.11.02-23.55.27:711][261]LogModuleManager: Shutting down and abandoning module SmartSnapping (191)
[2016.11.02-23.55.27:711][261]LogModuleManager: Shutting down and abandoning module SessionServices (190)
[2016.11.02-23.55.27:711][261]LogModuleManager: Shutting down and abandoning module ViewportSnapping (189)
[2016.11.02-23.55.27:711][261]LogModuleManager: Shutting down and abandoning module LogVisualizer (188)
[2016.11.02-23.55.27:711][261]LogModuleManager: Shutting down and abandoning module GameProjectGeneration (187)
[2016.11.02-23.55.27:711][261]LogModuleManager: Shutting down and abandoning module IntroTutorials (186)
[2016.11.02-23.55.27:711][261]LogModuleManager: Shutting down and abandoning module EditorLiveStreaming (185)
[2016.11.02-23.55.27:711][261]LogModuleManager: Shutting down and abandoning module IOSPlatformEditor (184)
[2016.11.02-23.55.27:711][261]LogModuleManager: Shutting down and abandoning module HTML5PlatformEditor (183)
[2016.11.02-23.55.27:711][261]LogModuleManager: Shutting down and abandoning module AndroidDeviceDetection (182)
[2016.11.02-23.55.28:548][261]LogModuleManager: Shutting down and abandoning module AndroidPlatformEditor (181)
[2016.11.02-23.55.28:548][261]LogModuleManager: Shutting down and abandoning module IOSRuntimeSettings (180)
[2016.11.02-23.55.28:548][261]LogModuleManager: Shutting down and abandoning module AndroidRuntimeSettings (179)
[2016.11.02-23.55.28:549][261]LogModuleManager: Shutting down and abandoning module MergeActors (178)
[2016.11.02-23.55.28:549][261]LogModuleManager: Shutting down and abandoning module SizeMap (177)
[2016.11.02-23.55.28:549][261]LogModuleManager: Shutting down and abandoning module TreeMap (176)
[2016.11.02-23.55.28:549][261]LogModuleManager: Shutting down and abandoning module ReferenceViewer (175)
[2016.11.02-23.55.28:549][261]LogModuleManager: Shutting down and abandoning module LocalizationService (174)
[2016.11.02-23.55.28:549][261]LogModuleManager: Shutting down and abandoning module LocalizationDashboard (173)
[2016.11.02-23.55.28:549][261]LogModuleManager: Shutting down and abandoning module HardwareTargeting (172)
[2016.11.02-23.55.28:549][261]LogModuleManager: Shutting down and abandoning module DeviceProfileEditor (171)
[2016.11.02-23.55.28:549][261]LogModuleManager: Shutting down and abandoning module UndoHistory (170)
[2016.11.02-23.55.28:549][261]LogModuleManager: Shutting down and abandoning module UserFeedback (169)
[2016.11.02-23.55.28:549][261]LogModuleManager: Shutting down and abandoning module XmlParser (168)
[2016.11.02-23.55.28:549][261]LogModuleManager: Shutting down and abandoning module Blutility (167)
[2016.11.02-23.55.28:549][261]LogModuleManager: Shutting down and abandoning module ProjectTargetPlatformEditor (166)
[2016.11.02-23.55.28:549][261]LogModuleManager: Shutting down and abandoning module ProjectSettingsViewer (165)
[2016.11.02-23.55.28:549][261]LogModuleManager: Shutting down and abandoning module InputBindingEditor (164)
[2016.11.02-23.55.28:550][261]LogModuleManager: Shutting down and abandoning module EditorSettingsViewer (163)
[2016.11.02-23.55.28:550][261]LogModuleManager: Shutting down and abandoning module SettingsEditor (162)
[2016.11.02-23.55.28:550][261]LogModuleManager: Shutting down and abandoning module ProjectLauncher (161)
[2016.11.02-23.55.28:550][261]LogModuleManager: Shutting down and abandoning module SessionFrontend (160)
[2016.11.02-23.55.28:550][261]LogModuleManager: Shutting down and abandoning module ProfilerClient (159)
[2016.11.02-23.55.28:550][261]LogModuleManager: Shutting down and abandoning module TargetDeviceServices (158)
[2016.11.02-23.55.28:550][261]LogModuleManager: Shutting down and abandoning module DeviceManager (157)
[2016.11.02-23.55.28:600][261]LogModuleManager: Shutting down and abandoning module AutomationController (156)
[2016.11.02-23.55.28:600][261]LogModuleManager: Shutting down and abandoning module AutomationWindow (155)
[2016.11.02-23.55.28:600][261]LogModuleManager: Shutting down and abandoning module Layers (154)
[2016.11.02-23.55.28:600][261]LogModuleManager: Shutting down and abandoning module ComponentVisualizers (153)
[2016.11.02-23.55.28:600][261]LogModuleManager: Shutting down and abandoning module DetailCustomizations (152)
[2016.11.02-23.55.28:600][261]LogModuleManager: Shutting down and abandoning module PackagesDialog (151)
[2016.11.02-23.55.28:600][261]LogModuleManager: Shutting down and abandoning module Persona (150)
[2016.11.02-23.55.28:600][261]LogModuleManager: Shutting down and abandoning module Kismet (149)
[2016.11.02-23.55.28:600][261]LogModuleManager: Shutting down and abandoning module GraphEditor (148)
[2016.11.02-23.55.28:600][261]LogModuleManager: Shutting down and abandoning module ClassViewer (147)
[2016.11.02-23.55.28:600][261]LogModuleManager: Shutting down and abandoning module Toolbox (146)
[2016.11.02-23.55.28:600][261]LogModuleManager: Shutting down and abandoning module ModuleUI (145)
[2016.11.02-23.55.28:600][261]LogModuleManager: Shutting down and abandoning module MovieSceneTools (144)
[2016.11.02-23.55.28:600][261]LogModuleManager: Shutting down and abandoning module OutputLog (143)
[2016.11.02-23.55.28:600][261]LogModuleManager: Shutting down and abandoning module GammaUI (142)
[2016.11.02-23.55.28:601][261]LogModuleManager: Shutting down and abandoning module Documentation (141)
[2016.11.02-23.55.28:601][261]LogModuleManager: Shutting down and abandoning module StreamingPauseRendering (140)
[2016.11.02-23.55.28:601][261]LogModuleManager: Shutting down and abandoning module AnalyticsET (139)
[2016.11.02-23.55.28:601][261]LogModuleManager: Shutting down and abandoning module Analytics (138)
[2016.11.02-23.55.28:601][261]LogModuleManager: Shutting down and abandoning module PortalServices (137)
[2016.11.02-23.55.28:601][261]LogModuleManager: Shutting down and abandoning module PortalRpc (136)
[2016.11.02-23.55.28:601][261]LogModuleManager: Shutting down and abandoning module MessagingRpc (135)
[2016.11.02-23.55.28:601][261]LogModuleManager: Shutting down and abandoning module GameplayDebugger (134)
[2016.11.02-23.55.28:601][261]LogModuleManager: Shutting down and abandoning module AITestSuite (133)
[2016.11.02-23.55.28:601][261]LogModuleManager: Shutting down and abandoning module AIModule (132)
[2016.11.02-23.55.28:601][261]LogModuleManager: Shutting down and abandoning module ProfilerService (131)
[2016.11.02-23.55.28:833][261]LogModuleManager: Shutting down and abandoning module TaskGraph (130)
[2016.11.02-23.55.28:833][261]LogModuleManager: Shutting down and abandoning module SubstanceEditor (129)
[2016.11.02-23.55.28:834][261]LogModuleManager: Shutting down and abandoning module SlateRemote (128)
[2016.11.02-23.55.28:834][261]LogModuleManager: Shutting down and abandoning module SteamVRController (127)
[2016.11.02-23.55.28:834][261]LogModuleManager: Shutting down and abandoning module SteamVR (126)
[2016.11.02-23.55.28:834][261]LogModuleManager: Shutting down and abandoning module ProceduralMeshComponent (125)
[2016.11.02-23.55.28:834][261]LogModuleManager: Shutting down and abandoning module OculusLibrary (124)
[2016.11.02-23.55.28:834][261]LogModuleManager: Shutting down and abandoning module OculusInput (123)
[2016.11.02-23.55.28:834][261]LogModuleManager: Shutting down and abandoning module CustomMeshComponent (122)
[2016.11.02-23.55.28:834][261]LogModuleManager: Shutting down and abandoning module CableComponent (121)
[2016.11.02-23.55.28:834][261]LogModuleManager: Shutting down and abandoning module ArchVisCharacter (120)
[2016.11.02-23.55.28:834][261]LogModuleManager: Shutting down and abandoning module MediaPlayerEditor (119)
[2016.11.02-23.55.28:834][261]LogModuleManager: Shutting down and abandoning module HTML5Networking (118)
[2016.11.02-23.55.28:834][261]LogModuleManager: Shutting down and abandoning module SuperSearch (117)
[2016.11.02-23.55.28:834][261]LogModuleManager: Shutting down and abandoning module SuperSearchEditor (116)
[2016.11.02-23.55.28:834][261]LogModuleManager: Shutting down and abandoning module SpeedTreeImporter (115)
[2016.11.02-23.55.28:834][261]LogModuleManager: Shutting down and abandoning module PluginBrowser (114)
[2016.11.02-23.55.28:834][261]LogModuleManager: Shutting down and abandoning module EpicSurvey (113)
[2016.11.02-23.55.28:834][261]LogModuleManager: Shutting down and abandoning module DesktopPlatform (112)
[2016.11.02-23.55.28:834][261]LogModuleManager: Shutting down and abandoning module VisualStudioSourceCodeAccess (111)
[2016.11.02-23.55.28:834][261]LogModuleManager: Shutting down and abandoning module UObjectPlugin (110)
[2016.11.02-23.55.28:834][261]LogModuleManager: Shutting down and abandoning module SubversionSourceControl (109)
[2016.11.02-23.55.28:834][261]LogModuleManager: Shutting down and abandoning module PerforceSourceControl (108)
[2016.11.02-23.55.28:835][261]LogModuleManager: Shutting down and abandoning module SourceControl (107)
[2016.11.02-23.55.28:835][261]LogModuleManager: Shutting down and abandoning module GitSourceControl (106)
[2016.11.02-23.55.28:835][261]LogModuleManager: Shutting down and abandoning module LightPropagationVolumeEditor (105)
[2016.11.02-23.55.28:835][261]LogModuleManager: Shutting down and abandoning module PaperTiledImporter (104)
[2016.11.02-23.55.28:835][261]LogModuleManager: Shutting down and abandoning module PaperSpriteSheetImporter (103)
[2016.11.02-23.55.28:835][261]LogModuleManager: Shutting down and abandoning module MeshPaint (102)
[2016.11.02-23.55.28:835][261]LogModuleManager: Shutting down and abandoning module PixelInspectorModule (101)
[2016.11.02-23.55.28:835][261]LogModuleManager: Shutting down and abandoning module HotReload (100)
[2016.11.02-23.55.28:836][261]LogModuleManager: Shutting down and abandoning module MainFrame (99)
[2016.11.02-23.55.28:836][261]LogModuleManager: Shutting down and abandoning module LevelEditor (98)
[2016.11.02-23.55.28:837][261]LogModuleManager: Shutting down and abandoning module ContentBrowser (97)
[2016.11.02-23.55.28:839][261]LogModuleManager: Shutting down and abandoning module Paper2DEditor (96)
[2016.11.02-23.55.28:839][261]LogModuleManager: Shutting down and abandoning module UdpMessaging (95)
[2016.11.02-23.55.28:939][261]LogModuleManager: Shutting down and abandoning module SubstanceCore (94)
[2016.11.02-23.55.28:939][261]LogModuleManager: Shutting down and abandoning module LightPropagationVolumeRuntime (93)
[2016.11.02-23.55.28:939][261]LogModuleManager: Shutting down and abandoning module Paper2D (92)
[2016.11.02-23.55.28:939][261]LogModuleManager: Shutting down and abandoning module WindowsMoviePlayer (91)
[2016.11.02-23.55.28:939][261]LogModuleManager: Shutting down and abandoning module Media (90)
[2016.11.02-23.55.28:939][261]LogModuleManager: Shutting down and abandoning module WmfMedia (89)
[2016.11.02-23.55.28:940][261]LogModuleManager: Shutting down and abandoning module MediaAssets (88)
[2016.11.02-23.55.28:940][261]LogModuleManager: Shutting down and abandoning module GameLiveStreaming (87)
[2016.11.02-23.55.28:940][261]LogModuleManager: Shutting down and abandoning module GameplayTagsEditor (86)
[2016.11.02-23.55.28:940][261]LogModuleManager: Shutting down and abandoning module OnlineBlueprintSupport (85)
[2016.11.02-23.55.28:940][261]LogModuleManager: Shutting down and abandoning module VREditor (84)
[2016.11.02-23.55.28:940][261]LogModuleManager: Shutting down and abandoning module GameplayTasksEditor (83)
[2016.11.02-23.55.28:940][261]LogModuleManager: Shutting down and abandoning module PropertyEditor (82)
[2016.11.02-23.55.28:940][261]LogModuleManager: Shutting down and abandoning module BehaviorTreeEditor (81)
[2016.11.02-23.55.28:940][261]LogModuleManager: Shutting down and abandoning module FunctionalTesting (80)
[2016.11.02-23.55.28:940][261]LogModuleManager: Shutting down and abandoning module CollisionAnalyzer (79)
[2016.11.02-23.55.28:940][261]LogModuleManager: Shutting down and abandoning module Sequencer (78)
[2016.11.02-23.55.28:941][261]LogModuleManager: Shutting down and abandoning module WorkspaceMenuStructure (77)
[2016.11.02-23.55.28:941][261]LogModuleManager: Shutting down and abandoning module MessageLog (76)
[2016.11.02-23.55.28:941][261]LogModuleManager: Shutting down and abandoning module AssetTools (75)
[2016.11.02-23.55.28:941][261]LogModuleManager: Shutting down and abandoning module UMGEditor (74)
[2016.11.02-23.55.28:941][261]LogModuleManager: Shutting down and abandoning module UMG (73)
[2016.11.02-23.55.28:941][261]LogModuleManager: Shutting down and abandoning module SlateReflector (72)
[2016.11.02-23.55.28:941][261]LogModuleManager: Shutting down and abandoning module Slate (71)
[2016.11.02-23.55.28:941][261]LogModuleManager: Shutting down and abandoning module EditorStyle (70)
[2016.11.02-23.55.28:947][261]LogModuleManager: Shutting down and abandoning module SourceCodeAccess (69)
[2016.11.02-23.55.28:947][261]LogModuleManager: Shutting down and abandoning module HeadMountedDisplay (68)
[2016.11.02-23.55.28:947][261]LogModuleManager: Shutting down and abandoning module XAudio2 (67)
[2016.11.02-23.55.28:947][261]LogModuleManager: Shutting down and abandoning module Networking (65)
[2016.11.02-23.55.28:947][261]LogModuleManager: Shutting down and abandoning module Core (64)
[2016.11.02-23.55.28:948][261]LogModuleManager: Shutting down and abandoning module DirectoryWatcher (63)
[2016.11.02-23.55.28:949][261]LogModuleManager: Shutting down and abandoning module AssetRegistry (62)
[2016.11.02-23.55.32:252][261]LogModuleManager: Shutting down and abandoning module KismetCompiler (61)
[2016.11.02-23.55.32:252][261]LogModuleManager: Shutting down and abandoning module PhysXFormats (60)
[2016.11.02-23.55.32:252][261]LogModuleManager: Shutting down and abandoning module MeshUtilities (59)
[2016.11.02-23.55.32:252][261]LogModuleManager: Shutting down and abandoning module DerivedDataCache (58)
[2016.11.02-23.55.32:385][261]LogDerivedDataCache: Shutdown
[2016.11.02-23.55.32:385][261]LogModuleManager: Shutting down and abandoning module VulkanShaderFormat (57)
[2016.11.02-23.55.32:385][261]LogModuleManager: Shutting down and abandoning module ShaderFormatOpenGL (56)
[2016.11.02-23.55.32:385][261]LogModuleManager: Shutting down and abandoning module ShaderFormatD3D (55)
[2016.11.02-23.55.32:385][261]LogModuleManager: Shutting down and abandoning module MetalShaderFormat (54)
[2016.11.02-23.55.32:385][261]LogModuleManager: Shutting down and abandoning module TextureFormatUncompressed (53)
[2016.11.02-23.55.32:385][261]LogModuleManager: Shutting down and abandoning module TextureFormatPVR (52)
[2016.11.02-23.55.32:385][261]LogModuleManager: Shutting down and abandoning module TextureFormatIntelISPCTexComp (51)
[2016.11.02-23.55.32:385][261]LogModuleManager: Shutting down and abandoning module TextureFormatDXT (50)
[2016.11.02-23.55.32:385][261]LogModuleManager: Shutting down and abandoning module ImageWrapper (49)
[2016.11.02-23.55.32:385][261]LogModuleManager: Shutting down and abandoning module TextureFormatASTC (48)
[2016.11.02-23.55.32:385][261]LogModuleManager: Shutting down and abandoning module TextureFormatAndroid (47)
[2016.11.02-23.55.32:385][261]LogModuleManager: Shutting down and abandoning module AudioFormatOpus (46)
[2016.11.02-23.55.32:385][261]LogModuleManager: Shutting down and abandoning module AudioFormatOgg (45)
[2016.11.02-23.55.32:385][261]LogModuleManager: Shutting down and abandoning module AudioFormatADPCM (44)
[2016.11.02-23.55.32:385][261]LogModuleManager: Shutting down and abandoning module LinuxTargetPlatform (43)
[2016.11.02-23.55.32:385][261]LogModuleManager: Shutting down and abandoning module LinuxServerTargetPlatform (42)
[2016.11.02-23.55.32:386][261]LogModuleManager: Shutting down and abandoning module LinuxNoEditorTargetPlatform (41)
[2016.11.02-23.55.32:386][261]LogModuleManager: Shutting down and abandoning module TVOSTargetPlatform (40)
[2016.11.02-23.55.32:386][261]LogModuleManager: Shutting down and abandoning module Messaging (39)
[2016.11.02-23.55.32:386][261]LogModuleManager: Shutting down and abandoning module IOSTargetPlatform (38)
[2016.11.02-23.55.32:386][261]LogModuleManager: Shutting down and abandoning module HTML5TargetPlatform (37)
[2016.11.02-23.55.32:386][261]LogModuleManager: Shutting down and abandoning module Android_PVRTCTargetPlatform (36)
[2016.11.02-23.55.32:386][261]LogModuleManager: Shutting down and abandoning module Android_MultiTargetPlatform (35)
[2016.11.02-23.55.32:386][261]LogModuleManager: Shutting down and abandoning module Android_ETC2TargetPlatform (34)
[2016.11.02-23.55.32:386][261]LogModuleManager: Shutting down and abandoning module Android_ETC1TargetPlatform (33)
[2016.11.02-23.55.32:386][261]LogModuleManager: Shutting down and abandoning module Android_DXTTargetPlatform (32)
[2016.11.02-23.55.32:386][261]LogModuleManager: Shutting down and abandoning module Android_ATCTargetPlatform (31)
[2016.11.02-23.55.32:386][261]LogModuleManager: Shutting down and abandoning module Android_ASTCTargetPlatform (30)
[2016.11.02-23.55.32:386][261]LogModuleManager: Shutting down and abandoning module AndroidTargetPlatform (29)
[2016.11.02-23.55.32:386][261]LogModuleManager: Shutting down and abandoning module WindowsTargetPlatform (28)
[2016.11.02-23.55.32:386][261]LogModuleManager: Shutting down and abandoning module WindowsServerTargetPlatform (27)
[2016.11.02-23.55.32:386][261]LogModuleManager: Shutting down and abandoning module WindowsNoEditorTargetPlatform (26)
[2016.11.02-23.55.32:386][261]LogModuleManager: Shutting down and abandoning module WindowsClientTargetPlatform (25)
[2016.11.02-23.55.32:386][261]LogModuleManager: Shutting down and abandoning module AllDesktopTargetPlatform (24)
[2016.11.02-23.55.32:386][261]LogModuleManager: Shutting down and abandoning module TargetPlatform (23)
[2016.11.02-23.55.32:386][261]LogModuleManager: Shutting down and abandoning module InputCore (22)
[2016.11.02-23.55.32:386][261]LogModuleManager: Shutting down and abandoning module Settings (21)
[2016.11.02-23.55.32:386][261]LogModuleManager: Shutting down and abandoning module OnlineSubsystem (19)
[2016.11.02-23.55.32:386][261]LogModuleManager: Shutting down and abandoning module HTTP (18)
[2016.11.02-23.55.36:915][261]LogModuleManager: Shutting down and abandoning module XMPP (17)
[2016.11.02-23.55.36:915][261]LogModuleManager: Shutting down and abandoning module OculusRift (16)
[2016.11.02-23.55.36:915][261]LogModuleManager: Shutting down and abandoning module ExampleDeviceProfileSelector (15)
[2016.11.02-23.55.36:915][261]LogModuleManager: Shutting down and abandoning module TextureCompressor (14)
[2016.11.02-23.55.36:916][261]LogModuleManager: Shutting down and abandoning module ShaderCore (13)
[2016.11.02-23.55.36:916][261]LogModuleManager: Shutting down and abandoning module Landscape (12)
[2016.11.02-23.55.36:916][261]LogModuleManager: Shutting down and abandoning module SlateRHIRenderer (11)
[2016.11.02-23.55.36:917][261]LogModuleManager: Shutting down and abandoning module OpenGLDrv (10)
[2016.11.02-23.55.36:917][261]LogModuleManager: Shutting down and abandoning module D3D11RHI (9)
[2016.11.02-23.55.36:918][261]LogModuleManager: Shutting down and abandoning module AnimGraphRuntime (8)
[2016.11.02-23.55.36:918][261]LogModuleManager: Shutting down and abandoning module Renderer (7)
[2016.11.02-23.55.36:918][261]LogModuleManager: Shutting down and abandoning module Engine (6)
[2016.11.02-23.55.36:918][261]LogModuleManager: Shutting down and abandoning module CoreUObject (5)
[2016.11.02-23.55.36:918][261]LogModuleManager: Shutting down and abandoning module NetworkFile (4)
[2016.11.02-23.55.36:918][261]LogModuleManager: Shutting down and abandoning module StreamingFile (3)
[2016.11.02-23.55.36:918][261]LogModuleManager: Shutting down and abandoning module SandboxFile (2)
[2016.11.02-23.55.36:918][261]LogModuleManager: Shutting down and abandoning module PakFile (1)
[2016.11.02-23.55.36:922][261]LogExit: Exiting.
[2016.11.02-23.55.36:924][261]Log file closed, 11/02/16 19:55:36
