Log file open, 11/26/18 09:53:33
LogInit:Display: Running engine for game: ProjetManoir
LogPlatformFile: Not using cached read wrapper
LogInit:Display: RandInit(-1802591264) SRandInit(-1802591264).
LogTaskGraph: Started task graph with 5 named threads and 12 total threads with 1 sets of task threads.
LogStats: Stats thread started at 0.157086
LogInit: Using libcurl 7.47.1
LogInit:  - built for x86_64-pc-win32
LogInit:  - supports SSL with OpenSSL/1.0.2g
LogInit:  - supports HTTP deflate (compression) using libz 1.2.8
LogInit:  - other features:
LogInit:      CURL_VERSION_SSL
LogInit:      CURL_VERSION_LIBZ
LogInit:      CURL_VERSION_IPV6
LogInit:      CURL_VERSION_ASYNCHDNS
LogInit:      CURL_VERSION_LARGEFILE
LogInit:      CURL_VERSION_IDN
LogInit:  CurlRequestOptions (configurable via config and command line):
LogInit:  - bVerifyPeer = false  - Libcurl will NOT verify peer certificate
LogInit:  - bUseHttpProxy = false  - Libcurl will NOT use HTTP proxy
LogInit:  - bDontReuseConnections = false  - Libcurl will reuse connections
LogInit:  - CertBundlePath = nullptr  - Libcurl will use whatever was configured at build time.
LogInit: Build: ++UE4+Release-4.16-CL-3561208
LogInit: Engine Version: 4.16.3-3561208+++UE4+Release-4.16
LogInit: Compatible Engine Version: 4.16.0-3452394+++UE4+Release-4.16
LogInit: Net CL: 3452394
LogDevObjectVersion: Number of dev versions registered: 16
LogDevObjectVersion:   Dev-Blueprints (B0D832E4-1F89-4F0D-ACCF-7EB736FD4AA2): 9
LogDevObjectVersion:   Dev-Build (E1C64328-A22C-4D53-A36C-8E866417BD8C): 0
LogDevObjectVersion:   Dev-Core (375EC13C-06E4-48FB-B500-84F0262A717E): 2
LogDevObjectVersion:   Dev-Editor (E4B068ED-F494-42E9-A231-DA0B2E46BB41): 17
LogDevObjectVersion:   Dev-Framework (CFFC743F-43B0-4480-9391-14DF171D2073): 23
LogDevObjectVersion:   Dev-Mobile (B02B49B5-BB20-44E9-A304-32B752E40360): 0
LogDevObjectVersion:   Dev-Networking (A4E4105C-59A1-49B5-A7C5-40C4547EDFEE): 0
LogDevObjectVersion:   Dev-Online (39C831C9-5AE6-47DC-9A44-9C173E1C8E7C): 0
LogDevObjectVersion:   Dev-Physics (78F01B33-EBEA-4F98-B9B4-84EACCB95AA2): 0
LogDevObjectVersion:   Dev-Platform (6631380F-2D4D-43E0-8009-CF276956A95A): 0
LogDevObjectVersion:   Dev-Rendering (12F88B9F-8875-4AFC-A67C-D90C383ABD29): 15
LogDevObjectVersion:   Dev-Sequencer (7B5AE74C-D270-4C10-A958-57980B212A5A): 4
LogDevObjectVersion:   Dev-VR (D7296918-1DD6-4BDD-9DE2-64A83CC13884): 0
LogDevObjectVersion:   Dev-LoadTimes (C2A15278-BFE7-4AFE-6C17-90FF531DF755): 1
LogDevObjectVersion:   Private-Geometry (6EACA3D4-40EC-4CC1-B786-8BED09428FC5): 1
LogDevObjectVersion:   Dev-AnimPhys (29E575DD-E0A3-4627-9D10-D276232CDCEA): 3
LogInit: Compiled (64-bit): Jul 28 2017 11:49:47
LogInit: Compiled with Visual C++: 19.00.24215.01
LogInit: Build Configuration: Development
LogInit: Branch Name: ++UE4+Release-4.16
LogInit: Command line:  
LogInit: Base directory: C:/Program Files/Epic Games/UE_4.16/Engine/Binaries/Win64/
LogInit: Installed Engine Build: 1
LogInit: Presizing for max 8388607 objects, including 0 objects not considered by GC, pre-allocating 0 bytes for permanent pool.
LogInit: Object subsystem initialized
[2018.11.26-14.53.34:410][  0]LogInit: Selected Device Profile: [Windows]
[2018.11.26-14.53.34:410][  0]LogInit: Applying CVar settings loaded from the selected device profile: [Windows]
[2018.11.26-14.53.34:437][  0]LogInit: Computer: 329-A4
[2018.11.26-14.53.34:437][  0]LogInit: User: ccote
[2018.11.26-14.53.34:437][  0]LogInit: CPU Page size=4096, Cores=8
[2018.11.26-14.53.34:437][  0]LogInit: High frequency timer resolution =3.314089 MHz
[2018.11.26-14.53.34:438][  0]LogMemory: Memory total: Physical=31.9GB (32GB approx)
[2018.11.26-14.53.34:438][  0]LogMemory: Platform Memory Stats for Windows
[2018.11.26-14.53.34:438][  0]LogMemory: Process Physical Memory: 273.71 MB used, 273.71 MB peak
[2018.11.26-14.53.34:438][  0]LogMemory: Process Virtual Memory: 267.65 MB used, 267.65 MB peak
[2018.11.26-14.53.34:438][  0]LogMemory: Physical Memory: 7658.59 MB used,  25044.63 MB free, 32703.21 MB total
[2018.11.26-14.53.34:438][  0]LogMemory: Virtual Memory: 4782.28 MB used,  25044.63 MB free, 134217728.00 MB total
[2018.11.26-14.53.34:556][  0]LogInit: Using OS detected language (fr-CA).
[2018.11.26-14.53.34:556][  0]LogInit: Using OS detected locale (fr-CA).
[2018.11.26-14.53.34:560][  0]LogTextLocalizationManager: No localization for 'fr-CA' exists, so 'en' will be used for the language.
[2018.11.26-14.53.34:561][  0]LogTextLocalizationManager: No localization for 'fr-CA' exists, so 'en' will be used for the locale.
[2018.11.26-14.53.35:659][  0]LogD3D11RHI: D3D11 adapters:
[2018.11.26-14.53.35:735][  0]LogD3D11RHI:    0. 'NVIDIA GeForce GTX 1060 6GB' (Feature Level 11_0)
[2018.11.26-14.53.35:735][  0]LogD3D11RHI:       6061/0/16351 MB DedicatedVideo/DedicatedSystem/SharedSystem, Outputs:1, VendorId:0x10de
[2018.11.26-14.53.35:739][  0]LogD3D11RHI:    1. 'Microsoft Basic Render Driver' (Feature Level 11_0)
[2018.11.26-14.53.35:739][  0]LogD3D11RHI:       0/0/16351 MB DedicatedVideo/DedicatedSystem/SharedSystem, Outputs:0, VendorId:0x1414
[2018.11.26-14.53.35:739][  0]LogD3D11RHI: Chosen D3D11 Adapter: 0
[2018.11.26-14.53.35:748][  0]LogD3D11RHI: Creating new Direct3DDevice
[2018.11.26-14.53.35:748][  0]LogD3D11RHI:     GPU DeviceId: 0x1c03 (for the marketing name, search the web for "GPU Device Id")
[2018.11.26-14.53.35:748][  0]LogWindows: EnumDisplayDevices:
[2018.11.26-14.53.35:748][  0]LogWindows:    0. 'NVIDIA GeForce GTX 1060 6GB' (P:1 D:1)
[2018.11.26-14.53.35:748][  0]LogWindows:    1. 'NVIDIA GeForce GTX 1060 6GB' (P:0 D:0)
[2018.11.26-14.53.35:748][  0]LogWindows:    2. 'NVIDIA GeForce GTX 1060 6GB' (P:0 D:0)
[2018.11.26-14.53.35:749][  0]LogWindows:    3. 'NVIDIA GeForce GTX 1060 6GB' (P:0 D:0)
[2018.11.26-14.53.35:749][  0]LogWindows: DebugString: GetVideoDriverDetailsInvalid PrimaryIsNotTheChoosenAdapter GetVideoDriverDetailsInvalid PrimaryIsNotTheChoosenAdapter GetVideoDriverDetailsInvalid PrimaryIsNotTheChoosenAdapter GetVideoDriverDetailsInvalid PrimaryIsNotTheChoosenAdapter FoundDriverCount:0 
[2018.11.26-14.53.35:749][  0]LogD3D11RHI:     Adapter Name: NVIDIA GeForce GTX 1060 6GB
[2018.11.26-14.53.35:749][  0]LogD3D11RHI:   Driver Version: Unknown (internal:Unknown, unified:Unknown)
[2018.11.26-14.53.35:749][  0]LogD3D11RHI:      Driver Date: Unknown
[2018.11.26-14.53.35:749][  0]LogRHI: Texture pool is 1361 MB (70% of 1945 MB)
[2018.11.26-14.53.35:793][  0]LogD3D11RHI: Async texture creation enabled
[2018.11.26-14.53.35:803][  0]LogD3D11RHI: GPU Timing Frequency: 1000.000000 (Debug: 2 1)
[2018.11.26-14.53.35:853][  0]LogShaderCompilers: Guid format shader working directory is -42 characters bigger than the processId version (//rd-srvhd2/Enseignement/Utilisateurs/ccote/Home/Documents/Unreal Projects/ProjetManoir/Intermediate/Shaders/WorkingDirectory/13084/).
[2018.11.26-14.53.35:853][  0]LogShaderCompilers: Cleaned the shader compiler working directory 'C:/Users/ccote/AppData/Local/Temp/UnrealShaderWorkingDir/F912626E4FF1EDD2AC00199C536C16EB/'.
[2018.11.26-14.53.35:853][  0]LogShaderCompilers:Display: Using Local Shader Compiler.
[2018.11.26-14.53.37:095][  0]LogTemp:Display: Loaded TP AllDesktopTargetPlatform
[2018.11.26-14.53.37:178][  0]LogTemp:Display: Loaded TP MacClientTargetPlatform
[2018.11.26-14.53.37:263][  0]LogTemp:Display: Loaded TP MacNoEditorTargetPlatform
[2018.11.26-14.53.37:348][  0]LogTemp:Display: Loaded TP MacServerTargetPlatform
[2018.11.26-14.53.37:436][  0]LogTemp:Display: Loaded TP MacTargetPlatform
[2018.11.26-14.53.37:524][  0]LogTemp:Display: Loaded TP WindowsClientTargetPlatform
[2018.11.26-14.53.37:611][  0]LogTemp:Display: Loaded TP WindowsNoEditorTargetPlatform
[2018.11.26-14.53.37:696][  0]LogTemp:Display: Loaded TP WindowsServerTargetPlatform
[2018.11.26-14.53.37:771][  0]LogTemp:Display: Loaded TP WindowsTargetPlatform
[2018.11.26-14.53.37:864][  0]LogTemp:Display: Loaded TP AndroidTargetPlatform
[2018.11.26-14.53.37:951][  0]LogTemp:Display: Loaded TP Android_ASTCTargetPlatform
[2018.11.26-14.53.38:048][  0]LogTemp:Display: Loaded TP Android_ATCTargetPlatform
[2018.11.26-14.53.38:133][  0]LogTemp:Display: Loaded TP Android_DXTTargetPlatform
[2018.11.26-14.53.38:222][  0]LogTemp:Display: Loaded TP Android_ETC1TargetPlatform
[2018.11.26-14.53.38:305][  0]LogTemp:Display: Loaded TP Android_ETC2TargetPlatform
[2018.11.26-14.53.38:477][  0]LogTemp:Display: Loaded TP Android_MultiTargetPlatform
[2018.11.26-14.53.38:477][  0]LogTemp:Display: Loaded TP Android_PVRTCTargetPlatform
[2018.11.26-14.53.38:550][  0]LogTemp:Display: Loaded TP HTML5TargetPlatform
[2018.11.26-14.53.38:709][  0]LogTemp:Display: Loaded TP IOSTargetPlatform
[2018.11.26-14.53.38:767][  0]LogTemp:Display: Loaded TP TVOSTargetPlatform
[2018.11.26-14.53.38:849][  0]LogTemp:Display: Loaded TP LinuxClientTargetPlatform
[2018.11.26-14.53.38:932][  0]LogTemp:Display: Loaded TP LinuxNoEditorTargetPlatform
[2018.11.26-14.53.39:017][  0]LogTemp:Display: Loaded TP LinuxServerTargetPlatform
[2018.11.26-14.53.39:100][  0]LogTemp:Display: Loaded TP LinuxTargetPlatform
[2018.11.26-14.53.39:100][  0]LogTargetPlatformManager:Display: Building Assets For Windows
[2018.11.26-14.53.40:039][  0]LogDerivedDataCache:Display: Max Cache Size: 512 MB
[2018.11.26-14.53.40:124][  0]LogDerivedDataCache: Loaded boot cache 0.09s 90MB C:/Users/ccote/AppData/Local/UnrealEngine/4.16/DerivedDataCache/Boot.ddc.
[2018.11.26-14.53.40:124][  0]LogDerivedDataCache:Display: Loaded Boot cache: C:/Users/ccote/AppData/Local/UnrealEngine/4.16/DerivedDataCache/Boot.ddc
[2018.11.26-14.53.40:125][  0]LogDerivedDataCache: FDerivedDataBackendGraph:  Pak pak cache file //rd-srvhd2/Enseignement/Utilisateurs/ccote/Home/Documents/Unreal Projects/ProjetManoir/DerivedDataCache/DDC.ddp not found, will not use a pak cache.
[2018.11.26-14.53.40:125][  0]LogDerivedDataCache: Unable to find inner node Pak for hierarchical cache Hierarchy.
[2018.11.26-14.53.40:125][  0]LogDerivedDataCache: FDerivedDataBackendGraph:  CompressedPak pak cache file //rd-srvhd2/Enseignement/Utilisateurs/ccote/Home/Documents/Unreal Projects/ProjetManoir/DerivedDataCache/Compressed.ddp not found, will not use a pak cache.
[2018.11.26-14.53.40:125][  0]LogDerivedDataCache: Unable to find inner node CompressedPak for hierarchical cache Hierarchy.
[2018.11.26-14.53.40:151][  0]LogDerivedDataCache:Display: Pak cache opened for reading ../../../Engine/DerivedDataCache/Compressed.ddp.
[2018.11.26-14.53.40:163][  0]LogDerivedDataCache: Using Local data cache path C:/Users/ccote/AppData/Local/UnrealEngine/Common/DerivedDataCache: Writable
[2018.11.26-14.53.40:173][  0]LogMaterial: Verifying Global Shaders for PCD3D_SM5
[2018.11.26-14.53.40:174][  0]LogSlate: Using Freetype 2.6.0
[2018.11.26-14.53.40:175][  0]LogSlate: SlateFontCache - WITH_FREETYPE: 1, WITH_HARFBUZZ: 1
[2018.11.26-14.53.40:175][  0]LogSlate: SlateFontCache - WITH_FREETYPE: 1, WITH_HARFBUZZ: 1
[2018.11.26-14.53.40:612][  0]LogInit: Selected Device Profile: [Windows]
[2018.11.26-14.53.40:732][  0]LogContentStreaming: Texture pool size is 0.00 MB
[2018.11.26-14.53.40:940][  0]LogMeshUtilities: Using QuadricMeshReduction for automatic static mesh reduction
[2018.11.26-14.53.41:026][  0]LogSimplygon: Simplygon DLL not present - disabling.
[2018.11.26-14.53.41:115][  0]LogMeshUtilities: Using SimplygonSwarm for distributed automatic mesh merging
[2018.11.26-14.53.41:115][  0]LogMeshUtilities: No automatic skeletal mesh reduction module available
[2018.11.26-14.53.41:115][  0]LogMeshUtilities: No automatic mesh merging module available
[2018.11.26-14.53.41:942][  0]LogNetVersion: ProjetManoir , NetCL: 3452394, EngineNetVer: 2, GameNetVer: 0 (Checksum: 221314123)
[2018.11.26-14.53.42:028][  0]LogAssetRegistry: FAssetRegistry took 0.0291 seconds to start up
[2018.11.26-14.53.42:169][  0]LogPackageLocalizationCache: Processed 5 localized package path(s) for 1 prioritized culture(s) in 0.085236 seconds
[2018.11.26-14.53.42:176][  0]LogUObjectArray: 34194 objects as part of root set at end of initial load.
[2018.11.26-14.53.42:176][  0]LogUObjectAllocator: 7260416 out of 0 bytes used by permanent object pool.
[2018.11.26-14.53.42:176][  0]LogUObjectArray: CloseDisregardForGC: 0/0 objects in disregard for GC pool
[2018.11.26-14.53.42:302][  0]LogInit: WinSock: version 1.1 (2.2), MaxSocks=32767, MaxUdp=65467
[2018.11.26-14.53.46:301][  0]LogSubstanceCoreModule: Substance [CPU] Engine Loaded, Max Texture Size = 2048
[2018.11.26-14.53.46:356][  0]LogTcpMessaging: Initializing TcpMessaging bridge
[2018.11.26-14.53.46:422][  0]LogUdpMessaging: Initializing bridge on interface 0.0.0.0:0 to multicast group 230.0.0.1:6666.
[2018.11.26-14.53.46:423][  0]LogDirectoryWatcher: A directory notification failed for '//rd-srvhd2/Enseignement/Utilisateurs/ccote/Home/Documents/Unreal Projects/ProjetManoir/Content/' because it was empty or there was a buffer overflow. Attemping another request...
[2018.11.26-14.53.47:341][  0]LogMaterial: Uniform references updated for custom material expression Custom.
[2018.11.26-14.53.48:011][  0]SourceControl: Info Source control is disabled
[2018.11.26-14.53.48:066][  0]SourceControl: Info Source control is disabled
[2018.11.26-14.53.48:159][  0]SourceControl: Info Source control is disabled
[2018.11.26-14.53.48:249][  0]SourceControl: Info Source control is disabled
[2018.11.26-14.53.49:585][  0]LogAndroidPermission: UAndroidPermissionCallbackProxy::GetInstance
[2018.11.26-14.53.49:975][  0]LogHoudiniEngine: Starting the Houdini Engine module.
[2018.11.26-14.53.49:976][  0]LogHoudiniEngine: Loaded libHAPIL.dll from Registry path C:\Program Files\Side Effects Software\Houdini 16.0.671/bin
[2018.11.26-14.53.49:977][  0]LogLinker:Warning: Asset '../../../Engine/Plugins/Runtime/HoudiniEngine/Content/houdini_logo.uasset' has been saved with empty engine version. The asset will be loaded but may be incompatible.
[2018.11.26-14.53.49:980][  0]LogLinker:Warning: Asset '../../../Engine/Plugins/Runtime/HoudiniEngine/Content/houdini_default_material.uasset' has been saved with empty engine version. The asset will be loaded but may be incompatible.
[2018.11.26-14.53.49:987][  0]LogLinker:Warning: Asset '../../../Engine/Plugins/Runtime/HoudiniEngine/Content/houdini_bgeo_import.uasset' has been saved with empty engine version. The asset will be loaded but may be incompatible.
[2018.11.26-14.53.50:067][  0]LogDirectoryWatcher: A directory notification failed for '//rd-srvhd2/Enseignement/Utilisateurs/ccote/Home/Documents/Unreal Projects/ProjetManoir/Content/' because it was empty or there was a buffer overflow. Attemping another request...
[2018.11.26-14.53.50:068][  0]LogDirectoryWatcher: A directory notification failed for '//rd-srvhd2/Enseignement/Utilisateurs/ccote/Home/Documents/Unreal Projects/ProjetManoir/Content/', and we were unable to create a new request.
[2018.11.26-14.53.50:794][  0]LogHoudiniEngine: Successfully intialized the Houdini Engine API module.
[2018.11.26-14.53.51:748][  0]LogEngine: Initializing Engine...
[2018.11.26-14.53.51:749][  0]LogHMD: Failed to initialize OpenVR with code 110
[2018.11.26-14.53.51:937][  0]LogStats: UGameplayTagsManager::ConstructGameplayTagTree: Construct from data asset -  0.000 s
[2018.11.26-14.53.51:938][  0]LogStats: UGameplayTagsManager::ConstructGameplayTagTree: GameplayTagTreeChangedEvent.Broadcast -  0.000 s
[2018.11.26-14.53.52:194][  0]LogAIModule: Creating AISystem for world Untitled
[2018.11.26-14.53.52:212][  0]LogInit: XAudio2 using 'Acer X263W-0 (NVIDIA High Definition Audio)' : 2 channels at 48 kHz using 16 bits per sample (channel mask 0x3)
[2018.11.26-14.53.52:250][  0]LogInit: FAudioDevice initialized.
[2018.11.26-14.53.52:307][  0]LogDerivedDataCache: Saved boot cache 0.06s 90MB C:/Users/ccote/AppData/Local/UnrealEngine/4.16/DerivedDataCache/Boot.ddc.
[2018.11.26-14.53.52:324][  0]LogInit: Texture streaming: Enabled
[2018.11.26-14.53.52:519][  0]LogEngineSessionManager: EngineSessionManager initialized
[2018.11.26-14.53.52:914][  0]LogInit: Transaction tracking system initialized
[2018.11.26-14.53.53:544][  0]BlueprintLog: New page: Editor Load
[2018.11.26-14.53.55:424][  0]LocalizationService: Info Localization service is disabled
[2018.11.26-14.53.56:770][  0]LogConsoleResponse:Display: 
[2018.11.26-14.53.56:941][  0]LogCook:Display: Max memory allowance for cook 16384mb min free memory 0mb
[2018.11.26-14.53.56:941][  0]LogCook:Display: Mobile HDR setting 1
[2018.11.26-14.53.57:930][  0]LogFileCache: Scanning file cache for directory '//rd-srvhd2/Enseignement/Utilisateurs/ccote/Home/Documents/Unreal Projects/ProjetManoir/Content/' took 0.07s
[2018.11.26-14.53.58:136][  0]LogHoudiniEngineEditor: Starting the Houdini Engine Editor module.
[2018.11.26-14.53.58:981][  0]SourceControl: Info Source control is disabled
[2018.11.26-14.53.58:981][  0]Cmd: MAP LOAD FILE="../../../Engine/Content/Maps/Templates/Template_Default.umap" TEMPLATE=1 SHOWPROGRESS=1 FEATURELEVEL=3
[2018.11.26-14.53.58:982][  0]LightingResults: New page: Lighting Build
[2018.11.26-14.53.59:062][  0]MapCheck: New page: Map Check
[2018.11.26-14.53.59:062][  0]LightingResults: New page: Lighting Build
[2018.11.26-14.53.59:302][  0]LogAIModule: Creating AISystem for world Untitled_1
[2018.11.26-14.53.59:303][  0]LogActorComponent: RegisterComponentWithWorld: (/Temp/Untitled_1.Untitled_1:PersistentLevel.WorldSettings_1.StaticMeshComponent0) Trying to register component with IsPendingKill() == true. Aborting.
[2018.11.26-14.53.59:308][  0]LogEditorServer: Finished looking for orphan Actors (0.000 secs)
[2018.11.26-14.53.59:324][  0]Cmd: MAP CHECKDEP NOCLEARLOG
[2018.11.26-14.53.59:394][  0]MapCheck: Info Map check complete: 0 Error(s), 0 Warning(s), took 69.817ms to complete.
[2018.11.26-14.53.59:394][  0]LogFileHelpers: Loading map 'Template_Default' took 0.413
[2018.11.26-14.53.59:563][  0]LogCollectionManager: Loaded 0 collections in 0.003937 seconds
[2018.11.26-14.53.59:687][  0]LogFileCache: Scanning file cache for directory '//rd-srvhd2/Enseignement/Utilisateurs/ccote/Home/Documents/Unreal Projects/ProjetManoir/Saved/Collections/' took 0.01s
[2018.11.26-14.53.59:687][  0]LogFileCache: Scanning file cache for directory '//rd-srvhd2/Enseignement/Utilisateurs/ccote/Home/Documents/Unreal Projects/ProjetManoir/Content/Developers/ccote/Collections/' took 0.01s
[2018.11.26-14.53.59:687][  0]LogFileCache: Scanning file cache for directory '//rd-srvhd2/Enseignement/Utilisateurs/ccote/Home/Documents/Unreal Projects/ProjetManoir/Content/Collections/' took 0.01s
[2018.11.26-14.53.59:687][  0]LogCollectionManager: Rebuilt the GUID cache for 0 collections in 0.000002 seconds
[2018.11.26-14.53.59:700][  0]LogContentBrowser: Native class hierarchy populated in 0.0120 seconds. Added 2376 classes and 504 folders.
[2018.11.26-14.53.59:822][  0]LogContentBrowser: Native class hierarchy updated for 'WidgetCarousel' in 0.0010 seconds. Added 0 classes and 0 folders.
[2018.11.26-14.53.59:895][  0]LogContentBrowser: Native class hierarchy updated for 'AddContentDialog' in 0.0008 seconds. Added 0 classes and 0 folders.
[2018.11.26-14.53.59:978][  0]LogContentBrowser: Native class hierarchy updated for 'SceneOutliner' in 0.0008 seconds. Added 1 classes and 2 folders.
[2018.11.26-14.54.00:037][  0]LogCrashTracker: Crashtracker disabled due to settings.
[2018.11.26-14.54.00:042][  0]LogSlate: Took 0.000374 seconds to synchronously load lazily loaded font '../../../Engine/Content/Slate/Fonts/Roboto-Regular.ttf' (155K)
[2018.11.26-14.54.00:044][  0]LogSlate: Took 0.000326 seconds to synchronously load lazily loaded font '../../../Engine/Content/Slate/Fonts/Roboto-Bold.ttf' (160K)
[2018.11.26-14.54.00:051][  0]LogSlate: Took 0.000389 seconds to synchronously load lazily loaded font '../../../Engine/Content/Editor/Slate/Fonts/FontAwesome.ttf' (139K)
[2018.11.26-14.54.00:166][  0]LogRenderer: Reallocating scene render targets to support 1208x652 NumSamples 1 (Frame:1).
[2018.11.26-14.54.00:391][  0]LogContentBrowser: Native class hierarchy updated for 'HierarchicalLODOutliner' in 0.0010 seconds. Added 1 classes and 2 folders.
[2018.11.26-14.54.00:392][  0]LogLoad: (Engine Initialization) Total time: 29.17 seconds
[2018.11.26-14.54.00:392][  0]LogLoad: (Engine Initialization) Total Blueprint compile time: 0.14 seconds
[2018.11.26-14.54.00:392][  0]LogExternalProfiler: No external profilers were discovered.  External profiling features will not be available.
[2018.11.26-14.54.00:401][  0]LogWindowsTextInputMethodSystem:Display: IME system now deactivated.
[2018.11.26-14.54.00:402][  0]LogOcInput: OculusInput pre-init called
[2018.11.26-14.54.00:402][  0]LogHMD: Starting GearVRController plugin
[2018.11.26-14.54.00:419][  0]LogDirectoryWatcher: A directory notification failed for '//rd-srvhd2/Enseignement/Utilisateurs/ccote/Home/Documents/Unreal Projects/ProjetManoir/Saved/Collections/' because it was empty or there was a buffer overflow. Attemping another request...
[2018.11.26-14.54.00:419][  0]LogDirectoryWatcher: A directory notification failed for '//rd-srvhd2/Enseignement/Utilisateurs/ccote/Home/Documents/Unreal Projects/ProjetManoir/Content/Developers/ccote/Collections/' because it was empty or there was a buffer overflow. Attemping another request...
[2018.11.26-14.54.00:419][  0]LogDirectoryWatcher: A directory notification failed for '//rd-srvhd2/Enseignement/Utilisateurs/ccote/Home/Documents/Unreal Projects/ProjetManoir/Content/Collections/' because it was empty or there was a buffer overflow. Attemping another request...
[2018.11.26-14.54.00:423][  0]LogContentStreaming: Texture pool size now 1000 MB
[2018.11.26-14.54.00:476][  1]LogAssetRegistry: Asset discovery search completed in 18.4707 seconds
[2018.11.26-14.54.00:477][  1]LogCollectionManager: Rebuilt the object cache for 0 collections in 0.000001 seconds (found 0 objects)
[2018.11.26-14.54.00:477][  1]LogCollectionManager: Fixed up redirectors for 0 collections in 0.000023 seconds (updated 0 objects)
[2018.11.26-14.54.00:477][  1]LogDirectoryWatcher: A directory notification failed for '//rd-srvhd2/Enseignement/Utilisateurs/ccote/Home/Documents/Unreal Projects/ProjetManoir/Saved/Collections/' because it was empty or there was a buffer overflow. Attemping another request...
[2018.11.26-14.54.00:478][  1]LogDirectoryWatcher: A directory notification failed for '//rd-srvhd2/Enseignement/Utilisateurs/ccote/Home/Documents/Unreal Projects/ProjetManoir/Saved/Collections/', and we were unable to create a new request.
[2018.11.26-14.54.00:478][  1]LogDirectoryWatcher: A directory notification failed for '//rd-srvhd2/Enseignement/Utilisateurs/ccote/Home/Documents/Unreal Projects/ProjetManoir/Content/Developers/ccote/Collections/' because it was empty or there was a buffer overflow. Attemping another request...
[2018.11.26-14.54.00:478][  1]LogDirectoryWatcher: A directory notification failed for '//rd-srvhd2/Enseignement/Utilisateurs/ccote/Home/Documents/Unreal Projects/ProjetManoir/Content/Developers/ccote/Collections/', and we were unable to create a new request.
[2018.11.26-14.54.00:478][  1]LogDirectoryWatcher: A directory notification failed for '//rd-srvhd2/Enseignement/Utilisateurs/ccote/Home/Documents/Unreal Projects/ProjetManoir/Content/Collections/' because it was empty or there was a buffer overflow. Attemping another request...
[2018.11.26-14.54.00:479][  1]LogDirectoryWatcher: A directory notification failed for '//rd-srvhd2/Enseignement/Utilisateurs/ccote/Home/Documents/Unreal Projects/ProjetManoir/Content/Collections/', and we were unable to create a new request.
[2018.11.26-14.54.01:416][105]LogSlate: Took 0.000388 seconds to synchronously load lazily loaded font '../../../Engine/Content/Slate/Fonts/Roboto-Light.ttf' (159K)
[2018.11.26-14.54.04:466][468]LogSlate: Took 0.000482 seconds to synchronously load lazily loaded font '../../../Engine/Content/Slate/Fonts/Roboto-Light.ttf' (159K)
[2018.11.26-14.54.06:500][609]LogSlate: Took 0.000231 seconds to synchronously load lazily loaded font '../../../Engine/Content/Slate/Fonts/Roboto-Light.ttf' (159K)
[2018.11.26-14.54.06:817][609]LogAIModule: Creating AISystem for world Manoir
[2018.11.26-14.54.06:842][609]Cmd: MAP LOAD FILE="//rd-srvhd2/Enseignement/Utilisateurs/ccote/Home/Documents/Unreal Projects/ProjetManoir/Content/Maps/Manoir.umap" TEMPLATE=0 SHOWPROGRESS=1 FEATURELEVEL=3
[2018.11.26-14.54.06:842][609]LightingResults: New page: Lighting Build
[2018.11.26-14.54.06:843][609]LoadErrors: New page: Loading map: Manoir.umap
[2018.11.26-14.54.06:844][609]MapCheck: New page: Map Check
[2018.11.26-14.54.06:844][609]LightingResults: New page: Lighting Build
[2018.11.26-14.54.06:871][609]LogEditorServer: Finished looking for orphan Actors (0.000 secs)
[2018.11.26-14.54.06:907][609]Cmd: MAP CHECKDEP NOCLEARLOG
[2018.11.26-14.54.06:994][609]MapCheck: Info Map check complete: 0 Error(s), 0 Warning(s), took 87.569ms to complete.
[2018.11.26-14.54.06:994][609]LogFileHelpers: Loading map 'Manoir' took 0.154
[2018.11.26-14.54.10:452][987]LogEditorViewport: Clicking on Actor (LMB): StaticMeshActor (AR-WallTop_7M_3)
[2018.11.26-14.54.17:319][705]LogEditorViewport: Clicking on Actor (LMB): StaticMeshActor (AR-Wall_2M_5)
[2018.11.26-14.54.19:274][913]LogEditorViewport: Clicking on Actor (LMB): StaticMeshActor (AR-WallTop_7M_3)
[2018.11.26-14.54.22:462][252]LogEditorViewport: Clicking on Actor (LMB): StaticMeshActor (AR-Wall_1M_6)
[2018.11.26-14.54.23:225][329]LogEditorViewport: Clicking on Actor (CTRL LMB): StaticMeshActor (AR-Wall_2M_5)
[2018.11.26-14.54.23:748][379]LogEditorViewport: Clicking on Actor (CTRL LMB): StaticMeshActor (AR-Wall_1M_7)
[2018.11.26-14.54.24:157][417]LogEditorViewport: Clicking on Actor (CTRL LMB): StaticMeshActor (AR-Wall_1M_8)
[2018.11.26-14.54.24:611][459]LogEditorViewport: Clicking on Actor (CTRL LMB): StaticMeshActor (AR-Wall_2M_6)
[2018.11.26-14.54.27:985][813]LogEditorViewport: Clicking on Actor (LMB): StaticMeshActor (AR-Wall_2M_6)
[2018.11.26-14.54.32:156][265]LogEditorViewport: Clicking on Actor (CTRL LMB): StaticMeshActor (AR-Wall_1M_6)
[2018.11.26-14.54.32:575][303]LogEditorViewport: Clicking on Actor (CTRL LMB): StaticMeshActor (AR-Wall_2M_5)
[2018.11.26-14.54.32:912][332]LogEditorViewport: Clicking on Actor (CTRL LMB): StaticMeshActor (AR-Wall_1M_7)
[2018.11.26-14.54.33:687][410]LogEditorViewport: Clicking on Actor (CTRL LMB): StaticMeshActor (AR-Wall_1M_8)
[2018.11.26-14.54.37:761][847]LogEditorViewport: Clicking on Actor (LMB): StaticMeshActor (AR-WallTop_7M_3)
[2018.11.26-14.54.51:097][303]LogEditorViewport: Clicking on Actor (LMB): StaticMeshActor (AR-Wall_1M_7)
[2018.11.26-14.54.52:222][420]LogEditorViewport: Clicking on Actor (LMB): StaticMeshActor (AR-Floor_2X2_25)
[2018.11.26-14.54.53:149][513]LogEditorViewport: Clicking on Actor (LMB): StaticMeshActor (AR-WallTop_7M_3)
[2018.11.26-14.54.55:428][749]LogEditorViewport: Clicking on Actor (LMB): StaticMeshActor (AR-Floor_2X2_26)
[2018.11.26-14.54.57:670][981]LogEditorViewport: Clicking on Actor (LMB): StaticMeshActor (AR-WallTop_2M_01)
[2018.11.26-14.54.57:934][  3]LogEditorViewport: Clicking on Actor (LMB): StaticMeshActor (AR-Wall_2M_4)
[2018.11.26-14.54.59:506][164]LogEditorViewport: Clicking on Actor (LMB): StaticMeshActor (AR-WallTop_7M_3)
[2018.11.26-14.54.59:852][195]LogEditorViewport: Clicking on Actor (LMB): StaticMeshActor (AR-Wall_2M_5)
[2018.11.26-14.55.01:818][365]LogEditorViewport: Clicking on Actor (LMB): StaticMeshActor (AR-WallTop_7M_3)
[2018.11.26-14.55.14:411][739]LogEditorViewport: Clicking on Actor (LMB): StaticMeshActor (AR-Floor_2X2_26)
[2018.11.26-14.55.24:851][797]LogEditorViewport: Clicking on Actor (LMB): StaticMeshActor (AR-Wall_1M_6)
[2018.11.26-14.55.25:159][822]LogEditorViewport: Clicking on Actor (LMB): StaticMeshActor (AR-WallCorner_01)
[2018.11.26-14.55.32:010][516]LogEditorViewport: Clicking on Actor (LMB): StaticMeshActor (AR-Door_2)
[2018.11.26-14.55.34:351][727]LogEditorViewport: Clicking on Actor (LMB): StaticMeshActor (AR-DoorFrame_2M_02)
[2018.11.26-14.55.35:481][835]LogEditorViewport: Clicking on Actor (LMB): StaticMeshActor (AR-Door_2)
[2018.11.26-14.55.38:666][143]LogEditorViewport: Clicking on Actor (LMB): StaticMeshActor (AR-Door_01)
[2018.11.26-14.55.52:098][517]LogEditorViewport: Clicking on Actor (LMB): StaticMeshActor (AR-Fireplace_01)
[2018.11.26-14.55.53:007][614]Cmd: DELETE
[2018.11.26-14.55.53:007][614]Cmd: ACTOR DELETE
[2018.11.26-14.55.53:008][614]LogEditorActor: Deleted Actor: StaticMeshActor
[2018.11.26-14.55.53:021][614]LogEditorActor: Deleted 1 Actors (0.013 secs)
[2018.11.26-14.56.04:015][844]Cmd: TRANSACTION UNDO
[2018.11.26-14.56.04:015][844]LogEditorTransaction: Undo Delete Actors
[2018.11.26-14.56.06:768][110]Cmd: TRANSACTION UNDO
[2018.11.26-14.56.06:768][110]LogEditorTransaction: Undo Move Actors
[2018.11.26-14.56.16:893][234]LogEditorViewport: Clicking on Actor (LMB): StaticMeshActor (AR-Floor_2X2_10)
[2018.11.26-14.56.21:578][632]LogEditorViewport: Clicking on Actor (LMB): StaticMeshActor (AR-Door_01)
[2018.11.26-14.56.24:159][876]LogEditorViewport: Clicking on Actor (LMB): StaticMeshActor (AR-WallCornerRound_01)
[2018.11.26-14.56.32:940][745]LogEditorViewport: Clicking on Actor (context menu): StaticMeshActor (AR-WallTop_7M_01)
[2018.11.26-14.56.33:074][749]LogEditorViewport: Clicking on Component (context menu): StaticMeshComponent (StaticMeshComponent0)
[2018.11.26-14.56.38:480][321]LogEditorViewport: Clicking on Actor (LMB): StaticMeshActor (AR-Wall_2M_5)
[2018.11.26-14.56.39:726][416]LogEditorViewport: Clicking on Actor (LMB): StaticMeshActor (AR-Wall_1M_6)
[2018.11.26-14.56.48:897][349]LogEditorViewport: Clicking on Actor (LMB): StaticMeshActor (AR-Wall_2M_5)
[2018.11.26-14.56.53:225][765]LogEditorViewport: Clicking on Actor (LMB): StaticMeshActor (AR-Wall_1M_7)
[2018.11.26-14.56.56:064][ 61]LogEditorViewport: Clicking on Actor (LMB): StaticMeshActor (AR-Wall_2M_6)
[2018.11.26-14.56.59:651][439]LogEditorViewport: Clicking on Actor (LMB): StaticMeshActor (AR-Wall_1M_8)
[2018.11.26-14.57.02:760][765]LogEditorViewport: Clicking on Actor (LMB): StaticMeshActor (AR-Wall_2M_6)
[2018.11.26-14.57.06:322][128]LogEditorViewport: Clicking on Actor (LMB): StaticMeshActor (AR-WallTop_7M_3)
[2018.11.26-14.57.10:640][587]LogEditorViewport: Clicking on Actor (context menu): StaticMeshActor (AR-Exterior01)
[2018.11.26-14.57.11:447][659]LogEditorViewport: Clicking on Actor (LMB): StaticMeshActor (AR-Wall_2M_6)
[2018.11.26-14.57.15:373][ 25]LogEditorViewport: Clicking on Actor (LMB): StaticMeshActor (AR-Floor_2X2_28)
[2018.11.26-14.57.17:077][174]LogEditorViewport: Clicking on Actor (LMB): StaticMeshActor (AR-WallTop_7M_3)
[2018.11.26-14.57.24:472][927]Cmd: DELETE
[2018.11.26-14.57.24:472][927]Cmd: ACTOR DELETE
[2018.11.26-14.57.24:473][927]LogEditorActor: Deleted Actor: StaticMeshActor
[2018.11.26-14.57.24:483][927]LogEditorActor: Deleted 1 Actors (0.011 secs)
[2018.11.26-14.57.26:205][131]LogEditorViewport: Clicking on Actor (LMB): StaticMeshActor (AR-WallTop_2M_01)
[2018.11.26-14.57.27:155][228]Cmd: DELETE
[2018.11.26-14.57.27:155][228]Cmd: ACTOR DELETE
[2018.11.26-14.57.27:156][228]LogEditorActor: Deleted Actor: StaticMeshActor
[2018.11.26-14.57.27:169][228]LogEditorActor: Deleted 1 Actors (0.013 secs)
[2018.11.26-14.57.29:899][528]LogEditorViewport: Clicking on Actor (LMB): StaticMeshActor (AR-Wall_2M_4)
[2018.11.26-14.57.35:029][ 30]Cmd: TRANSACTION UNDO
[2018.11.26-14.57.35:029][ 30]LogEditorTransaction: Undo Move Actors
[2018.11.26-14.57.36:142][141]LogEditorViewport: Clicking on Actor (LMB): StaticMeshActor (AR-Wall_2M_4)
[2018.11.26-14.57.42:965][822]LogEditorViewport: Clicking on Actor (LMB): StaticMeshActor (AR-Wall_2M_2)
[2018.11.26-14.57.44:673][959]LogEditorViewport: Clicking on Actor (LMB): StaticMeshActor (AR-WallTop_7M_01)
[2018.11.26-14.57.46:162][114]Cmd: DELETE
[2018.11.26-14.57.46:162][114]Cmd: ACTOR DELETE
[2018.11.26-14.57.46:163][114]LogEditorActor: Deleted Actor: StaticMeshActor
[2018.11.26-14.57.46:176][114]LogEditorActor: Deleted 1 Actors (0.014 secs)
[2018.11.26-14.57.48:622][377]LogEditorViewport: Clicking on Actor (LMB): StaticMeshActor (AR-Window_4M_01)
[2018.11.26-14.57.54:190][953]LogActorFactory: Actor Factory created Plane
[2018.11.26-14.57.54:445][954]LogActorFactory: Actor Factory created Plane
[2018.11.26-14.58.07:854][360]Cmd: MODE GRID=1
[2018.11.26-14.58.08:732][453]Cmd: MODE SCALEGRID=1
[2018.11.26-14.58.26:085][299]LogEditorViewport: Clicking on Actor (LMB): StaticMeshActor (AR-Floor_2X2_9)
[2018.11.26-14.58.28:143][498]LogEditorViewport: Clicking on Actor (LMB): StaticMeshActor (Plane)
[2018.11.26-14.58.54:096][137]LogEditorViewport: Clicking on Actor (LMB): StaticMeshActor (AR-Wall_2M_5)
[2018.11.26-14.58.54:979][224]LogEditorViewport: Clicking on Actor (LMB): StaticMeshActor (Plane2)
[2018.11.26-14.59.00:339][786]LogEditorViewport: Clicking on Actor (LMB): StaticMeshActor (Plane3)
[2018.11.26-14.59.02:629][ 28]LogEditorViewport: Clicking on Actor (LMB): StaticMeshActor (AR-Wall_2M_4)
[2018.11.26-14.59.07:214][523]LogSlate: Took 0.000303 seconds to synchronously load lazily loaded font '../../../Engine/Content/Editor/Slate/Fonts/Roboto-Italic.ttf' (157K)
[2018.11.26-14.59.12:632][101]Cmd: TRANSACTION UNDO
[2018.11.26-14.59.12:632][101]LogEditorTransaction: Undo Set Actor Visibility
[2018.11.26-14.59.13:350][140]Cmd: TRANSACTION UNDO
[2018.11.26-14.59.13:350][140]LogEditorTransaction: Undo Move Actors
[2018.11.26-14.59.15:524][367]LogEditorViewport: Clicking on Actor (LMB): StaticMeshActor (Plane3)
[2018.11.26-14.59.16:350][449]LogEditorViewport: Clicking on Actor (LMB): StaticMeshActor (Plane3)
[2018.11.26-14.59.19:821][815]LogEditorViewport: Clicking on Actor (LMB): StaticMeshActor (AR-Floor_2X2_17)
[2018.11.26-14.59.35:466][477]LogEditorViewport: Clicking on Actor (LMB): StaticMeshActor (Plane)
[2018.11.26-14.59.42:313][175]LogEditorViewport: Clicking on Actor (LMB): StaticMeshActor (AR-Fireplace_01)
[2018.11.26-14.59.43:098][251]LogEditorViewport: Clicking on Actor (LMB): StaticMeshActor (Plane)
[2018.11.26-15.00.01:864][104]LogMaterial: Missing cached shader map for material FDebugViewModeMaterialProxy Tapestry_MAT_Inst1, compiling. 
[2018.11.26-15.00.02:571][104]TextureStreamingBuild:Display: Compiling optional shaders took 0.711 seconds.
[2018.11.26-15.00.02:976][122]LogMaterial: Missing cached shader map for material Tapestry_MAT, compiling. 
[2018.11.26-15.00.03:073][122]LogMaterial: Missing cached shader map for material Tapestry_MAT, compiling. 
[2018.11.26-15.00.03:087][122]LogMaterial: Missing cached shader map for material Tapestry_MAT, compiling. 
[2018.11.26-15.00.03:128][122]LogMaterial: Missing cached shader map for material FMatExpressionPreview MaterialExpressionTextureSampleParameter2D_0, compiling. 
[2018.11.26-15.00.03:132][122]LogMaterial: Missing cached shader map for material FMatExpressionPreview MaterialExpressionTextureSampleParameter2D_3, compiling. 
[2018.11.26-15.00.03:136][122]LogMaterial: Missing cached shader map for material FMatExpressionPreview MaterialExpressionTextureSampleParameter2D_2, compiling. 
[2018.11.26-15.00.03:141][122]LogMaterial: Missing cached shader map for material FMatExpressionPreview MaterialExpressionTextureSampleParameter2D_1, compiling. 
[2018.11.26-15.00.03:158][122]LogSlate: Took 0.000412 seconds to synchronously load lazily loaded font '../../../Engine/Content/Editor/Slate/Fonts/Roboto-BoldCondensed.ttf' (158K)
[2018.11.26-15.00.04:376][162]MaterialEditorStats: Info Base pass shader: 97 instructions
[2018.11.26-15.00.04:377][162]MaterialEditorStats: Info Vertex shader: 31 instructions
[2018.11.26-15.00.04:377][162]MaterialEditorStats: Info Texture samplers: 5/16
[2018.11.26-15.00.04:377][162]MaterialEditorStats: Info User interpolators: 2/4 Scalars (1/4 Vectors) (TexCoords: 2, Custom: 0)
[2018.11.26-15.01.55:848][388]LogLinker: Can't find file '/Engine/Transient'
[2018.11.26-15.01.55:848][388]LogProperty:Warning: ObjectProperty /Script/Engine.MaterialExpression:Material: unresolved reference to 'PreviewMaterial'"/Engine/Transient.Master_Grey_Rock"''
[2018.11.26-15.01.55:848][388]LogProperty:Warning: ObjectProperty /Script/Engine.ExpressionInput:Expression: unresolved reference to 'MaterialExpressionTextureCoordinate'"MaterialGraphNode_10.MaterialExpressionTextureCoordinate_1"')'
[2018.11.26-15.01.55:848][388]LogProperty:Warning: ObjectProperty /Script/Engine.ExpressionInput:Expression: unresolved reference to 'MaterialExpressionScalarParameter'"MaterialGraphNode_12.MaterialExpressionScalarParameter_4"')'
[2018.11.26-15.01.55:849][388]LogProperty:Warning: ObjectProperty /Script/Engine.MaterialExpression:Material: unresolved reference to 'PreviewMaterial'"/Engine/Transient.Master_Grey_Rock"''
[2018.11.26-15.01.55:849][388]LogProperty:Warning: ObjectProperty /Script/Engine.MaterialExpression:Material: unresolved reference to 'PreviewMaterial'"/Engine/Transient.Master_Grey_Rock"''
[2018.11.26-15.01.55:850][388]LogProperty:Warning: ObjectProperty /Script/Engine.ExpressionInput:Expression: unresolved reference to 'MaterialExpressionMultiply'"MaterialGraphNode_11.MaterialExpressionMultiply_3"')'
[2018.11.26-15.01.55:850][388]LogProperty:Warning: ObjectProperty /Script/Engine.MaterialExpression:Material: unresolved reference to 'PreviewMaterial'"/Engine/Transient.Master_Grey_Rock"''
[2018.11.26-15.01.55:850][388]LogProperty:Warning: ObjectProperty /Script/Engine.ExpressionInput:Expression: unresolved reference to 'MaterialExpressionMultiply'"MaterialGraphNode_11.MaterialExpressionMultiply_3"')'
[2018.11.26-15.01.55:851][388]LogProperty:Warning: ObjectProperty /Script/Engine.MaterialExpression:Material: unresolved reference to 'PreviewMaterial'"/Engine/Transient.Master_Grey_Rock"''
[2018.11.26-15.01.55:851][388]LogProperty:Warning: ObjectProperty /Script/Engine.ExpressionInput:Expression: unresolved reference to 'MaterialExpressionComponentMask'"MaterialGraphNode_13.MaterialExpressionComponentMask_2"')'
[2018.11.26-15.01.55:851][388]LogProperty:Warning: ObjectProperty /Script/Engine.ExpressionInput:Expression: unresolved reference to 'MaterialExpressionScalarParameter'"MaterialGraphNode_19.MaterialExpressionScalarParameter_9"')'
[2018.11.26-15.01.55:852][388]LogProperty:Warning: ObjectProperty /Script/Engine.MaterialExpression:Material: unresolved reference to 'PreviewMaterial'"/Engine/Transient.Master_Grey_Rock"''
[2018.11.26-15.01.55:852][388]LogProperty:Warning: ObjectProperty /Script/Engine.ExpressionInput:Expression: unresolved reference to 'MaterialExpressionComponentMask'"MaterialGraphNode_14.MaterialExpressionComponentMask_3"')'
[2018.11.26-15.01.55:852][388]LogProperty:Warning: ObjectProperty /Script/Engine.ExpressionInput:Expression: unresolved reference to 'MaterialExpressionScalarParameter'"MaterialGraphNode_18.MaterialExpressionScalarParameter_5"')'
[2018.11.26-15.01.55:852][388]LogProperty:Warning: ObjectProperty /Script/Engine.MaterialExpression:Material: unresolved reference to 'PreviewMaterial'"/Engine/Transient.Master_Grey_Rock"''
[2018.11.26-15.01.55:853][388]LogProperty:Warning: ObjectProperty /Script/Engine.ExpressionInput:Expression: unresolved reference to 'MaterialExpressionAdd'"MaterialGraphNode_15.MaterialExpressionAdd_2"')'
[2018.11.26-15.01.55:853][388]LogProperty:Warning: ObjectProperty /Script/Engine.ExpressionInput:Expression: unresolved reference to 'MaterialExpressionAdd'"MaterialGraphNode_16.MaterialExpressionAdd_3"')'
[2018.11.26-15.01.55:853][388]LogProperty:Warning: ObjectProperty /Script/Engine.MaterialExpression:Material: unresolved reference to 'PreviewMaterial'"/Engine/Transient.Master_Grey_Rock"''
[2018.11.26-15.01.55:854][388]LogProperty:Warning: ObjectProperty /Script/Engine.MaterialExpression:Material: unresolved reference to 'PreviewMaterial'"/Engine/Transient.Master_Grey_Rock"''
[2018.11.26-15.01.55:854][388]LogProperty:Warning: ObjectProperty /Script/Engine.MaterialExpression:Material: unresolved reference to 'PreviewMaterial'"/Engine/Transient.Master_Grey_Rock"''
[2018.11.26-15.01.55:855][388]LogProperty:Warning: ObjectProperty /Script/Engine.MaterialExpression:Material: unresolved reference to 'PreviewMaterial'"/Engine/Transient.Master_Grey_Rock"''
[2018.11.26-15.01.58:299][388]LogCrashTracker: 


[2018.11.26-15.01.58:299][388]LogCrashTracker: 


[2018.11.26-15.01.58:299][388]LogWindows:Error: === Critical error: ===
[2018.11.26-15.01.58:299][388]LogWindows:Error: 
[2018.11.26-15.01.58:299][388]LogWindows:Error: Fatal error!
[2018.11.26-15.01.58:299][388]LogWindows:Error: 
[2018.11.26-15.01.58:299][388]LogWindows:Error: Unhandled Exception: EXCEPTION_ACCESS_VIOLATION reading address 0x00000128
[2018.11.26-15.01.58:299][388]LogWindows:Error: 
[2018.11.26-15.01.58:299][388]LogWindows:Error: UE4Editor-UnrealEd.dll!0x00000000AC0D25C4
[2018.11.26-15.01.58:299][388]LogWindows:Error: UE4Editor-UnrealEd.dll!0x00000000AC0BA610
[2018.11.26-15.01.58:299][388]LogWindows:Error: UE4Editor-MaterialEditor.dll!0x00000000F8326E44
[2018.11.26-15.01.58:299][388]LogWindows:Error: UE4Editor-MaterialEditor.dll!0x00000000F8326CBA
[2018.11.26-15.01.58:299][388]LogWindows:Error: UE4Editor-MaterialEditor.dll!0x00000000F82E07D1
[2018.11.26-15.01.58:299][388]LogWindows:Error: UE4Editor-MaterialEditor.dll!0x00000000F82E3A26
[2018.11.26-15.01.58:299][388]LogWindows:Error: UE4Editor-Slate.dll!0x00000000AD83EB50
[2018.11.26-15.01.58:299][388]LogWindows:Error: UE4Editor-Slate.dll!0x00000000AD883D60
[2018.11.26-15.01.58:299][388]LogWindows:Error: UE4Editor-GraphEditor.dll!0x00000000AA27FD7D
[2018.11.26-15.01.58:299][388]LogWindows:Error: UE4Editor-Slate.dll!0x00000000AD829021
[2018.11.26-15.01.58:299][388]LogWindows:Error: UE4Editor-Slate.dll!0x00000000AD7F840E
[2018.11.26-15.01.58:299][388]LogWindows:Error: UE4Editor-Slate.dll!0x00000000AD7FA006
[2018.11.26-15.01.58:299][388]LogWindows:Error: UE4Editor-Slate.dll!0x00000000AD8855AD
[2018.11.26-15.01.58:299][388]LogWindows:Error: UE4Editor-Slate.dll!0x00000000AD876518
[2018.11.26-15.01.58:299][388]LogWindows:Error: UE4Editor-Core.dll!0x00000000B1D1149C
[2018.11.26-15.01.58:299][388]LogWindows:Error: UE4Editor-Core.dll!0x00000000B1CFB7D1
[2018.11.26-15.01.58:299][388]LogWindows:Error: UE4Editor-Core.dll!0x00000000B1D133DB
[2018.11.26-15.01.58:299][388]LogWindows:Error: UE4Editor-Core.dll!0x00000000B1CF7B22
[2018.11.26-15.01.58:299][388]LogWindows:Error: USER32.dll!0x00000000106E6D41
[2018.11.26-15.01.58:299][388]LogWindows:Error: USER32.dll!0x00000000106E6713
[2018.11.26-15.01.58:299][388]LogWindows:Error: UE4Editor-Core.dll!0x00000000B1D13CE6
[2018.11.26-15.01.58:299][388]LogWindows:Error: UE4Editor.exe!0x0000000001C6DB44
[2018.11.26-15.01.58:299][388]LogWindows:Error: UE4Editor.exe!0x0000000001C5F0B0
[2018.11.26-15.01.58:299][388]LogWindows:Error: UE4Editor.exe!0x0000000001C5F12A
[2018.11.26-15.01.58:299][388]LogWindows:Error: UE4Editor.exe!0x0000000001C70CF9
[2018.11.26-15.01.58:299][388]LogWindows:Error: UE4Editor.exe!0x0000000001C725F7
[2018.11.26-15.01.58:299][388]LogWindows:Error: KERNEL32.DLL!0x00000000128B3034
[2018.11.26-15.01.58:299][388]LogWindows:Error: ntdll.dll!0x0000000012F21471
[2018.11.26-15.01.58:299][388]LogWindows:Error: ntdll.dll!0x0000000012F21471
[2018.11.26-15.01.58:299][388]LogWindows:Error: 
[2018.11.26-15.01.58:319][388]LogExit: Executing StaticShutdownAfterError
[2018.11.26-15.01.58:323][388]LogWindows: FPlatformMisc::RequestExit(1)
[2018.11.26-15.01.58:323][388]Log file closed, 11/26/18 10:01:58
